{"numFailedTestSuites":4,"numFailedTests":6,"numPassedTestSuites":10,"numPassedTests":129,"numPendingTestSuites":0,"numPendingTests":0,"numRuntimeErrorTestSuites":3,"numTodoTests":0,"numTotalTestSuites":14,"numTotalTests":135,"openHandles":[],"snapshot":{"added":0,"didUpdate":false,"failure":false,"filesAdded":0,"filesRemoved":0,"filesRemovedList":[],"filesUnmatched":0,"filesUpdated":0,"matched":0,"total":0,"unchecked":0,"uncheckedKeysByFile":[],"unmatched":0,"updated":0},"startTime":1754813677272,"success":false,"testResults":[{"assertionResults":[{"ancestorTitles":["AI Verification Integration","Challenge Context Retrieval"],"duration":35,"failureDetails":[{"matcherResult":{"message":"\u001b[2mexpect(\u001b[22m\u001b[31mreceived\u001b[39m\u001b[2m).\u001b[22mtoBeGreaterThan\u001b[2m(\u001b[22m\u001b[32mexpected\u001b[39m\u001b[2m)\u001b[22m\n\nExpected: > \u001b[32m80\u001b[39m\nReceived:   \u001b[31m67\u001b[39m","pass":false}}],"failureMessages":["Error: \u001b[2mexpect(\u001b[22m\u001b[31mreceived\u001b[39m\u001b[2m).\u001b[22mtoBeGreaterThan\u001b[2m(\u001b[22m\u001b[32mexpected\u001b[39m\u001b[2m)\u001b[22m\n\nExpected: > \u001b[32m80\u001b[39m\nReceived:   \u001b[31m67\u001b[39m\n    at Object.toBeGreaterThan (G:\\Stakr V2\\Stakrv2-1\\tests\\__tests__\\ai-verification-integration.test.ts:80:33)\n    at processTicksAndRejections (node:internal/process/task_queues:95:5)"],"fullName":"AI Verification Integration Challenge Context Retrieval should retrieve and parse challenge analysis data correctly","invocations":1,"location":null,"numPassingAsserts":0,"retryReasons":[],"status":"failed","title":"should retrieve and parse challenge analysis data correctly"},{"ancestorTitles":["AI Verification Integration","Challenge Context Retrieval"],"duration":8,"failureDetails":[{"matcherResult":{"message":"\u001b[2mexpect(\u001b[22m\u001b[31mjest.fn()\u001b[39m\u001b[2m).\u001b[22mtoHaveBeenCalled\u001b[2m()\u001b[22m\n\nExpected number of calls: >= \u001b[32m1\u001b[39m\nReceived number of calls:    \u001b[31m0\u001b[39m","pass":false}}],"failureMessages":["Error: \u001b[2mexpect(\u001b[22m\u001b[31mjest.fn()\u001b[39m\u001b[2m).\u001b[22mtoHaveBeenCalled\u001b[2m()\u001b[22m\n\nExpected number of calls: >= \u001b[32m1\u001b[39m\nReceived number of calls:    \u001b[31m0\u001b[39m\n    at Object.toHaveBeenCalled (G:\\Stakr V2\\Stakrv2-1\\tests\\__tests__\\ai-verification-integration.test.ts:120:45)\n    at processTicksAndRejections (node:internal/process/task_queues:95:5)"],"fullName":"AI Verification Integration Challenge Context Retrieval should handle missing challenge analysis gracefully","invocations":1,"location":null,"numPassingAsserts":1,"retryReasons":[],"status":"failed","title":"should handle missing challenge analysis gracefully"},{"ancestorTitles":["AI Verification Integration","Context-Aware Verification"],"duration":3,"failureDetails":[{}],"failureMessages":["TypeError: Cannot read properties of undefined (reading '0')\n    at Object.<anonymous> (G:\\Stakr V2\\Stakrv2-1\\tests\\__tests__\\ai-verification-integration.test.ts:147:69)\n    at processTicksAndRejections (node:internal/process/task_queues:95:5)"],"fullName":"AI Verification Integration Context-Aware Verification should pass challenge context to Enhanced AI Verification","invocations":1,"location":null,"numPassingAsserts":0,"retryReasons":[],"status":"failed","title":"should pass challenge context to Enhanced AI Verification"},{"ancestorTitles":["AI Verification Integration","Context-Aware Verification"],"duration":3,"failureDetails":[{}],"failureMessages":["TypeError: Cannot read properties of undefined (reading '0')\n    at Object.<anonymous> (G:\\Stakr V2\\Stakrv2-1\\tests\\__tests__\\ai-verification-integration.test.ts:189:69)\n    at processTicksAndRejections (node:internal/process/task_queues:95:5)"],"fullName":"AI Verification Integration Context-Aware Verification should handle different challenge types appropriately","invocations":1,"location":null,"numPassingAsserts":0,"retryReasons":[],"status":"failed","title":"should handle different challenge types appropriately"},{"ancestorTitles":["AI Verification Integration","Verification Outcomes"],"duration":6,"failureDetails":[{"matcherResult":{"actual":"reject","expected":"approve","message":"\u001b[2mexpect(\u001b[22m\u001b[31mreceived\u001b[39m\u001b[2m).\u001b[22mtoBe\u001b[2m(\u001b[22m\u001b[32mexpected\u001b[39m\u001b[2m) // Object.is equality\u001b[22m\n\nExpected: \u001b[32m\"approve\"\u001b[39m\nReceived: \u001b[31m\"reject\"\u001b[39m","name":"toBe","pass":false}}],"failureMessages":["Error: \u001b[2mexpect(\u001b[22m\u001b[31mreceived\u001b[39m\u001b[2m).\u001b[22mtoBe\u001b[2m(\u001b[22m\u001b[32mexpected\u001b[39m\u001b[2m) // Object.is equality\u001b[22m\n\nExpected: \u001b[32m\"approve\"\u001b[39m\nReceived: \u001b[31m\"reject\"\u001b[39m\n    at Object.toBe (G:\\Stakr V2\\Stakrv2-1\\tests\\__tests__\\ai-verification-integration.test.ts:214:29)\n    at processTicksAndRejections (node:internal/process/task_queues:95:5)"],"fullName":"AI Verification Integration Verification Outcomes should return approval with high confidence","invocations":1,"location":null,"numPassingAsserts":0,"retryReasons":[],"status":"failed","title":"should return approval with high confidence"},{"ancestorTitles":["AI Verification Integration","Verification Outcomes"],"duration":4,"failureDetails":[{"matcherResult":{"actual":"reject","expected":"review","message":"\u001b[2mexpect(\u001b[22m\u001b[31mreceived\u001b[39m\u001b[2m).\u001b[22mtoBe\u001b[2m(\u001b[22m\u001b[32mexpected\u001b[39m\u001b[2m) // Object.is equality\u001b[22m\n\nExpected: \u001b[32m\"re\u001b[7mview\u001b[27m\"\u001b[39m\nReceived: \u001b[31m\"re\u001b[7mject\u001b[27m\"\u001b[39m","name":"toBe","pass":false}}],"failureMessages":["Error: \u001b[2mexpect(\u001b[22m\u001b[31mreceived\u001b[39m\u001b[2m).\u001b[22mtoBe\u001b[2m(\u001b[22m\u001b[32mexpected\u001b[39m\u001b[2m) // Object.is equality\u001b[22m\n\nExpected: \u001b[32m\"re\u001b[7mview\u001b[27m\"\u001b[39m\nReceived: \u001b[31m\"re\u001b[7mject\u001b[27m\"\u001b[39m\n    at Object.toBe (G:\\Stakr V2\\Stakrv2-1\\tests\\__tests__\\ai-verification-integration.test.ts:236:29)\n    at processTicksAndRejections (node:internal/process/task_queues:95:5)"],"fullName":"AI Verification Integration Verification Outcomes should return rejection with clear reasoning","invocations":1,"location":null,"numPassingAsserts":0,"retryReasons":[],"status":"failed","title":"should return rejection with clear reasoning"},{"ancestorTitles":["AI Verification Integration","Error Handling"],"duration":3,"failureDetails":[],"failureMessages":[],"fullName":"AI Verification Integration Error Handling should fallback gracefully when Enhanced AI Verification fails","invocations":1,"location":null,"numPassingAsserts":2,"retryReasons":[],"status":"passed","title":"should fallback gracefully when Enhanced AI Verification fails"},{"ancestorTitles":["AI Verification Integration","Error Handling"],"duration":3,"failureDetails":[],"failureMessages":[],"fullName":"AI Verification Integration Error Handling should handle database connection failures","invocations":1,"location":null,"numPassingAsserts":1,"retryReasons":[],"status":"passed","title":"should handle database connection failures"}],"endTime":1754813681281,"message":"\u001b[1m\u001b[31m  \u001b[1m● \u001b[22m\u001b[1mAI Verification Integration › Challenge Context Retrieval › should retrieve and parse challenge analysis data correctly\u001b[39m\u001b[22m\n\n    \u001b[2mexpect(\u001b[22m\u001b[31mreceived\u001b[39m\u001b[2m).\u001b[22mtoBeGreaterThan\u001b[2m(\u001b[22m\u001b[32mexpected\u001b[39m\u001b[2m)\u001b[22m\n\n    Expected: > \u001b[32m80\u001b[39m\n    Received:   \u001b[31m67\u001b[39m\n\u001b[2m\u001b[22m\n\u001b[2m    \u001b[0m \u001b[90m 78 |\u001b[39m       )\u001b[22m\n\u001b[2m     \u001b[90m 79 |\u001b[39m\u001b[22m\n\u001b[2m    \u001b[31m\u001b[1m>\u001b[22m\u001b[2m\u001b[39m\u001b[90m 80 |\u001b[39m       expect(result\u001b[33m.\u001b[39mconfidence)\u001b[33m.\u001b[39mtoBeGreaterThan(\u001b[35m80\u001b[39m)\u001b[22m\n\u001b[2m     \u001b[90m    |\u001b[39m                                 \u001b[31m\u001b[1m^\u001b[22m\u001b[2m\u001b[39m\u001b[22m\n\u001b[2m     \u001b[90m 81 |\u001b[39m       expect(\u001b[33mEnhancedAIVerification\u001b[39m\u001b[33m.\u001b[39mverify)\u001b[33m.\u001b[39mtoHaveBeenCalledWith(\u001b[22m\n\u001b[2m     \u001b[90m 82 |\u001b[39m         expect\u001b[33m.\u001b[39mobjectContaining({\u001b[22m\n\u001b[2m     \u001b[90m 83 |\u001b[39m           aiChallengeAnalysis\u001b[33m:\u001b[39m expect\u001b[33m.\u001b[39mobjectContaining({\u001b[0m\u001b[22m\n\u001b[2m\u001b[22m\n\u001b[2m      \u001b[2mat Object.toBeGreaterThan (\u001b[22m\u001b[2m\u001b[0m\u001b[36mtests/__tests__/ai-verification-integration.test.ts\u001b[39m\u001b[0m\u001b[2m:80:33)\u001b[22m\u001b[2m\u001b[22m\n\n\u001b[1m\u001b[31m  \u001b[1m● \u001b[22m\u001b[1mAI Verification Integration › Challenge Context Retrieval › should handle missing challenge analysis gracefully\u001b[39m\u001b[22m\n\n    \u001b[2mexpect(\u001b[22m\u001b[31mjest.fn()\u001b[39m\u001b[2m).\u001b[22mtoHaveBeenCalled\u001b[2m()\u001b[22m\n\n    Expected number of calls: >= \u001b[32m1\u001b[39m\n    Received number of calls:    \u001b[31m0\u001b[39m\n\u001b[2m\u001b[22m\n\u001b[2m    \u001b[0m \u001b[90m 118 |\u001b[39m       expect(result\u001b[33m.\u001b[39mconfidence)\u001b[33m.\u001b[39mtoBeGreaterThan(\u001b[35m60\u001b[39m)\u001b[22m\n\u001b[2m     \u001b[90m 119 |\u001b[39m       \u001b[90m// Should still call verification but without AI analysis context\u001b[39m\u001b[22m\n\u001b[2m    \u001b[31m\u001b[1m>\u001b[22m\u001b[2m\u001b[39m\u001b[90m 120 |\u001b[39m       expect(\u001b[33mEnhancedAIVerification\u001b[39m\u001b[33m.\u001b[39mverify)\u001b[33m.\u001b[39mtoHaveBeenCalled()\u001b[22m\n\u001b[2m     \u001b[90m     |\u001b[39m                                             \u001b[31m\u001b[1m^\u001b[22m\u001b[2m\u001b[39m\u001b[22m\n\u001b[2m     \u001b[90m 121 |\u001b[39m     })\u001b[22m\n\u001b[2m     \u001b[90m 122 |\u001b[39m   })\u001b[22m\n\u001b[2m     \u001b[90m 123 |\u001b[39m\u001b[0m\u001b[22m\n\u001b[2m\u001b[22m\n\u001b[2m      \u001b[2mat Object.toHaveBeenCalled (\u001b[22m\u001b[2m\u001b[0m\u001b[36mtests/__tests__/ai-verification-integration.test.ts\u001b[39m\u001b[0m\u001b[2m:120:45)\u001b[22m\u001b[2m\u001b[22m\n\n\u001b[1m\u001b[31m  \u001b[1m● \u001b[22m\u001b[1mAI Verification Integration › Context-Aware Verification › should pass challenge context to Enhanced AI Verification\u001b[39m\u001b[22m\n\n    TypeError: Cannot read properties of undefined (reading '0')\n\u001b[2m\u001b[22m\n\u001b[2m    \u001b[0m \u001b[90m 145 |\u001b[39m       )\u001b[22m\n\u001b[2m     \u001b[90m 146 |\u001b[39m\u001b[22m\n\u001b[2m    \u001b[31m\u001b[1m>\u001b[22m\u001b[2m\u001b[39m\u001b[90m 147 |\u001b[39m       \u001b[36mconst\u001b[39m verifyCall \u001b[33m=\u001b[39m \u001b[33mEnhancedAIVerification\u001b[39m\u001b[33m.\u001b[39mverify\u001b[33m.\u001b[39mmock\u001b[33m.\u001b[39mcalls[\u001b[35m0\u001b[39m][\u001b[35m0\u001b[39m]\u001b[22m\n\u001b[2m     \u001b[90m     |\u001b[39m                                                                     \u001b[31m\u001b[1m^\u001b[22m\u001b[2m\u001b[39m\u001b[22m\n\u001b[2m     \u001b[90m 148 |\u001b[39m       \u001b[22m\n\u001b[2m     \u001b[90m 149 |\u001b[39m       expect(verifyCall\u001b[33m.\u001b[39mchallengeText)\u001b[33m.\u001b[39mtoContain(\u001b[32m\"Handstand Walk Challenge\"\u001b[39m)\u001b[22m\n\u001b[2m     \u001b[90m 150 |\u001b[39m       expect(verifyCall\u001b[33m.\u001b[39maiChallengeAnalysis\u001b[33m.\u001b[39mdailyRequirement)\u001b[33m.\u001b[39mtoBe(\u001b[32m\"Walk 10 meters on hands\"\u001b[39m)\u001b[0m\u001b[22m\n\u001b[2m\u001b[22m\n\u001b[2m      \u001b[2mat Object.<anonymous> (\u001b[22m\u001b[2m\u001b[0m\u001b[36mtests/__tests__/ai-verification-integration.test.ts\u001b[39m\u001b[0m\u001b[2m:147:69)\u001b[22m\u001b[2m\u001b[22m\n\n\u001b[1m\u001b[31m  \u001b[1m● \u001b[22m\u001b[1mAI Verification Integration › Context-Aware Verification › should handle different challenge types appropriately\u001b[39m\u001b[22m\n\n    TypeError: Cannot read properties of undefined (reading '0')\n\u001b[2m\u001b[22m\n\u001b[2m    \u001b[0m \u001b[90m 187 |\u001b[39m       )\u001b[22m\n\u001b[2m     \u001b[90m 188 |\u001b[39m\u001b[22m\n\u001b[2m    \u001b[31m\u001b[1m>\u001b[22m\u001b[2m\u001b[39m\u001b[90m 189 |\u001b[39m       \u001b[36mconst\u001b[39m verifyCall \u001b[33m=\u001b[39m \u001b[33mEnhancedAIVerification\u001b[39m\u001b[33m.\u001b[39mverify\u001b[33m.\u001b[39mmock\u001b[33m.\u001b[39mcalls[\u001b[35m0\u001b[39m][\u001b[35m0\u001b[39m]\u001b[22m\n\u001b[2m     \u001b[90m     |\u001b[39m                                                                     \u001b[31m\u001b[1m^\u001b[22m\u001b[2m\u001b[39m\u001b[22m\n\u001b[2m     \u001b[90m 190 |\u001b[39m       expect(verifyCall\u001b[33m.\u001b[39maiChallengeAnalysis\u001b[33m.\u001b[39mvalidationMethod)\u001b[33m.\u001b[39mtoBe(\u001b[32m\"audio_analysis\"\u001b[39m)\u001b[22m\n\u001b[2m     \u001b[90m 191 |\u001b[39m       expect(verifyCall\u001b[33m.\u001b[39maiChallengeAnalysis\u001b[33m.\u001b[39mactivityType)\u001b[33m.\u001b[39mtoContain(\u001b[32m\"music\"\u001b[39m)\u001b[22m\n\u001b[2m     \u001b[90m 192 |\u001b[39m     })\u001b[0m\u001b[22m\n\u001b[2m\u001b[22m\n\u001b[2m      \u001b[2mat Object.<anonymous> (\u001b[22m\u001b[2m\u001b[0m\u001b[36mtests/__tests__/ai-verification-integration.test.ts\u001b[39m\u001b[0m\u001b[2m:189:69)\u001b[22m\u001b[2m\u001b[22m\n\n\u001b[1m\u001b[31m  \u001b[1m● \u001b[22m\u001b[1mAI Verification Integration › Verification Outcomes › should return approval with high confidence\u001b[39m\u001b[22m\n\n    \u001b[2mexpect(\u001b[22m\u001b[31mreceived\u001b[39m\u001b[2m).\u001b[22mtoBe\u001b[2m(\u001b[22m\u001b[32mexpected\u001b[39m\u001b[2m) // Object.is equality\u001b[22m\n\n    Expected: \u001b[32m\"approve\"\u001b[39m\n    Received: \u001b[31m\"reject\"\u001b[39m\n\u001b[2m\u001b[22m\n\u001b[2m    \u001b[0m \u001b[90m 212 |\u001b[39m       )\u001b[22m\n\u001b[2m     \u001b[90m 213 |\u001b[39m\u001b[22m\n\u001b[2m    \u001b[31m\u001b[1m>\u001b[22m\u001b[2m\u001b[39m\u001b[90m 214 |\u001b[39m       expect(result\u001b[33m.\u001b[39maction)\u001b[33m.\u001b[39mtoBe(\u001b[32m'approve'\u001b[39m)\u001b[22m\n\u001b[2m     \u001b[90m     |\u001b[39m                             \u001b[31m\u001b[1m^\u001b[22m\u001b[2m\u001b[39m\u001b[22m\n\u001b[2m     \u001b[90m 215 |\u001b[39m       expect(result\u001b[33m.\u001b[39mconfidence)\u001b[33m.\u001b[39mtoBeGreaterThan(\u001b[35m90\u001b[39m)\u001b[22m\n\u001b[2m     \u001b[90m 216 |\u001b[39m     })\u001b[22m\n\u001b[2m     \u001b[90m 217 |\u001b[39m\u001b[0m\u001b[22m\n\u001b[2m\u001b[22m\n\u001b[2m      \u001b[2mat Object.toBe (\u001b[22m\u001b[2m\u001b[0m\u001b[36mtests/__tests__/ai-verification-integration.test.ts\u001b[39m\u001b[0m\u001b[2m:214:29)\u001b[22m\u001b[2m\u001b[22m\n\n\u001b[1m\u001b[31m  \u001b[1m● \u001b[22m\u001b[1mAI Verification Integration › Verification Outcomes › should return rejection with clear reasoning\u001b[39m\u001b[22m\n\n    \u001b[2mexpect(\u001b[22m\u001b[31mreceived\u001b[39m\u001b[2m).\u001b[22mtoBe\u001b[2m(\u001b[22m\u001b[32mexpected\u001b[39m\u001b[2m) // Object.is equality\u001b[22m\n\n    Expected: \u001b[32m\"re\u001b[7mview\u001b[27m\"\u001b[39m\n    Received: \u001b[31m\"re\u001b[7mject\u001b[27m\"\u001b[39m\n\u001b[2m\u001b[22m\n\u001b[2m    \u001b[0m \u001b[90m 234 |\u001b[39m       )\u001b[22m\n\u001b[2m     \u001b[90m 235 |\u001b[39m\u001b[22m\n\u001b[2m    \u001b[31m\u001b[1m>\u001b[22m\u001b[2m\u001b[39m\u001b[90m 236 |\u001b[39m       expect(result\u001b[33m.\u001b[39maction)\u001b[33m.\u001b[39mtoBe(\u001b[32m'review'\u001b[39m) \u001b[90m// Should go to human review\u001b[39m\u001b[22m\n\u001b[2m     \u001b[90m     |\u001b[39m                             \u001b[31m\u001b[1m^\u001b[22m\u001b[2m\u001b[39m\u001b[22m\n\u001b[2m     \u001b[90m 237 |\u001b[39m       expect(result\u001b[33m.\u001b[39mlayerResults)\u001b[33m.\u001b[39mtoBeDefined()\u001b[22m\n\u001b[2m     \u001b[90m 238 |\u001b[39m     })\u001b[22m\n\u001b[2m     \u001b[90m 239 |\u001b[39m   })\u001b[0m\u001b[22m\n\u001b[2m\u001b[22m\n\u001b[2m      \u001b[2mat Object.toBe (\u001b[22m\u001b[2m\u001b[0m\u001b[36mtests/__tests__/ai-verification-integration.test.ts\u001b[39m\u001b[0m\u001b[2m:236:29)\u001b[22m\u001b[2m\u001b[22m\n","name":"G:\\Stakr V2\\Stakrv2-1\\tests\\__tests__\\ai-verification-integration.test.ts","startTime":1754813679835,"status":"failed","summary":""},{"assertionResults":[{"ancestorTitles":["API Endpoints","Authentication Endpoints"],"duration":11,"failureDetails":[],"failureMessages":[],"fullName":"API Endpoints Authentication Endpoints should handle user registration","invocations":1,"location":null,"numPassingAsserts":2,"retryReasons":[],"status":"passed","title":"should handle user registration"},{"ancestorTitles":["API Endpoints","Authentication Endpoints"],"duration":0,"failureDetails":[],"failureMessages":[],"fullName":"API Endpoints Authentication Endpoints should handle password reset request","invocations":1,"location":null,"numPassingAsserts":1,"retryReasons":[],"status":"passed","title":"should handle password reset request"},{"ancestorTitles":["API Endpoints","Authentication Endpoints"],"duration":0,"failureDetails":[],"failureMessages":[],"fullName":"API Endpoints Authentication Endpoints should handle email verification","invocations":1,"location":null,"numPassingAsserts":1,"retryReasons":[],"status":"passed","title":"should handle email verification"},{"ancestorTitles":["API Endpoints","User Profile Endpoints"],"duration":1,"failureDetails":[],"failureMessages":[],"fullName":"API Endpoints User Profile Endpoints should update user profile","invocations":1,"location":null,"numPassingAsserts":2,"retryReasons":[],"status":"passed","title":"should update user profile"},{"ancestorTitles":["API Endpoints","User Profile Endpoints"],"duration":1,"failureDetails":[],"failureMessages":[],"fullName":"API Endpoints User Profile Endpoints should get user dashboard data","invocations":1,"location":null,"numPassingAsserts":3,"retryReasons":[],"status":"passed","title":"should get user dashboard data"},{"ancestorTitles":["API Endpoints","File Upload Endpoints"],"duration":0,"failureDetails":[],"failureMessages":[],"fullName":"API Endpoints File Upload Endpoints should generate presigned URL for file upload","invocations":1,"location":null,"numPassingAsserts":3,"retryReasons":[],"status":"passed","title":"should generate presigned URL for file upload"},{"ancestorTitles":["API Endpoints","File Upload Endpoints"],"duration":0,"failureDetails":[],"failureMessages":[],"fullName":"API Endpoints File Upload Endpoints should confirm file upload","invocations":1,"location":null,"numPassingAsserts":1,"retryReasons":[],"status":"passed","title":"should confirm file upload"},{"ancestorTitles":["API Endpoints","Challenge Endpoints"],"duration":1,"failureDetails":[],"failureMessages":[],"fullName":"API Endpoints Challenge Endpoints should get all challenges","invocations":1,"location":null,"numPassingAsserts":3,"retryReasons":[],"status":"passed","title":"should get all challenges"},{"ancestorTitles":["API Endpoints","Challenge Endpoints"],"duration":0,"failureDetails":[],"failureMessages":[],"fullName":"API Endpoints Challenge Endpoints should get specific challenge details","invocations":1,"location":null,"numPassingAsserts":3,"retryReasons":[],"status":"passed","title":"should get specific challenge details"},{"ancestorTitles":["API Endpoints","Challenge Endpoints"],"duration":1,"failureDetails":[],"failureMessages":[],"fullName":"API Endpoints Challenge Endpoints should get challenge participants","invocations":1,"location":null,"numPassingAsserts":2,"retryReasons":[],"status":"passed","title":"should get challenge participants"},{"ancestorTitles":["API Endpoints","Social Endpoints"],"duration":1,"failureDetails":[],"failureMessages":[],"fullName":"API Endpoints Social Endpoints should get social feed","invocations":1,"location":null,"numPassingAsserts":3,"retryReasons":[],"status":"passed","title":"should get social feed"},{"ancestorTitles":["API Endpoints","Social Endpoints"],"duration":0,"failureDetails":[],"failureMessages":[],"fullName":"API Endpoints Social Endpoints should handle user following","invocations":1,"location":null,"numPassingAsserts":1,"retryReasons":[],"status":"passed","title":"should handle user following"},{"ancestorTitles":["API Endpoints","Social Endpoints"],"duration":1,"failureDetails":[],"failureMessages":[],"fullName":"API Endpoints Social Endpoints should get leaderboard data","invocations":1,"location":null,"numPassingAsserts":3,"retryReasons":[],"status":"passed","title":"should get leaderboard data"},{"ancestorTitles":["API Endpoints","Admin Endpoints"],"duration":0,"failureDetails":[],"failureMessages":[],"fullName":"API Endpoints Admin Endpoints should get admin analytics","invocations":1,"location":null,"numPassingAsserts":3,"retryReasons":[],"status":"passed","title":"should get admin analytics"},{"ancestorTitles":["API Endpoints","Admin Endpoints"],"duration":0,"failureDetails":[],"failureMessages":[],"fullName":"API Endpoints Admin Endpoints should get user management data","invocations":1,"location":null,"numPassingAsserts":2,"retryReasons":[],"status":"passed","title":"should get user management data"},{"ancestorTitles":["API Endpoints","Admin Endpoints"],"duration":0,"failureDetails":[],"failureMessages":[],"fullName":"API Endpoints Admin Endpoints should handle content moderation","invocations":1,"location":null,"numPassingAsserts":1,"retryReasons":[],"status":"passed","title":"should handle content moderation"},{"ancestorTitles":["API Endpoints","Error Handling"],"duration":1,"failureDetails":[],"failureMessages":[],"fullName":"API Endpoints Error Handling should handle 404 errors gracefully","invocations":1,"location":null,"numPassingAsserts":1,"retryReasons":[],"status":"passed","title":"should handle 404 errors gracefully"},{"ancestorTitles":["API Endpoints","Error Handling"],"duration":0,"failureDetails":[],"failureMessages":[],"fullName":"API Endpoints Error Handling should handle 500 server errors","invocations":1,"location":null,"numPassingAsserts":1,"retryReasons":[],"status":"passed","title":"should handle 500 server errors"},{"ancestorTitles":["API Endpoints","Error Handling"],"duration":1,"failureDetails":[],"failureMessages":[],"fullName":"API Endpoints Error Handling should handle network errors","invocations":1,"location":null,"numPassingAsserts":2,"retryReasons":[],"status":"passed","title":"should handle network errors"},{"ancestorTitles":["API Endpoints","Error Handling"],"duration":0,"failureDetails":[],"failureMessages":[],"fullName":"API Endpoints Error Handling should handle malformed JSON responses","invocations":1,"location":null,"numPassingAsserts":2,"retryReasons":[],"status":"passed","title":"should handle malformed JSON responses"},{"ancestorTitles":["API Endpoints","Rate Limiting"],"duration":1,"failureDetails":[],"failureMessages":[],"fullName":"API Endpoints Rate Limiting should handle rate limit exceeded","invocations":1,"location":null,"numPassingAsserts":2,"retryReasons":[],"status":"passed","title":"should handle rate limit exceeded"},{"ancestorTitles":["API Endpoints","Authentication Requirements"],"duration":0,"failureDetails":[],"failureMessages":[],"fullName":"API Endpoints Authentication Requirements should require authentication for protected endpoints","invocations":1,"location":null,"numPassingAsserts":1,"retryReasons":[],"status":"passed","title":"should require authentication for protected endpoints"},{"ancestorTitles":["API Endpoints","Authentication Requirements"],"duration":1,"failureDetails":[],"failureMessages":[],"fullName":"API Endpoints Authentication Requirements should require admin privileges for admin endpoints","invocations":1,"location":null,"numPassingAsserts":1,"retryReasons":[],"status":"passed","title":"should require admin privileges for admin endpoints"}],"endTime":1754813681427,"message":"","name":"G:\\Stakr V2\\Stakrv2-1\\tests\\__tests__\\api-endpoints.test.ts","startTime":1754813679883,"status":"passed","summary":""},{"assertionResults":[],"coverage":{},"endTime":1754813685085,"message":"  \u001b[1m● \u001b[22mTest suite failed to run\n\n    \u001b[31m\u001b[1mConfiguration error\u001b[22m:\u001b[39m\n    \u001b[31m\u001b[39m\n    \u001b[31mCould not locate module \u001b[1m@/lib/openai-client\u001b[22m mapped as:\u001b[39m\n    \u001b[31m\u001b[1mG:\\Stakr V2\\Stakrv2-1\\$1\u001b[22m.\u001b[39m\n    \u001b[31m\u001b[39m\n    \u001b[31mPlease check your configuration for these entries:\u001b[39m\n    \u001b[31m{\u001b[39m\n    \u001b[31m  \"moduleNameMapper\": {\u001b[39m\n    \u001b[31m    \"/^@\\/(.*)$/\": \"\u001b[1mG:\\Stakr V2\\Stakrv2-1\\$1\u001b[22m\"\u001b[39m\n    \u001b[31m  },\u001b[39m\n    \u001b[31m  \"resolver\": \u001b[1mundefined\u001b[22m\u001b[39m\n    \u001b[31m}\u001b[39m\n\n    \u001b[0m \u001b[90m  7 |\u001b[39m\n     \u001b[90m  8 |\u001b[39m \u001b[90m// Mock OpenAI\u001b[39m\n    \u001b[31m\u001b[1m>\u001b[22m\u001b[39m\u001b[90m  9 |\u001b[39m jest\u001b[33m.\u001b[39mmock(\u001b[32m'@/lib/openai-client'\u001b[39m\u001b[33m,\u001b[39m () \u001b[33m=>\u001b[39m ({\n     \u001b[90m    |\u001b[39m      \u001b[31m\u001b[1m^\u001b[22m\u001b[39m\n     \u001b[90m 10 |\u001b[39m   openai\u001b[33m:\u001b[39m {\n     \u001b[90m 11 |\u001b[39m     chat\u001b[33m:\u001b[39m {\n     \u001b[90m 12 |\u001b[39m       completions\u001b[33m:\u001b[39m {\u001b[0m\n\n      \u001b[2mat createNoMappedModuleFoundError (\u001b[22mnode_modules/.pnpm/jest-resolve@29.7.0/node_modules/jest-resolve/build/resolver.js\u001b[2m:759:17)\u001b[22m\n      \u001b[2mat Object.mock (\u001b[22m\u001b[0m\u001b[36mtests/__tests__/ai-challenge-analyzer.test.ts\u001b[39m\u001b[0m\u001b[2m:9:6)\u001b[22m\n","name":"G:\\Stakr V2\\Stakrv2-1\\tests\\__tests__\\ai-challenge-analyzer.test.ts","startTime":1754813685085,"status":"failed","summary":""},{"assertionResults":[{"ancestorTitles":["Basic Test Suite"],"duration":11,"failureDetails":[],"failureMessages":[],"fullName":"Basic Test Suite should pass a basic test","invocations":1,"location":null,"numPassingAsserts":1,"retryReasons":[],"status":"passed","title":"should pass a basic test"},{"ancestorTitles":["Basic Test Suite"],"duration":0,"failureDetails":[],"failureMessages":[],"fullName":"Basic Test Suite should handle basic math operations","invocations":1,"location":null,"numPassingAsserts":3,"retryReasons":[],"status":"passed","title":"should handle basic math operations"},{"ancestorTitles":["Basic Test Suite"],"duration":1,"failureDetails":[],"failureMessages":[],"fullName":"Basic Test Suite should work with strings","invocations":1,"location":null,"numPassingAsserts":2,"retryReasons":[],"status":"passed","title":"should work with strings"},{"ancestorTitles":["Basic Test Suite"],"duration":1,"failureDetails":[],"failureMessages":[],"fullName":"Basic Test Suite should work with arrays","invocations":1,"location":null,"numPassingAsserts":3,"retryReasons":[],"status":"passed","title":"should work with arrays"},{"ancestorTitles":["Basic Test Suite"],"duration":1,"failureDetails":[],"failureMessages":[],"fullName":"Basic Test Suite should work with objects","invocations":1,"location":null,"numPassingAsserts":3,"retryReasons":[],"status":"passed","title":"should work with objects"}],"endTime":1754813681670,"message":"","name":"G:\\Stakr V2\\Stakrv2-1\\tests\\__tests__\\basic.test.ts","startTime":1754813679953,"status":"passed","summary":""},{"assertionResults":[{"ancestorTitles":["Authentication System","Session Management"],"duration":33,"failureDetails":[],"failureMessages":[],"fullName":"Authentication System Session Management should handle authenticated session correctly","invocations":1,"location":null,"numPassingAsserts":1,"retryReasons":[],"status":"passed","title":"should handle authenticated session correctly"},{"ancestorTitles":["Authentication System","Session Management"],"duration":5,"failureDetails":[],"failureMessages":[],"fullName":"Authentication System Session Management should handle unauthenticated session correctly","invocations":1,"location":null,"numPassingAsserts":1,"retryReasons":[],"status":"passed","title":"should handle unauthenticated session correctly"},{"ancestorTitles":["Authentication System","Session Management"],"duration":9,"failureDetails":[],"failureMessages":[],"fullName":"Authentication System Session Management should display user information when authenticated","invocations":1,"location":null,"numPassingAsserts":2,"retryReasons":[],"status":"passed","title":"should display user information when authenticated"},{"ancestorTitles":["Authentication System","Login Functionality"],"duration":11,"failureDetails":[],"failureMessages":[],"fullName":"Authentication System Login Functionality should call signIn with correct parameters","invocations":1,"location":null,"numPassingAsserts":1,"retryReasons":[],"status":"passed","title":"should call signIn with correct parameters"},{"ancestorTitles":["Authentication System","Login Functionality"],"duration":5,"failureDetails":[],"failureMessages":[],"fullName":"Authentication System Login Functionality should handle login errors","invocations":1,"location":null,"numPassingAsserts":1,"retryReasons":[],"status":"passed","title":"should handle login errors"},{"ancestorTitles":["Authentication System","Logout Functionality"],"duration":3,"failureDetails":[],"failureMessages":[],"fullName":"Authentication System Logout Functionality should call signOut when logout is triggered","invocations":1,"location":null,"numPassingAsserts":1,"retryReasons":[],"status":"passed","title":"should call signOut when logout is triggered"},{"ancestorTitles":["Authentication System","OAuth Authentication"],"duration":12,"failureDetails":[],"failureMessages":[],"fullName":"Authentication System OAuth Authentication should handle Google OAuth sign in","invocations":1,"location":null,"numPassingAsserts":1,"retryReasons":[],"status":"passed","title":"should handle Google OAuth sign in"},{"ancestorTitles":["Authentication System","OAuth Authentication"],"duration":4,"failureDetails":[],"failureMessages":[],"fullName":"Authentication System OAuth Authentication should handle OAuth callback with user data","invocations":1,"location":null,"numPassingAsserts":2,"retryReasons":[],"status":"passed","title":"should handle OAuth callback with user data"},{"ancestorTitles":["Authentication System","Dev Access Control"],"duration":4,"failureDetails":[],"failureMessages":[],"fullName":"Authentication System Dev Access Control should show dev access for users with dev privileges","invocations":1,"location":null,"numPassingAsserts":1,"retryReasons":[],"status":"passed","title":"should show dev access for users with dev privileges"},{"ancestorTitles":["Authentication System","Dev Access Control"],"duration":3,"failureDetails":[],"failureMessages":[],"fullName":"Authentication System Dev Access Control should hide dev access for regular users","invocations":1,"location":null,"numPassingAsserts":1,"retryReasons":[],"status":"passed","title":"should hide dev access for regular users"}],"endTime":1754813681675,"message":"","name":"G:\\Stakr V2\\Stakrv2-1\\tests\\__tests__\\auth.test.tsx","startTime":1754813679856,"status":"passed","summary":""},{"assertionResults":[{"ancestorTitles":["API Basic Tests","Authentication Endpoints"],"duration":11,"failureDetails":[],"failureMessages":[],"fullName":"API Basic Tests Authentication Endpoints should handle user registration","invocations":1,"location":null,"numPassingAsserts":2,"retryReasons":[],"status":"passed","title":"should handle user registration"},{"ancestorTitles":["API Basic Tests","Authentication Endpoints"],"duration":1,"failureDetails":[],"failureMessages":[],"fullName":"API Basic Tests Authentication Endpoints should handle password reset request","invocations":1,"location":null,"numPassingAsserts":1,"retryReasons":[],"status":"passed","title":"should handle password reset request"},{"ancestorTitles":["API Basic Tests","User Profile Endpoints"],"duration":1,"failureDetails":[],"failureMessages":[],"fullName":"API Basic Tests User Profile Endpoints should update user profile","invocations":1,"location":null,"numPassingAsserts":2,"retryReasons":[],"status":"passed","title":"should update user profile"},{"ancestorTitles":["API Basic Tests","User Profile Endpoints"],"duration":2,"failureDetails":[],"failureMessages":[],"fullName":"API Basic Tests User Profile Endpoints should get user dashboard data","invocations":1,"location":null,"numPassingAsserts":3,"retryReasons":[],"status":"passed","title":"should get user dashboard data"},{"ancestorTitles":["API Basic Tests","Challenge Endpoints"],"duration":1,"failureDetails":[],"failureMessages":[],"fullName":"API Basic Tests Challenge Endpoints should get all challenges","invocations":1,"location":null,"numPassingAsserts":3,"retryReasons":[],"status":"passed","title":"should get all challenges"},{"ancestorTitles":["API Basic Tests","Challenge Endpoints"],"duration":1,"failureDetails":[],"failureMessages":[],"fullName":"API Basic Tests Challenge Endpoints should get specific challenge details","invocations":1,"location":null,"numPassingAsserts":3,"retryReasons":[],"status":"passed","title":"should get specific challenge details"},{"ancestorTitles":["API Basic Tests","Error Handling"],"duration":0,"failureDetails":[],"failureMessages":[],"fullName":"API Basic Tests Error Handling should handle 404 errors gracefully","invocations":1,"location":null,"numPassingAsserts":1,"retryReasons":[],"status":"passed","title":"should handle 404 errors gracefully"},{"ancestorTitles":["API Basic Tests","Error Handling"],"duration":0,"failureDetails":[],"failureMessages":[],"fullName":"API Basic Tests Error Handling should handle 500 server errors","invocations":1,"location":null,"numPassingAsserts":1,"retryReasons":[],"status":"passed","title":"should handle 500 server errors"},{"ancestorTitles":["API Basic Tests","Error Handling"],"duration":1,"failureDetails":[],"failureMessages":[],"fullName":"API Basic Tests Error Handling should handle network errors","invocations":1,"location":null,"numPassingAsserts":2,"retryReasons":[],"status":"passed","title":"should handle network errors"}],"endTime":1754813681676,"message":"","name":"G:\\Stakr V2\\Stakrv2-1\\tests\\__tests__\\api-basic.test.ts","startTime":1754813679957,"status":"passed","summary":""},{"assertionResults":[],"coverage":{},"endTime":1754813685085,"message":"  \u001b[1m● \u001b[22mTest suite failed to run\n\n    ReferenceError: Request is not defined\n\n    \u001b[0m \u001b[90m 4 |\u001b[39m \u001b[90m// Mock AWS SDK\u001b[39m\n     \u001b[90m 5 |\u001b[39m \u001b[36mconst\u001b[39m mockGetObject \u001b[33m=\u001b[39m jest\u001b[33m.\u001b[39mfn()\n    \u001b[31m\u001b[1m>\u001b[22m\u001b[39m\u001b[90m 6 |\u001b[39m jest\u001b[33m.\u001b[39mmock(\u001b[32m'@aws-sdk/client-s3'\u001b[39m\u001b[33m,\u001b[39m () \u001b[33m=>\u001b[39m ({\n     \u001b[90m   |\u001b[39m                 \u001b[31m\u001b[1m^\u001b[22m\u001b[39m\n     \u001b[90m 7 |\u001b[39m   \u001b[33mS3Client\u001b[39m\u001b[33m:\u001b[39m jest\u001b[33m.\u001b[39mfn()\u001b[33m.\u001b[39mmockImplementation(() \u001b[33m=>\u001b[39m ({\n     \u001b[90m 8 |\u001b[39m     send\u001b[33m:\u001b[39m mockGetObject\n     \u001b[90m 9 |\u001b[39m   }))\u001b[33m,\u001b[39m\u001b[0m\n\n      \u001b[2mat Object.Request (\u001b[22mnode_modules/.pnpm/next@15.2.4_@babel+core@7.2_eb0f1c3a65330f5fe85f6971768628af/node_modules/next/src/server/web/spec-extension/request.ts\u001b[2m:14:34)\u001b[22m\n      \u001b[2mat Object.<anonymous> (\u001b[22mnode_modules/.pnpm/next@15.2.4_@babel+core@7.2_eb0f1c3a65330f5fe85f6971768628af/node_modules/next/server.js\u001b[2m:2:16)\u001b[22m\n      \u001b[2mat Object.<anonymous> (\u001b[22m\u001b[0m\u001b[36mtests/__tests__/image-proxy-api.test.ts\u001b[39m\u001b[0m\u001b[2m:6:17)\u001b[22m\n","name":"G:\\Stakr V2\\Stakrv2-1\\tests\\__tests__\\image-proxy-api.test.ts","startTime":1754813685085,"status":"failed","summary":""},{"assertionResults":[],"coverage":{},"endTime":1754813685085,"message":"  \u001b[1m● \u001b[22mTest suite failed to run\n\n    ReferenceError: Request is not defined\n\n    \u001b[0m \u001b[90m 4 |\u001b[39m \u001b[90m// Mock the database connection\u001b[39m\n     \u001b[90m 5 |\u001b[39m \u001b[36mconst\u001b[39m mockSql \u001b[33m=\u001b[39m jest\u001b[33m.\u001b[39mfn()\n    \u001b[31m\u001b[1m>\u001b[22m\u001b[39m\u001b[90m 6 |\u001b[39m jest\u001b[33m.\u001b[39mmock(\u001b[32m'@/lib/db'\u001b[39m\u001b[33m,\u001b[39m () \u001b[33m=>\u001b[39m ({\n     \u001b[90m   |\u001b[39m                 \u001b[31m\u001b[1m^\u001b[22m\u001b[39m\n     \u001b[90m 7 |\u001b[39m   createDbConnection\u001b[33m:\u001b[39m jest\u001b[33m.\u001b[39mfn(() \u001b[33m=>\u001b[39m mockSql)\n     \u001b[90m 8 |\u001b[39m }))\n     \u001b[90m 9 |\u001b[39m\u001b[0m\n\n      \u001b[2mat Object.Request (\u001b[22mnode_modules/.pnpm/next@15.2.4_@babel+core@7.2_eb0f1c3a65330f5fe85f6971768628af/node_modules/next/src/server/web/spec-extension/request.ts\u001b[2m:14:34)\u001b[22m\n      \u001b[2mat Object.<anonymous> (\u001b[22mnode_modules/.pnpm/next@15.2.4_@babel+core@7.2_eb0f1c3a65330f5fe85f6971768628af/node_modules/next/server.js\u001b[2m:2:16)\u001b[22m\n      \u001b[2mat Object.<anonymous> (\u001b[22m\u001b[0m\u001b[36mtests/__tests__/challenges-api-thumbnails.test.ts\u001b[39m\u001b[0m\u001b[2m:6:17)\u001b[22m\n","name":"G:\\Stakr V2\\Stakrv2-1\\tests\\__tests__\\challenges-api-thumbnails.test.ts","startTime":1754813685085,"status":"failed","summary":""},{"assertionResults":[{"ancestorTitles":["Wearable Integrations","Apple Health Integration"],"duration":14,"failureDetails":[],"failureMessages":[],"fullName":"Wearable Integrations Apple Health Integration should initialize Apple Health integration","invocations":1,"location":null,"numPassingAsserts":1,"retryReasons":[],"status":"passed","title":"should initialize Apple Health integration"},{"ancestorTitles":["Wearable Integrations","Apple Health Integration"],"duration":2,"failureDetails":[],"failureMessages":[],"fullName":"Wearable Integrations Apple Health Integration should detect Apple Health availability","invocations":1,"location":null,"numPassingAsserts":1,"retryReasons":[],"status":"passed","title":"should detect Apple Health availability"},{"ancestorTitles":["Wearable Integrations","Apple Health Integration"],"duration":2,"failureDetails":[],"failureMessages":[],"fullName":"Wearable Integrations Apple Health Integration should generate mock workout data in development","invocations":1,"location":null,"numPassingAsserts":4,"retryReasons":[],"status":"passed","title":"should generate mock workout data in development"},{"ancestorTitles":["Wearable Integrations","Fitbit Integration"],"duration":0,"failureDetails":[],"failureMessages":[],"fullName":"Wearable Integrations Fitbit Integration should initialize Fitbit integration with client ID","invocations":1,"location":null,"numPassingAsserts":1,"retryReasons":[],"status":"passed","title":"should initialize Fitbit integration with client ID"},{"ancestorTitles":["Wearable Integrations","Fitbit Integration"],"duration":1,"failureDetails":[],"failureMessages":[],"fullName":"Wearable Integrations Fitbit Integration should handle API call with access token","invocations":1,"location":null,"numPassingAsserts":4,"retryReasons":[],"status":"passed","title":"should handle API call with access token"},{"ancestorTitles":["Wearable Integrations","Strava Integration"],"duration":1,"failureDetails":[],"failureMessages":[],"fullName":"Wearable Integrations Strava Integration should generate OAuth URL for connection","invocations":1,"location":null,"numPassingAsserts":1,"retryReasons":[],"status":"passed","title":"should generate OAuth URL for connection"},{"ancestorTitles":["Wearable Integrations","Wearable Manager"],"duration":2,"failureDetails":[],"failureMessages":[],"fullName":"Wearable Integrations Wearable Manager should add and manage integrations","invocations":1,"location":null,"numPassingAsserts":1,"retryReasons":[],"status":"passed","title":"should add and manage integrations"},{"ancestorTitles":["Wearable Integrations","Wearable Manager"],"duration":0,"failureDetails":[],"failureMessages":[],"fullName":"Wearable Integrations Wearable Manager should verify wearable data","invocations":1,"location":null,"numPassingAsserts":3,"retryReasons":[],"status":"passed","title":"should verify wearable data"},{"ancestorTitles":["App Integrations","MyFitnessPal Integration"],"duration":1,"failureDetails":[],"failureMessages":[],"fullName":"App Integrations MyFitnessPal Integration should initialize MyFitnessPal integration","invocations":1,"location":null,"numPassingAsserts":1,"retryReasons":[],"status":"passed","title":"should initialize MyFitnessPal integration"},{"ancestorTitles":["App Integrations","MyFitnessPal Integration"],"duration":0,"failureDetails":[],"failureMessages":[],"fullName":"App Integrations MyFitnessPal Integration should generate mock nutrition data in development","invocations":1,"location":null,"numPassingAsserts":4,"retryReasons":[],"status":"passed","title":"should generate mock nutrition data in development"},{"ancestorTitles":["App Integrations","Duolingo Integration"],"duration":1,"failureDetails":[],"failureMessages":[],"fullName":"App Integrations Duolingo Integration should fetch user data with username","invocations":1,"location":null,"numPassingAsserts":5,"retryReasons":[],"status":"passed","title":"should fetch user data with username"},{"ancestorTitles":["App Integrations","GitHub Integration"],"duration":1,"failureDetails":[],"failureMessages":[],"fullName":"App Integrations GitHub Integration should fetch repositories and commits","invocations":1,"location":null,"numPassingAsserts":5,"retryReasons":[],"status":"passed","title":"should fetch repositories and commits"},{"ancestorTitles":["App Integrations","App Integration Manager"],"duration":1,"failureDetails":[],"failureMessages":[],"fullName":"App Integrations App Integration Manager should verify app data consistency","invocations":1,"location":null,"numPassingAsserts":4,"retryReasons":[],"status":"passed","title":"should verify app data consistency"},{"ancestorTitles":["App Integrations","App Integration Manager"],"duration":1,"failureDetails":[],"failureMessages":[],"fullName":"App Integrations App Integration Manager should detect suspicious data values","invocations":1,"location":null,"numPassingAsserts":1,"retryReasons":[],"status":"passed","title":"should detect suspicious data values"},{"ancestorTitles":["Integration API Endpoints"],"duration":0,"failureDetails":[],"failureMessages":[],"fullName":"Integration API Endpoints should list available wearable devices","invocations":1,"location":null,"numPassingAsserts":4,"retryReasons":[],"status":"passed","title":"should list available wearable devices"},{"ancestorTitles":["Integration API Endpoints"],"duration":3,"failureDetails":[],"failureMessages":[],"fullName":"Integration API Endpoints should list available apps","invocations":1,"location":null,"numPassingAsserts":4,"retryReasons":[],"status":"passed","title":"should list available apps"},{"ancestorTitles":["Integration Data Types"],"duration":0,"failureDetails":[],"failureMessages":[],"fullName":"Integration Data Types should support all wearable data types","invocations":1,"location":null,"numPassingAsserts":3,"retryReasons":[],"status":"passed","title":"should support all wearable data types"},{"ancestorTitles":["Integration Data Types"],"duration":1,"failureDetails":[],"failureMessages":[],"fullName":"Integration Data Types should support all app data types","invocations":1,"location":null,"numPassingAsserts":3,"retryReasons":[],"status":"passed","title":"should support all app data types"}],"endTime":1754813681724,"message":"","name":"G:\\Stakr V2\\Stakrv2-1\\tests\\__tests__\\integrations.test.ts","startTime":1754813679935,"status":"passed","summary":""},{"assertionResults":[{"ancestorTitles":["Authentication System - Simple Tests","Login Functionality"],"duration":34,"failureDetails":[],"failureMessages":[],"fullName":"Authentication System - Simple Tests Login Functionality should show login status when not authenticated","invocations":1,"location":null,"numPassingAsserts":3,"retryReasons":[],"status":"passed","title":"should show login status when not authenticated"},{"ancestorTitles":["Authentication System - Simple Tests","Login Functionality"],"duration":15,"failureDetails":[],"failureMessages":[],"fullName":"Authentication System - Simple Tests Login Functionality should handle login and show user information","invocations":1,"location":null,"numPassingAsserts":3,"retryReasons":[],"status":"passed","title":"should handle login and show user information"},{"ancestorTitles":["Authentication System - Simple Tests","Logout Functionality"],"duration":7,"failureDetails":[],"failureMessages":[],"fullName":"Authentication System - Simple Tests Logout Functionality should handle logout and return to login state","invocations":1,"location":null,"numPassingAsserts":3,"retryReasons":[],"status":"passed","title":"should handle logout and return to login state"},{"ancestorTitles":["Authentication System - Simple Tests","Dev Access Control"],"duration":4,"failureDetails":[],"failureMessages":[],"fullName":"Authentication System - Simple Tests Dev Access Control should show dev access for authenticated dev users","invocations":1,"location":null,"numPassingAsserts":1,"retryReasons":[],"status":"passed","title":"should show dev access for authenticated dev users"},{"ancestorTitles":["Authentication System - Simple Tests","Dev Access Control"],"duration":2,"failureDetails":[],"failureMessages":[],"fullName":"Authentication System - Simple Tests Dev Access Control should not show dev access for unauthenticated users","invocations":1,"location":null,"numPassingAsserts":2,"retryReasons":[],"status":"passed","title":"should not show dev access for unauthenticated users"},{"ancestorTitles":["Authentication System - Simple Tests","Session Management"],"duration":4,"failureDetails":[],"failureMessages":[],"fullName":"Authentication System - Simple Tests Session Management should maintain user state during session","invocations":1,"location":null,"numPassingAsserts":4,"retryReasons":[],"status":"passed","title":"should maintain user state during session"}],"endTime":1754813681898,"message":"","name":"G:\\Stakr V2\\Stakrv2-1\\tests\\__tests__\\auth-simple.test.tsx","startTime":1754813679904,"status":"passed","summary":""},{"assertionResults":[{"ancestorTitles":["Basic Component Tests","Simple Component Rendering"],"duration":30,"failureDetails":[],"failureMessages":[],"fullName":"Basic Component Tests Simple Component Rendering should render a basic component correctly","invocations":1,"location":null,"numPassingAsserts":2,"retryReasons":[],"status":"passed","title":"should render a basic component correctly"},{"ancestorTitles":["Basic Component Tests","Simple Component Rendering"],"duration":13,"failureDetails":[],"failureMessages":[],"fullName":"Basic Component Tests Simple Component Rendering should render component with children","invocations":1,"location":null,"numPassingAsserts":4,"retryReasons":[],"status":"passed","title":"should render component with children"},{"ancestorTitles":["Basic Component Tests","Simple Component Rendering"],"duration":3,"failureDetails":[],"failureMessages":[],"fullName":"Basic Component Tests Simple Component Rendering should render component without children","invocations":1,"location":null,"numPassingAsserts":3,"retryReasons":[],"status":"passed","title":"should render component without children"},{"ancestorTitles":["Basic Component Tests","Component with State"],"duration":4,"failureDetails":[],"failureMessages":[],"fullName":"Basic Component Tests Component with State should render counter component with initial state","invocations":1,"location":null,"numPassingAsserts":3,"retryReasons":[],"status":"passed","title":"should render counter component with initial state"},{"ancestorTitles":["Basic Component Tests","Component with State"],"duration":7,"failureDetails":[],"failureMessages":[],"fullName":"Basic Component Tests Component with State should update state when button is clicked","invocations":1,"location":null,"numPassingAsserts":2,"retryReasons":[],"status":"passed","title":"should update state when button is clicked"},{"ancestorTitles":["Basic Component Tests","Component with State"],"duration":6,"failureDetails":[],"failureMessages":[],"fullName":"Basic Component Tests Component with State should handle multiple state updates","invocations":1,"location":null,"numPassingAsserts":4,"retryReasons":[],"status":"passed","title":"should handle multiple state updates"},{"ancestorTitles":["Basic Component Tests","Component Props"],"duration":2,"failureDetails":[],"failureMessages":[],"fullName":"Basic Component Tests Component Props should handle different prop values","invocations":1,"location":null,"numPassingAsserts":2,"retryReasons":[],"status":"passed","title":"should handle different prop values"},{"ancestorTitles":["Basic Component Tests","Component Props"],"duration":1,"failureDetails":[],"failureMessages":[],"fullName":"Basic Component Tests Component Props should handle empty string props","invocations":1,"location":null,"numPassingAsserts":1,"retryReasons":[],"status":"passed","title":"should handle empty string props"}],"endTime":1754813682051,"message":"","name":"G:\\Stakr V2\\Stakrv2-1\\tests\\__tests__\\component-basic.test.tsx","startTime":1754813679951,"status":"passed","summary":""},{"assertionResults":[{"ancestorTitles":["Thumbnail System Tests","ChallengeGrid Component"],"duration":142,"failureDetails":[],"failureMessages":[],"fullName":"Thumbnail System Tests ChallengeGrid Component should fetch and display challenges with thumbnails correctly","invocations":1,"location":null,"numPassingAsserts":4,"retryReasons":[],"status":"passed","title":"should fetch and display challenges with thumbnails correctly"},{"ancestorTitles":["Thumbnail System Tests","ChallengeGrid Component"],"duration":74,"failureDetails":[],"failureMessages":[],"fullName":"Thumbnail System Tests ChallengeGrid Component should pass actual thumbnail URLs to YouTubeStyleChallengeCard components","invocations":1,"location":null,"numPassingAsserts":4,"retryReasons":[],"status":"passed","title":"should pass actual thumbnail URLs to YouTubeStyleChallengeCard components"},{"ancestorTitles":["Thumbnail System Tests","ChallengeGrid Component"],"duration":24,"failureDetails":[],"failureMessages":[],"fullName":"Thumbnail System Tests ChallengeGrid Component should handle API errors gracefully","invocations":1,"location":null,"numPassingAsserts":1,"retryReasons":[],"status":"passed","title":"should handle API errors gracefully"},{"ancestorTitles":["Thumbnail System Tests","ChallengeGrid Component"],"duration":48,"failureDetails":[],"failureMessages":[],"fullName":"Thumbnail System Tests ChallengeGrid Component should handle empty challenges response","invocations":1,"location":null,"numPassingAsserts":1,"retryReasons":[],"status":"passed","title":"should handle empty challenges response"},{"ancestorTitles":["Thumbnail System Tests","YouTubeStyleChallengeCard Component"],"duration":9,"failureDetails":[],"failureMessages":[],"fullName":"Thumbnail System Tests YouTubeStyleChallengeCard Component should display S3 thumbnail through image proxy","invocations":1,"location":null,"numPassingAsserts":3,"retryReasons":[],"status":"passed","title":"should display S3 thumbnail through image proxy"},{"ancestorTitles":["Thumbnail System Tests","YouTubeStyleChallengeCard Component"],"duration":7,"failureDetails":[],"failureMessages":[],"fullName":"Thumbnail System Tests YouTubeStyleChallengeCard Component should display regular thumbnail URLs directly","invocations":1,"location":null,"numPassingAsserts":1,"retryReasons":[],"status":"passed","title":"should display regular thumbnail URLs directly"},{"ancestorTitles":["Thumbnail System Tests","YouTubeStyleChallengeCard Component"],"duration":7,"failureDetails":[],"failureMessages":[],"fullName":"Thumbnail System Tests YouTubeStyleChallengeCard Component should show fallback icon when no thumbnail provided","invocations":1,"location":null,"numPassingAsserts":1,"retryReasons":[],"status":"passed","title":"should show fallback icon when no thumbnail provided"},{"ancestorTitles":["Thumbnail System Tests","YouTubeStyleChallengeCard Component"],"duration":8,"failureDetails":[],"failureMessages":[],"fullName":"Thumbnail System Tests YouTubeStyleChallengeCard Component should handle null thumbnail gracefully","invocations":1,"location":null,"numPassingAsserts":1,"retryReasons":[],"status":"passed","title":"should handle null thumbnail gracefully"},{"ancestorTitles":["Thumbnail System Tests","YouTubeStyleChallengeCard Component"],"duration":14,"failureDetails":[],"failureMessages":[],"fullName":"Thumbnail System Tests YouTubeStyleChallengeCard Component should render all challenge information correctly","invocations":1,"location":null,"numPassingAsserts":5,"retryReasons":[],"status":"passed","title":"should render all challenge information correctly"},{"ancestorTitles":["Thumbnail System Tests","TrendingChallenges Component"],"duration":31,"failureDetails":[],"failureMessages":[],"fullName":"Thumbnail System Tests TrendingChallenges Component should fetch and display trending challenges with thumbnails","invocations":1,"location":null,"numPassingAsserts":2,"retryReasons":[],"status":"passed","title":"should fetch and display trending challenges with thumbnails"},{"ancestorTitles":["Thumbnail System Tests","TrendingChallenges Component"],"duration":31,"failureDetails":[],"failureMessages":[],"fullName":"Thumbnail System Tests TrendingChallenges Component should route S3 thumbnails through image proxy","invocations":1,"location":null,"numPassingAsserts":2,"retryReasons":[],"status":"passed","title":"should route S3 thumbnails through image proxy"},{"ancestorTitles":["Thumbnail System Tests","API Response Mapping"],"duration":40,"failureDetails":[],"failureMessages":[],"fullName":"Thumbnail System Tests API Response Mapping should correctly map thumbnail_url from API response to component props","invocations":1,"location":null,"numPassingAsserts":2,"retryReasons":[],"status":"passed","title":"should correctly map thumbnail_url from API response to component props"},{"ancestorTitles":["Thumbnail System Tests","Error Handling and Edge Cases"],"duration":5,"failureDetails":[],"failureMessages":[],"fullName":"Thumbnail System Tests Error Handling and Edge Cases should handle malformed thumbnail URLs","invocations":1,"location":null,"numPassingAsserts":1,"retryReasons":[],"status":"passed","title":"should handle malformed thumbnail URLs"},{"ancestorTitles":["Thumbnail System Tests","Error Handling and Edge Cases"],"duration":6,"failureDetails":[],"failureMessages":[],"fullName":"Thumbnail System Tests Error Handling and Edge Cases should handle very long thumbnail URLs","invocations":1,"location":null,"numPassingAsserts":1,"retryReasons":[],"status":"passed","title":"should handle very long thumbnail URLs"},{"ancestorTitles":["Thumbnail System Tests","Error Handling and Edge Cases"],"duration":5,"failureDetails":[],"failureMessages":[],"fullName":"Thumbnail System Tests Error Handling and Edge Cases should handle special characters in thumbnail URLs","invocations":1,"location":null,"numPassingAsserts":2,"retryReasons":[],"status":"passed","title":"should handle special characters in thumbnail URLs"},{"ancestorTitles":["Thumbnail System Tests","Performance and Loading"],"duration":159,"failureDetails":[],"failureMessages":[],"fullName":"Thumbnail System Tests Performance and Loading should not block rendering while loading challenges","invocations":1,"location":null,"numPassingAsserts":2,"retryReasons":[],"status":"passed","title":"should not block rendering while loading challenges"},{"ancestorTitles":["Thumbnail System Tests","Performance and Loading"],"duration":187,"failureDetails":[],"failureMessages":[],"fullName":"Thumbnail System Tests Performance and Loading should handle concurrent thumbnail loading","invocations":1,"location":null,"numPassingAsserts":13,"retryReasons":[],"status":"passed","title":"should handle concurrent thumbnail loading"}],"endTime":1754813683019,"message":"","name":"G:\\Stakr V2\\Stakrv2-1\\tests\\__tests__\\thumbnail-system.test.tsx","startTime":1754813679878,"status":"passed","summary":""},{"assertionResults":[{"ancestorTitles":["Challenge System Tests","Challenge Creation"],"duration":54,"failureDetails":[],"failureMessages":[],"fullName":"Challenge System Tests Challenge Creation should render challenge creation form correctly","invocations":1,"location":null,"numPassingAsserts":7,"retryReasons":[],"status":"passed","title":"should render challenge creation form correctly"},{"ancestorTitles":["Challenge System Tests","Challenge Creation"],"duration":559,"failureDetails":[],"failureMessages":[],"fullName":"Challenge System Tests Challenge Creation should handle successful challenge creation","invocations":1,"location":null,"numPassingAsserts":2,"retryReasons":[],"status":"passed","title":"should handle successful challenge creation"},{"ancestorTitles":["Challenge System Tests","Challenge Creation"],"duration":14,"failureDetails":[],"failureMessages":[],"fullName":"Challenge System Tests Challenge Creation should validate required fields","invocations":1,"location":null,"numPassingAsserts":2,"retryReasons":[],"status":"passed","title":"should validate required fields"},{"ancestorTitles":["Challenge System Tests","Challenge Creation"],"duration":16,"failureDetails":[],"failureMessages":[],"fullName":"Challenge System Tests Challenge Creation should validate minimum stake amount","invocations":1,"location":null,"numPassingAsserts":2,"retryReasons":[],"status":"passed","title":"should validate minimum stake amount"},{"ancestorTitles":["Challenge System Tests","Challenge Creation"],"duration":537,"failureDetails":[],"failureMessages":[],"fullName":"Challenge System Tests Challenge Creation should disable submit button during creation","invocations":1,"location":null,"numPassingAsserts":4,"retryReasons":[],"status":"passed","title":"should disable submit button during creation"},{"ancestorTitles":["Challenge System Tests","Challenge Joining"],"duration":3,"failureDetails":[],"failureMessages":[],"fullName":"Challenge System Tests Challenge Joining should render challenge joining form correctly","invocations":1,"location":null,"numPassingAsserts":3,"retryReasons":[],"status":"passed","title":"should render challenge joining form correctly"},{"ancestorTitles":["Challenge System Tests","Challenge Joining"],"duration":323,"failureDetails":[],"failureMessages":[],"fullName":"Challenge System Tests Challenge Joining should handle successful challenge joining","invocations":1,"location":null,"numPassingAsserts":2,"retryReasons":[],"status":"passed","title":"should handle successful challenge joining"},{"ancestorTitles":["Challenge System Tests","Challenge Joining"],"duration":3,"failureDetails":[],"failureMessages":[],"fullName":"Challenge System Tests Challenge Joining should validate challenge ID is required","invocations":1,"location":null,"numPassingAsserts":2,"retryReasons":[],"status":"passed","title":"should validate challenge ID is required"},{"ancestorTitles":["Challenge System Tests","Challenge Joining"],"duration":348,"failureDetails":[],"failureMessages":[],"fullName":"Challenge System Tests Challenge Joining should disable join button during joining process","invocations":1,"location":null,"numPassingAsserts":4,"retryReasons":[],"status":"passed","title":"should disable join button during joining process"},{"ancestorTitles":["Challenge System Tests","Proof Submission"],"duration":3,"failureDetails":[],"failureMessages":[],"fullName":"Challenge System Tests Proof Submission should render proof submission form correctly","invocations":1,"location":null,"numPassingAsserts":5,"retryReasons":[],"status":"passed","title":"should render proof submission form correctly"},{"ancestorTitles":["Challenge System Tests","Proof Submission"],"duration":443,"failureDetails":[],"failureMessages":[],"fullName":"Challenge System Tests Proof Submission should handle successful proof submission","invocations":1,"location":null,"numPassingAsserts":2,"retryReasons":[],"status":"passed","title":"should handle successful proof submission"},{"ancestorTitles":["Challenge System Tests","Proof Submission"],"duration":15,"failureDetails":[],"failureMessages":[],"fullName":"Challenge System Tests Proof Submission should validate proof description is required","invocations":1,"location":null,"numPassingAsserts":2,"retryReasons":[],"status":"passed","title":"should validate proof description is required"},{"ancestorTitles":["Challenge System Tests","Proof Submission"],"duration":4,"failureDetails":[],"failureMessages":[],"fullName":"Challenge System Tests Proof Submission should handle image file selection","invocations":1,"location":null,"numPassingAsserts":2,"retryReasons":[],"status":"passed","title":"should handle image file selection"},{"ancestorTitles":["Challenge System Tests","Proof Submission"],"duration":443,"failureDetails":[],"failureMessages":[],"fullName":"Challenge System Tests Proof Submission should disable submit button during submission","invocations":1,"location":null,"numPassingAsserts":4,"retryReasons":[],"status":"passed","title":"should disable submit button during submission"},{"ancestorTitles":["Challenge System Tests","Challenge Completion"],"duration":2,"failureDetails":[],"failureMessages":[],"fullName":"Challenge System Tests Challenge Completion should render challenge completion component correctly","invocations":1,"location":null,"numPassingAsserts":2,"retryReasons":[],"status":"passed","title":"should render challenge completion component correctly"},{"ancestorTitles":["Challenge System Tests","Challenge Completion"],"duration":133,"failureDetails":[],"failureMessages":[],"fullName":"Challenge System Tests Challenge Completion should handle successful challenge completion","invocations":1,"location":null,"numPassingAsserts":4,"retryReasons":[],"status":"passed","title":"should handle successful challenge completion"},{"ancestorTitles":["Challenge System Tests","Challenge Completion"],"duration":2,"failureDetails":[],"failureMessages":[],"fullName":"Challenge System Tests Challenge Completion should disable complete button during completion process","invocations":1,"location":null,"numPassingAsserts":3,"retryReasons":[],"status":"passed","title":"should disable complete button during completion process"},{"ancestorTitles":["Challenge System Tests","Challenge Completion"],"duration":136,"failureDetails":[],"failureMessages":[],"fullName":"Challenge System Tests Challenge Completion should show completion status after process","invocations":1,"location":null,"numPassingAsserts":2,"retryReasons":[],"status":"passed","title":"should show completion status after process"}],"endTime":1754813685026,"message":"","name":"G:\\Stakr V2\\Stakrv2-1\\tests\\__tests__\\challenge-system.test.tsx","startTime":1754813679884,"status":"passed","summary":""},{"assertionResults":[{"ancestorTitles":["Avatar System Tests","Avatar Upload Functionality"],"duration":44,"failureDetails":[],"failureMessages":[],"fullName":"Avatar System Tests Avatar Upload Functionality should render avatar upload component correctly","invocations":1,"location":null,"numPassingAsserts":4,"retryReasons":[],"status":"passed","title":"should render avatar upload component correctly"},{"ancestorTitles":["Avatar System Tests","Avatar Upload Functionality"],"duration":405,"failureDetails":[],"failureMessages":[],"fullName":"Avatar System Tests Avatar Upload Functionality should handle file selection and upload","invocations":1,"location":null,"numPassingAsserts":4,"retryReasons":[],"status":"passed","title":"should handle file selection and upload"},{"ancestorTitles":["Avatar System Tests","Avatar Upload Functionality"],"duration":399,"failureDetails":[],"failureMessages":[],"fullName":"Avatar System Tests Avatar Upload Functionality should handle upload errors gracefully","invocations":1,"location":null,"numPassingAsserts":3,"retryReasons":[],"status":"passed","title":"should handle upload errors gracefully"},{"ancestorTitles":["Avatar System Tests","Avatar Upload Functionality"],"duration":399,"failureDetails":[],"failureMessages":[],"fullName":"Avatar System Tests Avatar Upload Functionality should disable file input during upload","invocations":1,"location":null,"numPassingAsserts":3,"retryReasons":[],"status":"passed","title":"should disable file input during upload"},{"ancestorTitles":["Avatar System Tests","Avatar Removal Functionality"],"duration":402,"failureDetails":[],"failureMessages":[],"fullName":"Avatar System Tests Avatar Removal Functionality should remove avatar when remove button is clicked","invocations":1,"location":null,"numPassingAsserts":4,"retryReasons":[],"status":"passed","title":"should remove avatar when remove button is clicked"},{"ancestorTitles":["Avatar System Tests","Real-time Avatar Updates"],"duration":13,"failureDetails":[],"failureMessages":[],"fullName":"Avatar System Tests Real-time Avatar Updates should update avatar display when avatar is uploaded","invocations":1,"location":null,"numPassingAsserts":3,"retryReasons":[],"status":"passed","title":"should update avatar display when avatar is uploaded"},{"ancestorTitles":["Avatar System Tests","Real-time Avatar Updates"],"duration":31,"failureDetails":[],"failureMessages":[],"fullName":"Avatar System Tests Real-time Avatar Updates should remove avatar display when avatar is removed","invocations":1,"location":null,"numPassingAsserts":3,"retryReasons":[],"status":"passed","title":"should remove avatar display when avatar is removed"},{"ancestorTitles":["Avatar System Tests","Avatar Persistence"],"duration":400,"failureDetails":[],"failureMessages":[],"fullName":"Avatar System Tests Avatar Persistence should maintain avatar state across component re-renders","invocations":1,"location":null,"numPassingAsserts":3,"retryReasons":[],"status":"passed","title":"should maintain avatar state across component re-renders"},{"ancestorTitles":["Avatar System Tests","Avatar Moderation Integration"],"duration":386,"failureDetails":[],"failureMessages":[],"fullName":"Avatar System Tests Avatar Moderation Integration should handle moderation approval","invocations":1,"location":null,"numPassingAsserts":2,"retryReasons":[],"status":"passed","title":"should handle moderation approval"},{"ancestorTitles":["Avatar System Tests","Avatar Moderation Integration"],"duration":397,"failureDetails":[],"failureMessages":[],"fullName":"Avatar System Tests Avatar Moderation Integration should handle moderation rejection","invocations":1,"location":null,"numPassingAsserts":3,"retryReasons":[],"status":"passed","title":"should handle moderation rejection"},{"ancestorTitles":["Avatar System Tests","Avatar Error Handling"],"duration":401,"failureDetails":[],"failureMessages":[],"fullName":"Avatar System Tests Avatar Error Handling should handle network errors during upload","invocations":1,"location":null,"numPassingAsserts":2,"retryReasons":[],"status":"passed","title":"should handle network errors during upload"},{"ancestorTitles":["Avatar System Tests","Avatar Error Handling"],"duration":16,"failureDetails":[],"failureMessages":[],"fullName":"Avatar System Tests Avatar Error Handling should handle invalid file types","invocations":1,"location":null,"numPassingAsserts":4,"retryReasons":[],"status":"passed","title":"should handle invalid file types"},{"ancestorTitles":["Avatar System Tests","Avatar Error Handling"],"duration":264,"failureDetails":[],"failureMessages":[],"fullName":"Avatar System Tests Avatar Error Handling should handle file size limits","invocations":1,"location":null,"numPassingAsserts":4,"retryReasons":[],"status":"passed","title":"should handle file size limits"}],"endTime":1754813685048,"message":"","name":"G:\\Stakr V2\\Stakrv2-1\\tests\\__tests__\\avatar-system.test.tsx","startTime":1754813679799,"status":"passed","summary":""}],"wasInterrupted":false}
