TN:
SF:app\layout.tsx
FN:34,RootLayout
FNF:1
FNH:0
FNDA:0,RootLayout
DA:3,0
DA:4,0
DA:5,0
DA:6,0
DA:7,0
DA:8,0
DA:10,0
DA:11,0
DA:13,0
DA:26,0
DA:34,0
LF:11
LH:0
BRF:0
BRH:0
end_of_record
TN:
SF:app\page.tsx
FN:7,HomePage
FN:11,(anonymous_2)
FNF:2
FNH:0
FNDA:0,HomePage
FNDA:0,(anonymous_2)
DA:3,0
DA:4,0
DA:5,0
DA:7,0
DA:8,0
DA:9,0
DA:11,0
DA:13,0
DA:16,0
DA:17,0
DA:18,0
DA:21,0
DA:22,0
DA:23,0
DA:24,0
DA:28,0
DA:29,0
DA:30,0
DA:33,0
DA:34,0
DA:35,0
DA:40,0
DA:52,0
LF:23
LH:0
BRDA:13,0,0,0
BRDA:16,1,0,0
BRDA:16,1,1,0
BRDA:21,2,0,0
BRDA:40,3,0,0
BRF:5
BRH:0
end_of_record
TN:
SF:app\admin\page.tsx
FN:44,AdminDashboard
FN:54,(anonymous_2)
FN:74,(anonymous_3)
FN:94,(anonymous_4)
FN:114,(anonymous_5)
FN:134,(anonymous_6)
FN:146,(anonymous_7)
FN:175,(anonymous_8)
FN:204,(anonymous_9)
FN:233,(anonymous_10)
FN:262,(anonymous_11)
FN:263,(anonymous_12)
FN:273,(anonymous_13)
FN:541,(anonymous_14)
FN:570,(anonymous_15)
FN:604,(anonymous_16)
FN:703,(anonymous_17)
FN:769,(anonymous_18)
FN:777,(anonymous_19)
FN:788,(anonymous_20)
FN:819,(anonymous_21)
FN:846,(anonymous_22)
FN:951,(anonymous_23)
FN:980,(anonymous_24)
FN:1028,(anonymous_25)
FN:1037,(anonymous_26)
FN:1046,(anonymous_27)
FN:1065,(anonymous_28)
FN:1099,(anonymous_29)
FN:1133,(anonymous_30)
FN:1166,(anonymous_31)
FN:1256,(anonymous_32)
FN:1353,(anonymous_33)
FN:1402,(anonymous_34)
FN:1410,(anonymous_35)
FN:1426,(anonymous_36)
FN:1457,(anonymous_37)
FNF:37
FNH:0
FNDA:0,AdminDashboard
FNDA:0,(anonymous_2)
FNDA:0,(anonymous_3)
FNDA:0,(anonymous_4)
FNDA:0,(anonymous_5)
FNDA:0,(anonymous_6)
FNDA:0,(anonymous_7)
FNDA:0,(anonymous_8)
FNDA:0,(anonymous_9)
FNDA:0,(anonymous_10)
FNDA:0,(anonymous_11)
FNDA:0,(anonymous_12)
FNDA:0,(anonymous_13)
FNDA:0,(anonymous_14)
FNDA:0,(anonymous_15)
FNDA:0,(anonymous_16)
FNDA:0,(anonymous_17)
FNDA:0,(anonymous_18)
FNDA:0,(anonymous_19)
FNDA:0,(anonymous_20)
FNDA:0,(anonymous_21)
FNDA:0,(anonymous_22)
FNDA:0,(anonymous_23)
FNDA:0,(anonymous_24)
FNDA:0,(anonymous_25)
FNDA:0,(anonymous_26)
FNDA:0,(anonymous_27)
FNDA:0,(anonymous_28)
FNDA:0,(anonymous_29)
FNDA:0,(anonymous_30)
FNDA:0,(anonymous_31)
FNDA:0,(anonymous_32)
FNDA:0,(anonymous_33)
FNDA:0,(anonymous_34)
FNDA:0,(anonymous_35)
FNDA:0,(anonymous_36)
FNDA:0,(anonymous_37)
DA:3,0
DA:4,0
DA:5,0
DA:6,0
DA:7,0
DA:8,0
DA:9,0
DA:10,0
DA:11,0
DA:12,0
DA:13,0
DA:41,0
DA:42,0
DA:44,0
DA:45,0
DA:46,0
DA:47,0
DA:48,0
DA:49,0
DA:50,0
DA:51,0
DA:52,0
DA:54,0
DA:55,0
DA:56,0
DA:57,0
DA:59,0
DA:60,0
DA:62,0
DA:65,0
DA:66,0
DA:74,0
DA:75,0
DA:76,0
DA:77,0
DA:79,0
DA:80,0
DA:82,0
DA:85,0
DA:86,0
DA:94,0
DA:95,0
DA:96,0
DA:97,0
DA:99,0
DA:100,0
DA:102,0
DA:105,0
DA:106,0
DA:114,0
DA:115,0
DA:116,0
DA:117,0
DA:119,0
DA:120,0
DA:122,0
DA:125,0
DA:126,0
DA:134,0
DA:135,0
DA:136,0
DA:137,0
DA:139,0
DA:146,0
DA:147,0
DA:148,0
DA:154,0
DA:156,0
DA:157,0
DA:164,0
DA:167,0
DA:175,0
DA:176,0
DA:177,0
DA:183,0
DA:185,0
DA:186,0
DA:193,0
DA:196,0
DA:204,0
DA:205,0
DA:206,0
DA:212,0
DA:214,0
DA:215,0
DA:222,0
DA:225,0
DA:233,0
DA:234,0
DA:235,0
DA:241,0
DA:243,0
DA:244,0
DA:251,0
DA:254,0
DA:262,0
DA:263,0
DA:264,0
DA:265,0
DA:266,0
DA:269,0
DA:272,0
DA:273,0
DA:276,0
DA:542,0
DA:571,0
DA:605,0
DA:704,0
DA:769,0
DA:777,0
DA:788,0
DA:820,0
DA:847,0
DA:848,0
DA:849,0
DA:952,0
DA:981,0
DA:1028,0
DA:1037,0
DA:1046,0
DA:1066,0
DA:1067,0
DA:1073,0
DA:1075,0
DA:1076,0
DA:1082,0
DA:1085,0
DA:1100,0
DA:1101,0
DA:1107,0
DA:1109,0
DA:1110,0
DA:1116,0
DA:1119,0
DA:1134,0
DA:1135,0
DA:1136,0
DA:1138,0
DA:1139,0
DA:1141,0
DA:1142,0
DA:1148,0
DA:1151,0
DA:1167,0
DA:1168,0
DA:1173,0
DA:1175,0
DA:1176,0
DA:1182,0
DA:1185,0
DA:1257,0
DA:1354,0
DA:1402,0
DA:1411,0
DA:1412,0
DA:1413,0
DA:1426,0
DA:1458,0
LF:158
LH:0
BRDA:59,0,0,0
BRDA:59,0,1,0
BRDA:62,1,0,0
BRDA:62,1,1,0
BRDA:79,2,0,0
BRDA:79,2,1,0
BRDA:82,3,0,0
BRDA:82,3,1,0
BRDA:99,4,0,0
BRDA:99,4,1,0
BRDA:102,5,0,0
BRDA:102,5,1,0
BRDA:119,6,0,0
BRDA:119,6,1,0
BRDA:122,7,0,0
BRDA:122,7,1,0
BRDA:156,8,0,0
BRDA:156,8,1,0
BRDA:164,9,0,0
BRDA:164,9,1,0
BRDA:170,10,0,0
BRDA:170,10,1,0
BRDA:185,11,0,0
BRDA:185,11,1,0
BRDA:193,12,0,0
BRDA:193,12,1,0
BRDA:199,13,0,0
BRDA:199,13,1,0
BRDA:214,14,0,0
BRDA:214,14,1,0
BRDA:222,15,0,0
BRDA:222,15,1,0
BRDA:228,16,0,0
BRDA:228,16,1,0
BRDA:243,17,0,0
BRDA:243,17,1,0
BRDA:251,18,0,0
BRDA:251,18,1,0
BRDA:257,19,0,0
BRDA:257,19,1,0
BRDA:276,20,0,0
BRDA:304,21,0,0
BRDA:304,21,1,0
BRDA:305,22,0,0
BRDA:305,22,1,0
BRDA:360,23,0,0
BRDA:518,24,0,0
BRDA:518,24,1,0
BRDA:539,25,0,0
BRDA:568,26,0,0
BRDA:602,27,0,0
BRDA:607,28,0,0
BRDA:607,28,1,0
BRDA:608,29,0,0
BRDA:608,29,1,0
BRDA:609,30,0,0
BRDA:609,30,1,0
BRDA:635,31,0,0
BRDA:696,32,0,0
BRDA:730,33,0,0
BRDA:757,34,0,0
BRDA:757,34,1,0
BRDA:758,35,0,0
BRDA:758,35,1,0
BRDA:813,36,0,0
BRDA:823,37,0,0
BRDA:832,38,0,0
BRDA:840,39,0,0
BRDA:840,39,1,0
BRDA:848,40,0,0
BRDA:875,41,0,0
BRDA:890,42,0,0
BRDA:890,42,1,0
BRDA:902,43,0,0
BRDA:902,43,1,0
BRDA:905,44,0,0
BRDA:905,44,1,0
BRDA:922,45,0,0
BRDA:922,45,1,0
BRDA:934,46,0,0
BRDA:934,46,1,0
BRDA:951,47,0,0
BRDA:951,47,1,0
BRDA:956,48,0,0
BRDA:956,48,1,0
BRDA:970,49,0,0
BRDA:970,49,1,0
BRDA:1075,50,0,0
BRDA:1075,50,1,0
BRDA:1082,51,0,0
BRDA:1082,51,1,0
BRDA:1088,52,0,0
BRDA:1088,52,1,0
BRDA:1109,53,0,0
BRDA:1109,53,1,0
BRDA:1116,54,0,0
BRDA:1116,54,1,0
BRDA:1122,55,0,0
BRDA:1122,55,1,0
BRDA:1141,56,0,0
BRDA:1141,56,1,0
BRDA:1141,57,0,0
BRDA:1141,57,1,0
BRDA:1145,58,0,0
BRDA:1145,58,1,0
BRDA:1145,59,0,0
BRDA:1145,59,1,0
BRDA:1175,60,0,0
BRDA:1175,60,1,0
BRDA:1182,61,0,0
BRDA:1182,61,1,0
BRDA:1188,62,0,0
BRDA:1188,62,1,0
BRDA:1219,63,0,0
BRDA:1223,64,0,0
BRDA:1223,64,1,0
BRDA:1227,65,0,0
BRDA:1227,65,1,0
BRDA:1231,66,0,0
BRDA:1231,66,1,0
BRDA:1235,67,0,0
BRDA:1235,67,1,0
BRDA:1255,68,0,0
BRDA:1259,69,0,0
BRDA:1259,69,1,0
BRDA:1260,70,0,0
BRDA:1260,70,1,0
BRDA:1287,71,0,0
BRDA:1346,72,0,0
BRDA:1385,73,0,0
BRDA:1412,74,0,0
BRDA:1451,75,0,0
BRDA:1461,76,0,0
BRDA:1470,77,0,0
BRDA:1478,78,0,0
BRDA:1478,78,1,0
BRF:136
BRH:0
end_of_record
TN:
SF:app\alpha-gate\page.tsx
FN:13,AlphaGatePage
FN:21,(anonymous_2)
FN:22,(anonymous_3)
FN:37,(anonymous_4)
FN:53,(anonymous_5)
FN:94,(anonymous_6)
FN:120,(anonymous_7)
FN:143,(anonymous_8)
FN:225,(anonymous_9)
FNF:9
FNH:0
FNDA:0,AlphaGatePage
FNDA:0,(anonymous_2)
FNDA:0,(anonymous_3)
FNDA:0,(anonymous_4)
FNDA:0,(anonymous_5)
FNDA:0,(anonymous_6)
FNDA:0,(anonymous_7)
FNDA:0,(anonymous_8)
FNDA:0,(anonymous_9)
DA:5,0
DA:6,0
DA:7,0
DA:8,0
DA:9,0
DA:10,0
DA:11,0
DA:13,0
DA:14,0
DA:15,0
DA:16,0
DA:17,0
DA:18,0
DA:21,0
DA:22,0
DA:23,0
DA:24,0
DA:25,0
DA:26,0
DA:27,0
DA:30,0
DA:34,0
DA:37,0
DA:38,0
DA:39,0
DA:40,0
DA:42,0
DA:44,0
DA:45,0
DA:46,0
DA:47,0
DA:50,0
DA:52,0
DA:53,0
DA:55,0
DA:65,0
DA:67,0
DA:70,0
DA:71,0
DA:72,0
DA:73,0
DA:77,0
DA:78,0
DA:80,0
DA:81,0
DA:84,0
DA:86,0
DA:87,0
DA:88,0
DA:91,0
DA:94,0
DA:95,0
DA:98,0
DA:99,0
DA:102,0
DA:104,0
DA:105,0
DA:106,0
DA:107,0
DA:108,0
DA:110,0
DA:113,0
DA:116,0
DA:120,0
DA:121,0
DA:122,0
DA:124,0
DA:125,0
DA:133,0
DA:134,0
DA:135,0
DA:138,0
DA:140,0
DA:141,0
DA:142,0
DA:143,0
DA:144,0
DA:147,0
DA:150,0
DA:151,0
DA:153,0
DA:157,0
DA:225,0
LF:83
LH:0
BRDA:25,0,0,0
BRDA:44,1,0,0
BRDA:71,2,0,0
BRDA:71,3,0,0
BRDA:71,3,1,0
BRDA:86,4,0,0
BRDA:86,4,1,0
BRDA:99,5,0,0
BRDA:99,5,1,0
BRDA:104,6,0,0
BRDA:104,6,1,0
BRDA:105,7,0,0
BRDA:105,7,1,0
BRDA:107,8,0,0
BRDA:107,8,1,0
BRDA:134,9,0,0
BRDA:134,10,0,0
BRDA:134,10,1,0
BRDA:140,11,0,0
BRDA:140,11,1,0
BRDA:147,12,0,0
BRDA:147,12,1,0
BRDA:157,13,0,0
BRDA:233,14,0,0
BRDA:245,15,0,0
BRDA:258,16,0,0
BRF:26
BRH:0
end_of_record
TN:
SF:app\api\admin\add-team-column\route.ts
FN:6,POST
FNF:1
FNH:0
FNDA:0,POST
DA:1,0
DA:2,0
DA:3,0
DA:4,0
DA:6,0
DA:7,0
DA:8,0
DA:10,0
DA:11,0
DA:14,0
DA:16,0
DA:19,0
DA:20,0
DA:26,0
DA:27,0
DA:33,0
DA:34,0
DA:41,0
DA:43,0
DA:50,0
DA:51,0
LF:21
LH:0
BRDA:10,0,0,0
BRDA:46,1,0,0
BRDA:46,1,1,0
BRDA:53,2,0,0
BRDA:53,2,1,0
BRF:5
BRH:0
end_of_record
TN:
SF:app\api\admin\ai-system\route.ts
FN:7,GET
FN:126,(anonymous_4)
FN:136,(anonymous_5)
FN:163,POST
FNF:4
FNH:0
FNDA:0,GET
FNDA:0,(anonymous_4)
FNDA:0,(anonymous_5)
FNDA:0,POST
DA:1,0
DA:2,0
DA:3,0
DA:4,0
DA:5,0
DA:7,0
DA:8,0
DA:9,0
DA:11,0
DA:12,0
DA:19,0
DA:21,0
DA:24,0
DA:36,0
DA:51,0
DA:77,0
DA:91,0
DA:92,0
DA:94,0
DA:112,0
DA:114,0
DA:123,0
DA:126,0
DA:136,0
DA:148,0
DA:149,0
DA:153,0
DA:163,0
DA:164,0
DA:165,0
DA:167,0
DA:168,0
DA:174,0
DA:175,0
DA:177,0
DA:179,0
DA:182,0
DA:183,0
DA:190,0
DA:191,0
DA:197,0
DA:203,0
DA:210,0
DA:211,0
DA:212,0
DA:218,0
DA:223,0
DA:228,0
DA:231,0
DA:239,0
DA:241,0
LF:51
LH:0
BRDA:11,0,0,0
BRDA:97,1,0,0
BRDA:97,1,1,0
BRDA:99,2,0,0
BRDA:99,2,1,0
BRDA:100,3,0,0
BRDA:100,3,1,0
BRDA:101,4,0,0
BRDA:101,4,1,0
BRDA:102,5,0,0
BRDA:102,5,1,0
BRDA:103,6,0,0
BRDA:103,6,1,0
BRDA:106,7,0,0
BRDA:106,7,1,0
BRDA:107,8,0,0
BRDA:107,8,1,0
BRDA:108,9,0,0
BRDA:108,9,1,0
BRDA:134,10,0,0
BRDA:134,10,1,0
BRDA:140,11,0,0
BRDA:140,11,1,0
BRDA:141,12,0,0
BRDA:141,12,1,0
BRDA:143,13,0,0
BRDA:143,13,1,0
BRDA:150,14,0,0
BRDA:150,14,1,0
BRDA:157,15,0,0
BRDA:157,15,1,0
BRDA:157,16,0,0
BRDA:157,16,1,0
BRDA:167,17,0,0
BRDA:179,18,0,0
BRDA:179,18,1,0
BRDA:179,18,2,0
BRDA:179,18,3,0
BRDA:205,19,0,0
BRDA:205,19,1,0
BRDA:210,20,0,0
BRDA:244,21,0,0
BRDA:244,21,1,0
BRF:43
BRH:0
end_of_record
TN:
SF:app\api\admin\analytics\route.ts
FN:8,(anonymous_1)
FN:76,(anonymous_2)
FN:82,(anonymous_3)
FN:90,GET
FN:216,(anonymous_5)
FN:224,(anonymous_6)
FN:232,(anonymous_7)
FN:240,(anonymous_8)
FN:397,(anonymous_9)
FN:405,(anonymous_10)
FN:411,(anonymous_11)
FN:424,(anonymous_12)
FN:426,(anonymous_13)
FNF:13
FNH:0
FNDA:0,(anonymous_1)
FNDA:0,(anonymous_2)
FNDA:0,(anonymous_3)
FNDA:0,GET
FNDA:0,(anonymous_5)
FNDA:0,(anonymous_6)
FNDA:0,(anonymous_7)
FNDA:0,(anonymous_8)
FNDA:0,(anonymous_9)
FNDA:0,(anonymous_10)
FNDA:0,(anonymous_11)
FNDA:0,(anonymous_12)
FNDA:0,(anonymous_13)
DA:1,0
DA:2,0
DA:3,0
DA:4,0
DA:8,0
DA:76,0
DA:82,0
DA:90,0
DA:91,0
DA:92,0
DA:94,0
DA:95,0
DA:99,0
DA:100,0
DA:104,0
DA:105,0
DA:111,0
DA:112,0
DA:113,0
DA:114,0
DA:115,0
DA:118,0
DA:132,0
DA:133,0
DA:134,0
DA:137,0
DA:149,0
DA:165,0
DA:166,0
DA:169,0
DA:170,0
DA:171,0
DA:174,0
DA:187,0
DA:195,0
DA:205,0
DA:215,0
DA:216,0
DA:224,0
DA:232,0
DA:240,0
DA:243,0
DA:264,0
DA:306,0
DA:348,0
DA:349,0
DA:350,0
DA:352,0
DA:363,0
DA:397,0
DA:405,0
DA:411,0
DA:424,0
DA:426,0
DA:430,0
DA:436,0
DA:437,0
LF:57
LH:0
BRDA:94,0,0,0
BRDA:104,1,0,0
BRDA:132,2,0,0
BRDA:132,2,1,0
BRDA:133,3,0,0
BRDA:133,3,1,0
BRDA:134,4,0,0
BRDA:134,4,1,0
BRDA:165,5,0,0
BRDA:165,5,1,0
BRDA:165,6,0,0
BRDA:165,6,1,0
BRDA:166,7,0,0
BRDA:166,7,1,0
BRDA:166,8,0,0
BRDA:166,8,1,0
BRDA:169,9,0,0
BRDA:169,9,1,0
BRDA:170,10,0,0
BRDA:170,10,1,0
BRDA:171,11,0,0
BRDA:171,11,1,0
BRDA:230,12,0,0
BRDA:230,12,1,0
BRDA:365,13,0,0
BRDA:365,13,1,0
BRDA:366,14,0,0
BRDA:366,14,1,0
BRDA:367,15,0,0
BRDA:367,15,1,0
BRDA:368,16,0,0
BRDA:368,16,1,0
BRDA:369,17,0,0
BRDA:369,17,1,0
BRDA:373,18,0,0
BRDA:373,18,1,0
BRDA:374,19,0,0
BRDA:374,19,1,0
BRDA:375,20,0,0
BRDA:375,20,1,0
BRDA:378,21,0,0
BRDA:378,21,1,0
BRDA:379,22,0,0
BRDA:379,22,1,0
BRDA:380,23,0,0
BRDA:380,23,1,0
BRDA:381,24,0,0
BRDA:381,24,1,0
BRDA:387,25,0,0
BRDA:387,25,1,0
BRDA:388,26,0,0
BRDA:388,26,1,0
BRDA:389,27,0,0
BRDA:389,27,1,0
BRDA:390,28,0,0
BRDA:390,28,1,0
BRDA:391,29,0,0
BRDA:391,29,1,0
BRDA:392,30,0,0
BRDA:392,30,1,0
BRDA:393,31,0,0
BRDA:393,31,1,0
BRDA:394,32,0,0
BRDA:394,32,1,0
BRDA:402,33,0,0
BRDA:402,33,1,0
BRDA:419,34,0,0
BRDA:419,34,1,0
BRDA:439,35,0,0
BRDA:439,35,1,0
BRDA:439,36,0,0
BRDA:439,36,1,0
BRF:72
BRH:0
end_of_record
TN:
SF:app\api\admin\appeals\route.ts
FN:8,(anonymous_3)
FN:96,GET
FN:181,(anonymous_5)
FN:197,(anonymous_6)
FN:233,POST
FNF:5
FNH:0
FNDA:0,(anonymous_3)
FNDA:0,GET
FNDA:0,(anonymous_5)
FNDA:0,(anonymous_6)
FNDA:0,POST
DA:1,0
DA:2,0
DA:3,0
DA:4,0
DA:8,0
DA:96,0
DA:97,0
DA:98,0
DA:100,0
DA:101,0
DA:105,0
DA:106,0
DA:110,0
DA:111,0
DA:115,0
DA:116,0
DA:125,0
DA:151,0
DA:171,0
DA:180,0
DA:181,0
DA:197,0
DA:218,0
DA:224,0
DA:225,0
DA:233,0
DA:234,0
DA:235,0
DA:237,0
DA:238,0
DA:242,0
DA:243,0
DA:247,0
DA:248,0
DA:251,0
DA:252,0
DA:254,0
DA:255,0
DA:259,0
DA:260,0
DA:276,0
DA:283,0
DA:284,0
DA:288,0
DA:299,0
DA:300,0
DA:302,0
DA:315,0
DA:328,0
DA:329,0
LF:50
LH:0
BRDA:100,0,0,0
BRDA:110,1,0,0
BRDA:115,2,0,0
BRDA:209,3,0,0
BRDA:209,3,1,0
BRDA:210,4,0,0
BRDA:210,4,1,0
BRDA:211,5,0,0
BRDA:211,5,1,0
BRDA:212,6,0,0
BRDA:212,6,1,0
BRDA:227,7,0,0
BRDA:227,7,1,0
BRDA:227,8,0,0
BRDA:227,8,1,0
BRDA:237,9,0,0
BRDA:247,10,0,0
BRDA:254,11,0,0
BRDA:259,12,0,0
BRDA:268,13,0,0
BRDA:268,13,1,0
BRDA:283,14,0,0
BRDA:292,15,0,0
BRDA:292,15,1,0
BRDA:299,16,0,0
BRDA:300,17,0,0
BRDA:300,17,1,0
BRDA:306,18,0,0
BRDA:306,18,1,0
BRDA:323,19,0,0
BRDA:323,19,1,0
BRDA:331,20,0,0
BRDA:331,20,1,0
BRDA:331,21,0,0
BRDA:331,21,1,0
BRF:35
BRH:0
end_of_record
TN:
SF:app\api\admin\deploy-ai-schema\route.ts
FN:9,POST
FN:47,(anonymous_5)
FN:48,(anonymous_6)
FN:168,GET
FN:199,(anonymous_8)
FNF:5
FNH:0
FNDA:0,POST
FNDA:0,(anonymous_5)
FNDA:0,(anonymous_6)
FNDA:0,GET
FNDA:0,(anonymous_8)
DA:1,0
DA:2,0
DA:3,0
DA:4,0
DA:5,0
DA:6,0
DA:7,0
DA:9,0
DA:10,0
DA:11,0
DA:13,0
DA:14,0
DA:21,0
DA:24,0
DA:27,0
DA:28,0
DA:29,0
DA:31,0
DA:32,0
DA:40,0
DA:41,0
DA:42,0
DA:45,0
DA:47,0
DA:48,0
DA:50,0
DA:52,0
DA:53,0
DA:54,0
DA:55,0
DA:57,0
DA:58,0
DA:59,0
DA:60,0
DA:61,0
DA:62,0
DA:63,0
DA:65,0
DA:70,0
DA:71,0
DA:73,0
DA:74,0
DA:75,0
DA:82,0
DA:90,0
DA:91,0
DA:92,0
DA:93,0
DA:100,0
DA:101,0
DA:103,0
DA:106,0
DA:111,0
DA:112,0
DA:114,0
DA:115,0
DA:116,0
DA:118,0
DA:121,0
DA:122,0
DA:123,0
DA:125,0
DA:128,0
DA:130,0
DA:138,0
DA:153,0
DA:154,0
DA:158,0
DA:168,0
DA:169,0
DA:170,0
DA:172,0
DA:173,0
DA:179,0
DA:182,0
DA:183,0
DA:185,0
DA:186,0
DA:187,0
DA:193,0
DA:195,0
DA:199,0
DA:201,0
DA:211,0
LF:84
LH:0
BRDA:13,0,0,0
BRDA:48,1,0,0
BRDA:48,1,1,0
BRDA:48,1,2,0
BRDA:59,2,0,0
BRDA:65,3,0,0
BRDA:65,3,1,0
BRDA:65,4,0,0
BRDA:65,4,1,0
BRDA:65,4,2,0
BRDA:65,4,3,0
BRDA:100,5,0,0
BRDA:100,5,1,0
BRDA:155,6,0,0
BRDA:155,6,1,0
BRDA:162,7,0,0
BRDA:162,7,1,0
BRDA:172,8,0,0
BRDA:205,9,0,0
BRDA:205,9,1,0
BRF:20
BRH:0
end_of_record
TN:
SF:app\api\admin\dev-access\route.ts
FN:13,POST
FN:91,GET
FN:113,(anonymous_5)
FNF:3
FNH:0
FNDA:0,POST
FNDA:0,GET
FNDA:0,(anonymous_5)
DA:1,0
DA:2,0
DA:3,0
DA:4,0
DA:5,0
DA:7,0
DA:13,0
DA:14,0
DA:16,0
DA:17,0
DA:18,0
DA:22,0
DA:23,0
DA:26,0
DA:29,0
DA:30,0
DA:41,0
DA:42,0
DA:46,0
DA:66,0
DA:67,0
DA:80,0
DA:82,0
DA:83,0
DA:86,0
DA:91,0
DA:92,0
DA:93,0
DA:94,0
DA:95,0
DA:98,0
DA:99,0
DA:112,0
DA:113,0
DA:125,0
DA:126,0
LF:36
LH:0
BRDA:17,0,0,0
BRDA:34,1,0,0
BRDA:34,1,1,0
BRDA:35,2,0,0
BRDA:35,2,1,0
BRDA:41,3,0,0
BRDA:57,4,0,0
BRDA:57,4,1,0
BRDA:69,5,0,0
BRDA:69,5,1,0
BRDA:82,6,0,0
BRDA:94,7,0,0
BRF:12
BRH:0
end_of_record
TN:
SF:app\api\admin\fix-legacy-verification\route.ts
FN:6,POST
FN:42,(anonymous_2)
FNF:2
FNH:0
FNDA:0,POST
FNDA:0,(anonymous_2)
DA:1,0
DA:2,0
DA:3,0
DA:4,0
DA:6,0
DA:7,0
DA:9,0
DA:10,0
DA:11,0
DA:14,0
DA:17,0
DA:29,0
DA:37,0
DA:42,0
DA:50,0
DA:51,0
LF:16
LH:0
BRDA:10,0,0,0
BRDA:54,1,0,0
BRDA:54,1,1,0
BRF:3
BRH:0
end_of_record
TN:
SF:app\api\admin\moderation\process\route.ts
FN:6,POST
FNF:1
FNH:0
FNDA:0,POST
DA:1,0
DA:2,0
DA:3,0
DA:4,0
DA:6,0
DA:7,0
DA:8,0
DA:10,0
DA:11,0
DA:14,0
DA:15,0
DA:17,0
DA:18,0
DA:21,0
DA:22,0
DA:25,0
DA:28,0
DA:34,0
DA:35,0
DA:38,0
DA:41,0
DA:53,0
DA:55,0
DA:56,0
DA:57,0
DA:62,0
DA:63,0
DA:68,0
DA:69,0
DA:76,0
DA:80,0
DA:82,0
DA:94,0
DA:95,0
DA:96,0
DA:99,0
DA:106,0
DA:107,0
LF:38
LH:0
BRDA:10,0,0,0
BRDA:17,1,0,0
BRDA:17,2,0,0
BRDA:17,2,1,0
BRDA:21,3,0,0
BRDA:34,4,0,0
BRDA:44,5,0,0
BRDA:44,5,1,0
BRDA:47,6,0,0
BRDA:47,6,1,0
BRDA:53,7,0,0
BRDA:53,7,1,0
BRDA:56,8,0,0
BRDA:56,8,1,0
BRDA:62,9,0,0
BRDA:62,9,1,0
BRDA:68,10,0,0
BRDA:80,11,0,0
BRDA:80,11,1,0
BRDA:80,12,0,0
BRDA:80,12,1,0
BRDA:80,12,2,0
BRDA:95,13,0,0
BRDA:109,14,0,0
BRDA:109,14,1,0
BRDA:109,15,0,0
BRDA:109,15,1,0
BRF:27
BRH:0
end_of_record
TN:
SF:app\api\admin\moderation\queue\route.ts
FN:6,GET
FN:41,(anonymous_2)
FNF:2
FNH:0
FNDA:0,GET
FNDA:0,(anonymous_2)
DA:1,0
DA:2,0
DA:3,0
DA:4,0
DA:6,0
DA:7,0
DA:8,0
DA:10,0
DA:11,0
DA:14,0
DA:17,0
DA:41,0
DA:60,0
DA:67,0
DA:68,0
LF:15
LH:0
BRDA:10,0,0,0
BRDA:47,1,0,0
BRDA:47,1,1,0
BRDA:54,2,0,0
BRDA:54,2,1,0
BRDA:55,3,0,0
BRDA:55,3,1,0
BRDA:70,4,0,0
BRDA:70,4,1,0
BRDA:70,5,0,0
BRDA:70,5,1,0
BRF:11
BRH:0
end_of_record
TN:
SF:app\api\admin\moderation\reports\route.ts
FN:6,GET
FN:43,(anonymous_4)
FN:76,PUT
FNF:3
FNH:0
FNDA:0,GET
FNDA:0,(anonymous_4)
FNDA:0,PUT
DA:1,0
DA:2,0
DA:3,0
DA:4,0
DA:6,0
DA:7,0
DA:8,0
DA:10,0
DA:11,0
DA:14,0
DA:17,0
DA:43,0
DA:61,0
DA:68,0
DA:69,0
DA:76,0
DA:77,0
DA:78,0
DA:80,0
DA:81,0
DA:84,0
DA:85,0
DA:87,0
DA:88,0
DA:91,0
DA:94,0
DA:106,0
DA:107,0
DA:110,0
DA:111,0
DA:112,0
DA:115,0
DA:122,0
DA:123,0
LF:34
LH:0
BRDA:10,0,0,0
BRDA:45,1,0,0
BRDA:45,1,1,0
BRDA:71,2,0,0
BRDA:71,2,1,0
BRDA:71,3,0,0
BRDA:71,3,1,0
BRDA:80,4,0,0
BRDA:87,5,0,0
BRDA:87,6,0,0
BRDA:87,6,1,0
BRDA:97,7,0,0
BRDA:97,7,1,0
BRDA:97,8,0,0
BRDA:97,8,1,0
BRDA:100,9,0,0
BRDA:100,9,1,0
BRDA:106,10,0,0
BRDA:111,11,0,0
BRDA:125,12,0,0
BRDA:125,12,1,0
BRDA:125,13,0,0
BRDA:125,13,1,0
BRF:23
BRH:0
end_of_record
TN:
SF:app\api\admin\moderation\test-data\route.ts
FN:6,POST
FNF:1
FNH:0
FNDA:0,POST
DA:1,0
DA:2,0
DA:3,0
DA:4,0
DA:6,0
DA:7,0
DA:8,0
DA:10,0
DA:11,0
DA:14,0
DA:17,0
DA:32,0
DA:43,0
DA:49,0
DA:50,0
LF:15
LH:0
BRDA:10,0,0,0
BRDA:52,1,0,0
BRDA:52,1,1,0
BRDA:52,2,0,0
BRDA:52,2,1,0
BRF:5
BRH:0
end_of_record
TN:
SF:app\api\admin\revenue-stats\route.ts
FN:6,GET
FN:52,(anonymous_2)
FN:64,(anonymous_3)
FNF:3
FNH:0
FNDA:0,GET
FNDA:0,(anonymous_2)
FNDA:0,(anonymous_3)
DA:1,0
DA:2,0
DA:3,0
DA:4,0
DA:6,0
DA:7,0
DA:8,0
DA:10,0
DA:11,0
DA:15,0
DA:16,0
DA:20,0
DA:21,0
DA:25,0
DA:36,0
DA:44,0
DA:52,0
DA:53,0
DA:54,0
DA:57,0
DA:64,0
DA:68,0
DA:71,0
DA:72,0
LF:24
LH:0
BRDA:10,0,0,0
BRDA:20,1,0,0
BRDA:53,2,0,0
BRDA:53,2,1,0
BRDA:58,3,0,0
BRDA:58,3,1,0
BRDA:59,4,0,0
BRDA:59,4,1,0
BRDA:60,5,0,0
BRDA:60,5,1,0
BRDA:61,6,0,0
BRDA:61,6,1,0
BRDA:62,7,0,0
BRDA:62,7,1,0
BRDA:63,8,0,0
BRDA:63,8,1,0
BRDA:64,9,0,0
BRDA:64,9,1,0
BRDA:64,10,0,0
BRDA:64,10,1,0
BRDA:65,11,0,0
BRDA:65,11,1,0
BRDA:74,12,0,0
BRDA:74,12,1,0
BRDA:74,13,0,0
BRDA:74,13,1,0
BRF:26
BRH:0
end_of_record
TN:
SF:app\api\admin\run-migration\route.ts
FN:9,POST
FN:58,(anonymous_5)
FN:68,(anonymous_6)
FN:72,(anonymous_7)
FN:73,(anonymous_8)
FN:80,(anonymous_9)
FN:81,(anonymous_10)
FN:184,GET
FN:220,(anonymous_12)
FNF:9
FNH:0
FNDA:0,POST
FNDA:0,(anonymous_5)
FNDA:0,(anonymous_6)
FNDA:0,(anonymous_7)
FNDA:0,(anonymous_8)
FNDA:0,(anonymous_9)
FNDA:0,(anonymous_10)
FNDA:0,GET
FNDA:0,(anonymous_12)
DA:1,0
DA:2,0
DA:3,0
DA:4,0
DA:5,0
DA:6,0
DA:9,0
DA:10,0
DA:11,0
DA:13,0
DA:14,0
DA:18,0
DA:20,0
DA:24,0
DA:25,0
DA:28,0
DA:29,0
DA:32,0
DA:33,0
DA:34,0
DA:35,0
DA:38,0
DA:39,0
DA:41,0
DA:42,0
DA:45,0
DA:46,0
DA:47,0
DA:50,0
DA:58,0
DA:61,0
DA:68,0
DA:70,0
DA:71,0
DA:72,0
DA:73,0
DA:75,0
DA:80,0
DA:81,0
DA:88,0
DA:89,0
DA:90,0
DA:92,0
DA:98,0
DA:99,0
DA:101,0
DA:114,0
DA:116,0
DA:123,0
DA:124,0
DA:130,0
DA:135,0
DA:136,0
DA:140,0
DA:148,0
DA:149,0
DA:153,0
DA:155,0
DA:156,0
DA:159,0
DA:161,0
DA:168,0
DA:169,0
DA:176,0
DA:177,0
DA:184,0
DA:185,0
DA:186,0
DA:188,0
DA:189,0
DA:192,0
DA:195,0
DA:199,0
DA:200,0
DA:204,0
DA:211,0
DA:217,0
DA:220,0
DA:227,0
LF:79
LH:0
BRDA:13,0,0,0
BRDA:24,1,0,0
BRDA:32,2,0,0
BRDA:33,3,0,0
BRDA:33,3,1,0
BRDA:71,4,0,0
BRDA:71,4,1,0
BRDA:89,5,0,0
BRDA:89,5,1,0
BRDA:98,6,0,0
BRDA:98,6,1,0
BRDA:126,7,0,0
BRDA:126,7,1,0
BRDA:126,8,0,0
BRDA:126,8,1,0
BRDA:135,9,0,0
BRDA:148,10,0,0
BRDA:171,11,0,0
BRDA:171,11,1,0
BRDA:171,12,0,0
BRDA:171,12,1,0
BRDA:179,13,0,0
BRDA:179,13,1,0
BRDA:179,14,0,0
BRDA:179,14,1,0
BRDA:188,15,0,0
BRDA:199,16,0,0
BRDA:229,17,0,0
BRDA:229,17,1,0
BRF:29
BRH:0
end_of_record
TN:
SF:app\api\admin\storage-health\route.ts
FN:6,GET
FNF:1
FNH:0
FNDA:0,GET
DA:1,0
DA:2,0
DA:3,0
DA:4,0
DA:6,0
DA:7,0
DA:8,0
DA:11,0
DA:12,0
DA:15,0
DA:17,0
DA:33,0
DA:34,0
LF:13
LH:0
BRDA:11,0,0,0
BRDA:11,1,0,0
BRDA:11,1,1,0
BRDA:27,2,0,0
BRDA:27,2,1,0
BRDA:28,3,0,0
BRDA:28,3,1,0
BRDA:37,4,0,0
BRDA:37,4,1,0
BRF:9
BRH:0
end_of_record
TN:
SF:app\api\admin\system\route.ts
FN:9,(anonymous_3)
FN:116,GET
FN:211,POST
FNF:3
FNH:0
FNDA:0,(anonymous_3)
FNDA:0,GET
FNDA:0,POST
DA:1,0
DA:2,0
DA:3,0
DA:4,0
DA:6,0
DA:9,0
DA:116,0
DA:117,0
DA:118,0
DA:120,0
DA:121,0
DA:125,0
DA:126,0
DA:130,0
DA:131,0
DA:135,0
DA:142,0
DA:151,0
DA:152,0
DA:160,0
DA:161,0
DA:162,0
DA:163,0
DA:164,0
DA:166,0
DA:172,0
DA:179,0
DA:196,0
DA:202,0
DA:203,0
DA:211,0
DA:212,0
DA:213,0
DA:215,0
DA:216,0
DA:220,0
DA:221,0
DA:222,0
DA:225,0
DA:226,0
DA:228,0
DA:230,0
DA:233,0
DA:234,0
DA:237,0
DA:238,0
DA:239,0
DA:240,0
DA:246,0
DA:252,0
DA:256,0
DA:261,0
DA:264,0
DA:267,0
DA:274,0
DA:275,0
LF:56
LH:0
BRDA:120,0,0,0
BRDA:130,1,0,0
BRDA:135,2,0,0
BRDA:135,2,1,0
BRDA:145,3,0,0
BRDA:145,3,1,0
BRDA:146,4,0,0
BRDA:146,4,1,0
BRDA:174,5,0,0
BRDA:174,5,1,0
BRDA:205,6,0,0
BRDA:205,6,1,0
BRDA:205,7,0,0
BRDA:205,7,1,0
BRDA:215,8,0,0
BRDA:220,9,0,0
BRDA:220,9,1,0
BRDA:221,10,0,0
BRDA:230,11,0,0
BRDA:230,11,1,0
BRDA:230,11,2,0
BRDA:230,11,3,0
BRDA:248,12,0,0
BRDA:248,12,1,0
BRDA:257,13,0,0
BRDA:257,13,1,0
BRDA:258,14,0,0
BRDA:258,14,1,0
BRDA:277,15,0,0
BRDA:277,15,1,0
BRDA:277,16,0,0
BRDA:277,16,1,0
BRF:32
BRH:0
end_of_record
TN:
SF:app\api\admin\users\route.ts
FN:9,(anonymous_3)
FN:103,GET
FN:219,(anonymous_5)
FN:270,POST
FNF:4
FNH:0
FNDA:0,(anonymous_3)
FNDA:0,GET
FNDA:0,(anonymous_5)
FNDA:0,POST
DA:1,0
DA:2,0
DA:3,0
DA:4,0
DA:6,0
DA:9,0
DA:103,0
DA:104,0
DA:105,0
DA:107,0
DA:108,0
DA:112,0
DA:113,0
DA:117,0
DA:118,0
DA:122,0
DA:125,0
DA:126,0
DA:127,0
DA:128,0
DA:129,0
DA:130,0
DA:131,0
DA:132,0
DA:137,0
DA:140,0
DA:141,0
DA:142,0
DA:144,0
DA:145,0
DA:146,0
DA:147,0
DA:150,0
DA:151,0
DA:152,0
DA:153,0
DA:154,0
DA:155,0
DA:156,0
DA:160,0
DA:161,0
DA:162,0
DA:163,0
DA:166,0
DA:172,0
DA:174,0
DA:185,0
DA:189,0
DA:192,0
DA:202,0
DA:203,0
DA:207,0
DA:216,0
DA:218,0
DA:219,0
DA:253,0
DA:259,0
DA:260,0
DA:262,0
DA:270,0
DA:271,0
DA:272,0
DA:274,0
DA:275,0
DA:279,0
DA:280,0
DA:284,0
DA:285,0
DA:288,0
DA:289,0
DA:291,0
DA:292,0
DA:297,0
DA:299,0
DA:301,0
DA:306,0
DA:307,0
DA:310,0
DA:315,0
DA:316,0
DA:319,0
DA:324,0
DA:325,0
DA:328,0
DA:333,0
DA:334,0
DA:337,0
DA:342,0
DA:343,0
DA:346,0
DA:350,0
DA:358,0
DA:359,0
DA:376,0
DA:379,0
DA:386,0
DA:387,0
DA:389,0
LF:98
LH:0
BRDA:107,0,0,0
BRDA:117,1,0,0
BRDA:122,2,0,0
BRDA:122,2,1,0
BRDA:126,3,0,0
BRDA:126,3,1,0
BRDA:127,4,0,0
BRDA:127,4,1,0
BRDA:128,5,0,0
BRDA:128,5,1,0
BRDA:129,6,0,0
BRDA:129,6,1,0
BRDA:130,7,0,0
BRDA:130,7,1,0
BRDA:131,8,0,0
BRDA:131,8,1,0
BRDA:132,9,0,0
BRDA:132,9,1,0
BRDA:144,10,0,0
BRDA:150,11,0,0
BRDA:151,12,0,0
BRDA:151,12,1,0
BRDA:153,13,0,0
BRDA:153,13,1,0
BRDA:155,14,0,0
BRDA:160,15,0,0
BRDA:166,16,0,0
BRDA:166,16,1,0
BRDA:172,17,0,0
BRDA:172,17,1,0
BRDA:224,18,0,0
BRDA:224,18,1,0
BRDA:225,19,0,0
BRDA:225,19,1,0
BRDA:226,20,0,0
BRDA:226,20,1,0
BRDA:227,21,0,0
BRDA:227,21,1,0
BRDA:228,22,0,0
BRDA:228,22,1,0
BRDA:229,23,0,0
BRDA:229,23,1,0
BRDA:230,24,0,0
BRDA:230,24,1,0
BRDA:231,25,0,0
BRDA:231,25,1,0
BRDA:232,26,0,0
BRDA:232,26,1,0
BRDA:235,27,0,0
BRDA:235,27,1,0
BRDA:236,28,0,0
BRDA:236,28,1,0
BRDA:245,29,0,0
BRDA:245,29,1,0
BRDA:246,30,0,0
BRDA:246,30,1,0
BRDA:247,31,0,0
BRDA:247,31,1,0
BRDA:248,32,0,0
BRDA:248,32,1,0
BRDA:249,33,0,0
BRDA:249,33,1,0
BRDA:260,34,0,0
BRDA:260,34,1,0
BRDA:264,35,0,0
BRDA:264,35,1,0
BRDA:264,36,0,0
BRDA:264,36,1,0
BRDA:274,37,0,0
BRDA:284,38,0,0
BRDA:291,39,0,0
BRDA:291,40,0,0
BRDA:291,40,1,0
BRDA:299,41,0,0
BRDA:299,41,1,0
BRDA:299,41,2,0
BRDA:299,41,3,0
BRDA:299,41,4,0
BRDA:299,41,5,0
BRDA:354,42,0,0
BRDA:354,42,1,0
BRDA:370,43,0,0
BRDA:370,43,1,0
BRDA:387,44,0,0
BRDA:387,44,1,0
BRDA:391,45,0,0
BRDA:391,45,1,0
BRDA:391,46,0,0
BRDA:391,46,1,0
BRF:89
BRH:0
end_of_record
TN:
SF:app\api\admin\verifications\route.ts
FN:9,(anonymous_4)
FN:126,GET
FN:209,(anonymous_6)
FN:224,(anonymous_7)
FN:259,POST
FN:349,PUT
FNF:6
FNH:0
FNDA:0,(anonymous_4)
FNDA:0,GET
FNDA:0,(anonymous_6)
FNDA:0,(anonymous_7)
FNDA:0,POST
FNDA:0,PUT
DA:1,0
DA:2,0
DA:3,0
DA:4,0
DA:6,0
DA:9,0
DA:126,0
DA:127,0
DA:128,0
DA:130,0
DA:131,0
DA:135,0
DA:136,0
DA:140,0
DA:141,0
DA:145,0
DA:146,0
DA:155,0
DA:180,0
DA:198,0
DA:208,0
DA:209,0
DA:224,0
DA:244,0
DA:250,0
DA:251,0
DA:259,0
DA:260,0
DA:261,0
DA:263,0
DA:264,0
DA:268,0
DA:269,0
DA:273,0
DA:274,0
DA:277,0
DA:278,0
DA:280,0
DA:281,0
DA:285,0
DA:286,0
DA:301,0
DA:312,0
DA:313,0
DA:317,0
DA:327,0
DA:340,0
DA:341,0
DA:349,0
DA:350,0
DA:351,0
DA:353,0
DA:354,0
DA:358,0
DA:359,0
DA:363,0
DA:364,0
DA:367,0
DA:368,0
DA:370,0
DA:371,0
DA:375,0
DA:376,0
DA:390,0
DA:393,0
DA:397,0
DA:398,0
DA:401,0
DA:402,0
DA:403,0
DA:407,0
DA:409,0
DA:421,0
DA:441,0
DA:455,0
DA:456,0
LF:76
LH:0
BRDA:130,0,0,0
BRDA:140,1,0,0
BRDA:145,2,0,0
BRDA:235,3,0,0
BRDA:235,3,1,0
BRDA:236,4,0,0
BRDA:236,4,1,0
BRDA:237,5,0,0
BRDA:237,5,1,0
BRDA:238,6,0,0
BRDA:238,6,1,0
BRDA:253,7,0,0
BRDA:253,7,1,0
BRDA:253,8,0,0
BRDA:253,8,1,0
BRDA:263,9,0,0
BRDA:273,10,0,0
BRDA:280,11,0,0
BRDA:285,12,0,0
BRDA:294,13,0,0
BRDA:294,13,1,0
BRDA:305,14,0,0
BRDA:305,14,1,0
BRDA:312,15,0,0
BRDA:335,16,0,0
BRDA:335,16,1,0
BRDA:343,17,0,0
BRDA:343,17,1,0
BRDA:343,18,0,0
BRDA:343,18,1,0
BRDA:353,19,0,0
BRDA:363,20,0,0
BRDA:370,21,0,0
BRDA:375,22,0,0
BRDA:397,23,0,0
BRDA:402,24,0,0
BRDA:407,25,0,0
BRDA:407,25,1,0
BRDA:458,26,0,0
BRDA:458,26,1,0
BRDA:458,27,0,0
BRDA:458,27,1,0
BRF:42
BRH:0
end_of_record
TN:
SF:app\api\admin\verify-users\route.ts
FN:7,POST
FN:39,(anonymous_4)
FN:90,GET
FNF:3
FNH:0
FNDA:0,POST
FNDA:0,(anonymous_4)
FNDA:0,GET
DA:1,0
DA:2,0
DA:3,0
DA:4,0
DA:5,0
DA:7,0
DA:8,0
DA:10,0
DA:11,0
DA:12,0
DA:19,0
DA:20,0
DA:22,0
DA:24,0
DA:26,0
DA:33,0
DA:34,0
DA:36,0
DA:39,0
DA:41,0
DA:43,0
DA:50,0
DA:51,0
DA:58,0
DA:59,0
DA:61,0
DA:67,0
DA:75,0
DA:76,0
DA:80,0
DA:90,0
DA:91,0
DA:93,0
DA:94,0
DA:95,0
DA:102,0
DA:105,0
DA:112,0
DA:119,0
DA:121,0
LF:40
LH:0
BRDA:11,0,0,0
BRDA:24,1,0,0
BRDA:24,1,1,0
BRDA:41,2,0,0
BRDA:41,2,1,0
BRDA:50,3,0,0
BRDA:77,4,0,0
BRDA:77,4,1,0
BRDA:84,5,0,0
BRDA:84,5,1,0
BRDA:84,6,0,0
BRDA:84,6,1,0
BRDA:94,7,0,0
BRF:13
BRH:0
end_of_record
TN:
SF:app\api\ai\validate-proof\route.ts
FN:8,POST
FN:183,GET
FNF:2
FNH:0
FNDA:0,POST
FNDA:0,GET
DA:1,0
DA:2,0
DA:3,0
DA:4,0
DA:5,0
DA:6,0
DA:8,0
DA:9,0
DA:10,0
DA:12,0
DA:13,0
DA:20,0
DA:21,0
DA:24,0
DA:25,0
DA:32,0
DA:35,0
DA:38,0
DA:51,0
DA:58,0
DA:59,0
DA:60,0
DA:62,0
DA:64,0
DA:65,0
DA:66,0
DA:67,0
DA:70,0
DA:71,0
DA:72,0
DA:73,0
DA:76,0
DA:77,0
DA:78,0
DA:79,0
DA:82,0
DA:83,0
DA:84,0
DA:87,0
DA:88,0
DA:89,0
DA:93,0
DA:94,0
DA:96,0
DA:97,0
DA:129,0
DA:132,0
DA:133,0
DA:139,0
DA:148,0
DA:156,0
DA:168,0
DA:169,0
DA:173,0
DA:183,0
DA:184,0
DA:185,0
DA:187,0
DA:188,0
DA:196,0
DA:214,0
DA:220,0
DA:222,0
LF:63
LH:0
BRDA:12,0,0,0
BRDA:24,1,0,0
BRDA:24,2,0,0
BRDA:24,2,1,0
BRDA:24,2,2,0
BRDA:62,3,0,0
BRDA:62,3,1,0
BRDA:62,3,2,0
BRDA:62,3,3,0
BRDA:93,4,0,0
BRDA:136,5,0,0
BRDA:136,5,1,0
BRDA:170,6,0,0
BRDA:170,6,1,0
BRDA:177,7,0,0
BRDA:177,7,1,0
BRDA:177,8,0,0
BRDA:177,8,1,0
BRDA:187,9,0,0
BRF:19
BRH:0
end_of_record
TN:
SF:app\api\alpha-access\route.ts
FN:6,POST
FN:71,GET
FNF:2
FNH:0
FNDA:0,POST
FNDA:0,GET
DA:1,0
DA:4,0
DA:6,0
DA:7,0
DA:8,0
DA:12,0
DA:13,0
DA:15,0
DA:16,0
DA:22,0
DA:24,0
DA:25,0
DA:26,0
DA:33,0
DA:34,0
DA:37,0
DA:42,0
DA:44,0
DA:52,0
DA:53,0
DA:55,0
DA:56,0
DA:62,0
DA:63,0
DA:71,0
DA:72,0
LF:26
LH:0
BRDA:4,0,0,0
BRDA:4,0,1,0
BRDA:24,1,0,0
BRDA:33,2,0,0
BRDA:33,2,1,0
BRF:5
BRH:0
end_of_record
TN:
SF:app\api\auth-debug\route.ts
FN:3,GET
FN:14,(anonymous_4)
FN:33,(anonymous_5)
FN:34,(anonymous_6)
FN:99,OPTIONS
FNF:5
FNH:0
FNDA:0,GET
FNDA:0,(anonymous_4)
FNDA:0,(anonymous_5)
FNDA:0,(anonymous_6)
FNDA:0,OPTIONS
DA:1,0
DA:3,0
DA:5,0
DA:12,0
DA:14,0
DA:15,0
DA:16,0
DA:18,0
DA:23,0
DA:32,0
DA:33,0
DA:34,0
DA:36,0
DA:39,0
DA:40,0
DA:41,0
DA:42,0
DA:43,0
DA:45,0
DA:48,0
DA:72,0
DA:78,0
DA:80,0
DA:91,0
DA:99,0
DA:100,0
LF:26
LH:0
BRDA:16,0,0,0
BRDA:16,0,1,0
BRDA:16,1,0,0
BRDA:16,1,1,0
BRDA:29,2,0,0
BRDA:29,2,1,0
BRDA:33,3,0,0
BRDA:33,3,1,0
BRDA:36,4,0,0
BRDA:36,4,1,0
BRDA:42,5,0,0
BRDA:42,5,1,0
BRDA:43,6,0,0
BRDA:43,6,1,0
BRDA:55,7,0,0
BRDA:55,7,1,0
BRDA:62,8,0,0
BRDA:62,8,1,0
BRDA:67,9,0,0
BRDA:67,9,1,0
BRDA:68,10,0,0
BRDA:68,10,1,0
BRDA:82,11,0,0
BRDA:82,11,1,0
BRDA:86,12,0,0
BRDA:86,12,1,0
BRF:26
BRH:0
end_of_record
TN:
SF:app\api\auth\[...nextauth]\route.ts
FNF:0
FNH:0
DA:1,0
DA:2,0
DA:4,0
DA:7,0
DA:8,0
DA:9,0
DA:10,0
DA:11,0
DA:12,0
DA:13,0
LF:10
LH:0
BRF:0
BRH:0
end_of_record
TN:
SF:app\api\auth\forgot-password\route.ts
FN:12,POST
FNF:1
FNH:0
FNDA:0,POST
DA:1,0
DA:2,0
DA:3,0
DA:4,0
DA:5,0
DA:8,0
DA:12,0
DA:13,0
DA:14,0
DA:17,0
DA:18,0
DA:19,0
DA:26,0
DA:28,0
DA:31,0
DA:37,0
DA:38,0
DA:41,0
DA:42,0
DA:43,0
DA:45,0
DA:53,0
DA:55,0
DA:57,0
DA:62,0
DA:63,0
DA:65,0
DA:66,0
DA:67,0
DA:72,0
DA:79,0
DA:80,0
DA:83,0
DA:84,0
DA:89,0
DA:96,0
DA:97,0
DA:101,0
DA:108,0
DA:109,0
DA:113,0
LF:41
LH:0
BRDA:18,0,0,0
BRDA:37,1,0,0
BRDA:37,1,1,0
BRDA:41,2,0,0
BRDA:65,3,0,0
BRDA:86,4,0,0
BRDA:86,4,1,0
BRDA:110,5,0,0
BRDA:110,5,1,0
BRDA:117,6,0,0
BRDA:117,6,1,0
BRDA:117,7,0,0
BRDA:117,7,1,0
BRF:13
BRH:0
end_of_record
TN:
SF:app\api\auth\register\route.ts
FN:22,(anonymous_2)
FN:32,POST
FNF:2
FNH:0
FNDA:0,(anonymous_2)
FNDA:0,POST
DA:1,0
DA:2,0
DA:3,0
DA:4,0
DA:5,0
DA:8,0
DA:23,0
DA:24,0
DA:26,0
DA:32,0
DA:33,0
DA:34,0
DA:37,0
DA:38,0
DA:39,0
DA:46,0
DA:49,0
DA:50,0
DA:59,0
DA:60,0
DA:62,0
DA:63,0
DA:66,0
DA:67,0
DA:72,0
DA:74,0
DA:79,0
DA:80,0
DA:81,0
DA:82,0
DA:89,0
DA:90,0
DA:95,0
DA:96,0
DA:98,0
DA:102,0
DA:103,0
DA:146,0
DA:147,0
DA:150,0
DA:152,0
DA:155,0
DA:156,0
DA:158,0
DA:160,0
DA:165,0
DA:166,0
DA:168,0
DA:169,0
DA:172,0
DA:173,0
DA:176,0
DA:181,0
DA:203,0
DA:206,0
DA:207,0
DA:208,0
DA:216,0
LF:58
LH:0
BRDA:23,0,0,0
BRDA:23,1,0,0
BRDA:23,1,1,0
BRDA:38,2,0,0
BRDA:49,3,0,0
BRDA:51,4,0,0
BRDA:51,4,1,0
BRDA:60,5,0,0
BRDA:66,6,0,0
BRDA:79,7,0,0
BRDA:81,8,0,0
BRDA:81,8,1,0
BRDA:128,9,0,0
BRDA:128,9,1,0
BRDA:147,10,0,0
BRDA:147,10,1,0
BRDA:168,11,0,0
BRDA:168,11,1,0
BRDA:196,12,0,0
BRDA:196,12,1,0
BRDA:206,13,0,0
BRDA:207,14,0,0
BRDA:207,15,0,0
BRDA:207,15,1,0
BRDA:220,16,0,0
BRDA:220,16,1,0
BRDA:220,17,0,0
BRDA:220,17,1,0
BRF:28
BRH:0
end_of_record
TN:
SF:app\api\auth\resend-verification\route.ts
FN:5,POST
FNF:1
FNH:0
FNDA:0,POST
DA:1,0
DA:2,0
DA:3,0
DA:5,0
DA:6,0
DA:7,0
DA:9,0
DA:10,0
DA:16,0
DA:19,0
DA:20,0
DA:27,0
DA:28,0
DA:34,0
DA:37,0
DA:38,0
DA:45,0
DA:47,0
DA:49,0
DA:54,0
DA:55,0
DA:57,0
DA:58,0
DA:59,0
DA:65,0
DA:67,0
DA:73,0
DA:74,0
DA:81,0
DA:82,0
LF:30
LH:0
BRDA:9,0,0,0
BRDA:27,1,0,0
BRDA:37,2,0,0
BRDA:57,3,0,0
BRF:4
BRH:0
end_of_record
TN:
SF:app\api\auth\reset-password\route.ts
FN:12,(anonymous_4)
FN:17,POST
FN:104,GET
FNF:3
FNH:0
FNDA:0,(anonymous_4)
FNDA:0,POST
FNDA:0,GET
DA:1,0
DA:2,0
DA:3,0
DA:4,0
DA:5,0
DA:8,0
DA:12,0
DA:17,0
DA:18,0
DA:19,0
DA:22,0
DA:23,0
DA:24,0
DA:31,0
DA:33,0
DA:36,0
DA:40,0
DA:42,0
DA:43,0
DA:44,0
DA:46,0
DA:54,0
DA:55,0
DA:58,0
DA:65,0
DA:66,0
DA:67,0
DA:69,0
DA:76,0
DA:78,0
DA:79,0
DA:82,0
DA:89,0
DA:90,0
DA:94,0
DA:104,0
DA:105,0
DA:106,0
DA:107,0
DA:109,0
DA:110,0
DA:117,0
DA:120,0
DA:126,0
DA:127,0
DA:134,0
DA:137,0
DA:138,0
DA:146,0
DA:147,0
DA:155,0
DA:162,0
DA:163,0
DA:167,0
LF:54
LH:0
BRDA:23,0,0,0
BRDA:42,1,0,0
BRDA:65,2,0,0
BRDA:91,3,0,0
BRDA:91,3,1,0
BRDA:98,4,0,0
BRDA:98,4,1,0
BRDA:98,5,0,0
BRDA:98,5,1,0
BRDA:109,6,0,0
BRDA:126,7,0,0
BRDA:137,8,0,0
BRDA:146,9,0,0
BRDA:164,10,0,0
BRDA:164,10,1,0
BRDA:171,11,0,0
BRDA:171,11,1,0
BRDA:171,12,0,0
BRDA:171,12,1,0
BRF:19
BRH:0
end_of_record
TN:
SF:app\api\auth\verify-email\route.ts
FN:5,GET
FN:62,POST
FNF:2
FNH:0
FNDA:0,GET
FNDA:0,POST
DA:1,0
DA:2,0
DA:3,0
DA:5,0
DA:6,0
DA:7,0
DA:8,0
DA:10,0
DA:11,0
DA:18,0
DA:21,0
DA:25,0
DA:27,0
DA:28,0
DA:29,0
DA:31,0
DA:38,0
DA:39,0
DA:42,0
DA:49,0
DA:50,0
DA:52,0
DA:62,0
DA:63,0
DA:64,0
DA:65,0
DA:67,0
DA:68,0
DA:75,0
DA:78,0
DA:82,0
DA:84,0
DA:85,0
DA:86,0
DA:88,0
DA:95,0
DA:96,0
DA:99,0
DA:106,0
DA:107,0
DA:109,0
LF:41
LH:0
BRDA:10,0,0,0
BRDA:27,1,0,0
BRDA:50,2,0,0
BRDA:50,2,1,0
BRDA:56,3,0,0
BRDA:56,3,1,0
BRDA:56,4,0,0
BRDA:56,4,1,0
BRDA:67,5,0,0
BRDA:84,6,0,0
BRDA:107,7,0,0
BRDA:107,7,1,0
BRDA:113,8,0,0
BRDA:113,8,1,0
BRDA:113,9,0,0
BRDA:113,9,1,0
BRF:16
BRH:0
end_of_record
TN:
SF:app\api\brands\route.ts
FN:9,GET
FN:24,(anonymous_2)
FN:31,(anonymous_3)
FN:32,(anonymous_4)
FNF:4
FNH:0
FNDA:0,GET
FNDA:0,(anonymous_2)
FNDA:0,(anonymous_3)
FNDA:0,(anonymous_4)
DA:1,0
DA:2,0
DA:3,0
DA:4,0
DA:5,0
DA:6,0
DA:9,0
DA:10,0
DA:11,0
DA:12,0
DA:13,0
DA:14,0
DA:15,0
DA:18,0
DA:19,0
DA:20,0
DA:23,0
DA:24,0
DA:25,0
DA:30,0
DA:31,0
DA:32,0
DA:37,0
DA:39,0
DA:50,0
DA:54,0
DA:64,0
DA:65,0
LF:28
LH:0
BRDA:15,0,0,0
BRDA:15,0,1,0
BRDA:18,1,0,0
BRDA:18,2,0,0
BRDA:18,2,1,0
BRDA:19,3,0,0
BRDA:19,3,1,0
BRDA:23,4,0,0
BRDA:30,5,0,0
BRDA:68,6,0,0
BRDA:68,6,1,0
BRDA:68,7,0,0
BRDA:68,7,1,0
BRF:13
BRH:0
end_of_record
TN:
SF:app\api\challenges\route.ts
FN:9,GET
FN:64,(anonymous_4)
FN:67,(anonymous_5)
FN:139,(anonymous_6)
FN:180,POST
FN:196,(anonymous_8)
FN:258,(anonymous_9)
FNF:7
FNH:0
FNDA:0,GET
FNDA:0,(anonymous_4)
FNDA:0,(anonymous_5)
FNDA:0,(anonymous_6)
FNDA:0,POST
FNDA:0,(anonymous_8)
FNDA:0,(anonymous_9)
DA:1,0
DA:2,0
DA:3,0
DA:4,0
DA:5,0
DA:9,0
DA:10,0
DA:11,0
DA:12,0
DA:13,0
DA:14,0
DA:15,0
DA:18,0
DA:19,0
DA:62,0
DA:63,0
DA:64,0
DA:66,0
DA:67,0
DA:69,0
DA:71,0
DA:82,0
DA:85,0
DA:86,0
DA:87,0
DA:89,0
DA:90,0
DA:91,0
DA:92,0
DA:95,0
DA:96,0
DA:97,0
DA:98,0
DA:102,0
DA:139,0
DA:160,0
DA:170,0
DA:171,0
DA:180,0
DA:181,0
DA:182,0
DA:184,0
DA:185,0
DA:188,0
DA:191,0
DA:196,0
DA:199,0
DA:200,0
DA:208,0
DA:209,0
DA:211,0
DA:218,0
DA:219,0
DA:234,0
DA:238,0
DA:239,0
DA:245,0
DA:246,0
DA:247,0
DA:248,0
DA:251,0
DA:257,0
DA:258,0
DA:261,0
DA:342,0
DA:345,0
DA:346,0
DA:350,0
DA:351,0
DA:370,0
DA:373,0
DA:397,0
DA:398,0
LF:73
LH:0
BRDA:14,0,0,0
BRDA:14,0,1,0
BRDA:15,1,0,0
BRDA:15,1,1,0
BRDA:18,2,0,0
BRDA:18,3,0,0
BRDA:18,3,1,0
BRDA:63,4,0,0
BRDA:66,5,0,0
BRDA:89,6,0,0
BRDA:95,7,0,0
BRDA:132,8,0,0
BRDA:132,8,1,0
BRDA:133,9,0,0
BRDA:133,9,1,0
BRDA:146,10,0,0
BRDA:146,10,1,0
BRDA:147,11,0,0
BRDA:147,11,1,0
BRDA:148,12,0,0
BRDA:148,12,1,0
BRDA:149,13,0,0
BRDA:149,13,1,0
BRDA:151,14,0,0
BRDA:151,14,1,0
BRDA:174,15,0,0
BRDA:174,15,1,0
BRDA:174,16,0,0
BRDA:174,16,1,0
BRDA:184,17,0,0
BRDA:196,18,0,0
BRDA:196,18,1,0
BRDA:196,18,2,0
BRDA:199,19,0,0
BRDA:208,20,0,0
BRDA:209,21,0,0
BRDA:209,22,0,0
BRDA:209,22,1,0
BRDA:209,22,2,0
BRDA:218,23,0,0
BRDA:228,24,0,0
BRDA:228,24,1,0
BRDA:238,25,0,0
BRDA:238,25,1,0
BRDA:246,26,0,0
BRDA:246,26,1,0
BRDA:248,27,0,0
BRDA:248,27,1,0
BRDA:249,28,0,0
BRDA:249,28,1,0
BRDA:257,29,0,0
BRDA:257,29,1,0
BRDA:286,30,0,0
BRDA:286,30,1,0
BRDA:287,31,0,0
BRDA:287,31,1,0
BRDA:289,32,0,0
BRDA:289,32,1,0
BRDA:295,33,0,0
BRDA:295,33,1,0
BRDA:298,34,0,0
BRDA:298,34,1,0
BRDA:305,35,0,0
BRDA:305,35,1,0
BRDA:310,36,0,0
BRDA:310,36,1,0
BRDA:313,37,0,0
BRDA:313,37,1,0
BRDA:314,38,0,0
BRDA:314,38,1,0
BRDA:315,39,0,0
BRDA:315,39,1,0
BRDA:316,40,0,0
BRDA:316,40,1,0
BRDA:318,41,0,0
BRDA:318,41,1,0
BRDA:319,42,0,0
BRDA:319,42,1,0
BRDA:320,43,0,0
BRDA:320,43,1,0
BRDA:321,44,0,0
BRDA:321,44,1,0
BRDA:322,45,0,0
BRDA:322,45,1,0
BRDA:323,46,0,0
BRDA:323,46,1,0
BRDA:324,47,0,0
BRDA:324,47,1,0
BRDA:325,48,0,0
BRDA:325,48,1,0
BRDA:345,49,0,0
BRDA:346,50,0,0
BRDA:346,50,1,0
BRDA:370,51,0,0
BRDA:370,51,1,0
BRDA:387,52,0,0
BRDA:387,52,1,0
BRDA:387,53,0,0
BRDA:387,53,1,0
BRDA:390,54,0,0
BRDA:390,54,1,0
BRDA:400,55,0,0
BRDA:400,55,1,0
BRDA:400,56,0,0
BRDA:400,56,1,0
BRF:105
BRH:0
end_of_record
TN:
SF:app\api\challenges\[id]\route.ts
FN:14,GET
FN:94,PUT
FN:173,DELETE
FN:232,getMockChallenge
FNF:4
FNH:0
FNDA:0,GET
FNDA:0,PUT
FNDA:0,DELETE
FNDA:0,getMockChallenge
DA:1,0
DA:2,0
DA:3,0
DA:4,0
DA:14,0
DA:15,0
DA:16,0
DA:17,0
DA:20,0
DA:21,0
DA:25,0
DA:28,0
DA:29,0
DA:43,0
DA:44,0
DA:47,0
DA:50,0
DA:56,0
DA:61,0
DA:64,0
DA:71,0
DA:72,0
DA:75,0
DA:78,0
DA:85,0
DA:86,0
DA:94,0
DA:95,0
DA:96,0
DA:98,0
DA:99,0
DA:102,0
DA:103,0
DA:106,0
DA:107,0
DA:114,0
DA:117,0
DA:123,0
DA:124,0
DA:127,0
DA:128,0
DA:132,0
DA:133,0
DA:134,0
DA:138,0
DA:140,0
DA:148,0
DA:156,0
DA:164,0
DA:165,0
DA:173,0
DA:174,0
DA:175,0
DA:177,0
DA:178,0
DA:181,0
DA:184,0
DA:185,0
DA:191,0
DA:194,0
DA:200,0
DA:201,0
DA:204,0
DA:205,0
DA:209,0
DA:210,0
DA:211,0
DA:215,0
DA:217,0
DA:223,0
DA:224,0
DA:233,0
DA:252,0
LF:73
LH:0
BRDA:20,0,0,0
BRDA:20,1,0,0
BRDA:20,1,1,0
BRDA:43,2,0,0
BRDA:71,3,0,0
BRDA:88,4,0,0
BRDA:88,4,1,0
BRDA:88,5,0,0
BRDA:88,5,1,0
BRDA:98,6,0,0
BRDA:106,7,0,0
BRDA:123,8,0,0
BRDA:127,9,0,0
BRDA:133,10,0,0
BRDA:133,11,0,0
BRDA:133,11,1,0
BRDA:138,12,0,0
BRDA:138,12,1,0
BRDA:167,13,0,0
BRDA:167,13,1,0
BRDA:167,14,0,0
BRDA:167,14,1,0
BRDA:177,15,0,0
BRDA:184,16,0,0
BRDA:200,17,0,0
BRDA:204,18,0,0
BRDA:210,19,0,0
BRDA:210,20,0,0
BRDA:210,20,1,0
BRDA:226,21,0,0
BRDA:226,21,1,0
BRDA:226,22,0,0
BRDA:226,22,1,0
BRF:33
BRH:0
end_of_record
TN:
SF:app\api\challenges\[id]\activities\route.ts
FN:8,GET
FN:140,(anonymous_2)
FN:195,handleDemoActivities
FNF:3
FNH:0
FNDA:0,GET
FNDA:0,(anonymous_2)
FNDA:0,handleDemoActivities
DA:1,0
DA:2,0
DA:3,0
DA:4,0
DA:8,0
DA:12,0
DA:13,0
DA:15,0
DA:16,0
DA:19,0
DA:20,0
DA:21,0
DA:22,0
DA:25,0
DA:26,0
DA:30,0
DA:33,0
DA:40,0
DA:41,0
DA:44,0
DA:45,0
DA:46,0
DA:48,0
DA:49,0
DA:53,0
DA:140,0
DA:141,0
DA:143,0
DA:145,0
DA:155,0
DA:158,0
DA:175,0
DA:186,0
DA:187,0
DA:196,0
DA:259,0
LF:36
LH:0
BRDA:15,0,0,0
BRDA:21,1,0,0
BRDA:21,1,1,0
BRDA:22,2,0,0
BRDA:22,2,1,0
BRDA:25,3,0,0
BRDA:40,4,0,0
BRDA:48,5,0,0
BRDA:48,6,0,0
BRDA:48,6,1,0
BRDA:143,7,0,0
BRDA:155,8,0,0
BRDA:155,8,1,0
BRDA:168,9,0,0
BRDA:168,9,1,0
BRDA:189,10,0,0
BRDA:189,10,1,0
BRDA:189,11,0,0
BRDA:189,11,1,0
BRF:19
BRH:0
end_of_record
TN:
SF:app\api\challenges\[id]\analytics\route.ts
FN:14,GET
FN:63,generateChallengeAnalytics
FN:126,(anonymous_3)
FN:161,getMockAnalytics
FNF:4
FNH:0
FNDA:0,GET
FNDA:0,generateChallengeAnalytics
FNDA:0,(anonymous_3)
FNDA:0,getMockAnalytics
DA:1,0
DA:2,0
DA:3,0
DA:4,0
DA:14,0
DA:15,0
DA:16,0
DA:18,0
DA:19,0
DA:22,0
DA:25,0
DA:26,0
DA:29,0
DA:32,0
DA:38,0
DA:39,0
DA:42,0
DA:43,0
DA:47,0
DA:49,0
DA:55,0
DA:56,0
DA:64,0
DA:66,0
DA:78,0
DA:88,0
DA:99,0
DA:100,0
DA:102,0
DA:126,0
DA:132,0
DA:134,0
DA:165,0
DA:167,0
DA:199,0
DA:231,0
LF:36
LH:0
BRDA:18,0,0,0
BRDA:25,1,0,0
BRDA:38,2,0,0
BRDA:42,3,0,0
BRDA:58,4,0,0
BRDA:58,4,1,0
BRDA:58,5,0,0
BRDA:58,5,1,0
BRDA:99,6,0,0
BRDA:99,6,1,0
BRDA:100,7,0,0
BRDA:100,7,1,0
BRDA:111,8,0,0
BRDA:111,8,1,0
BRDA:112,9,0,0
BRDA:112,9,1,0
BRDA:113,10,0,0
BRDA:113,10,1,0
BRDA:114,11,0,0
BRDA:114,11,1,0
BRDA:115,12,0,0
BRDA:115,12,1,0
BRDA:118,13,0,0
BRDA:118,13,1,0
BRDA:121,14,0,0
BRDA:121,14,1,0
BRDA:122,15,0,0
BRDA:122,15,1,0
BRDA:123,16,0,0
BRDA:123,16,1,0
BRDA:165,17,0,0
BRDA:165,17,1,0
BRF:32
BRH:0
end_of_record
TN:
SF:app\api\challenges\[id]\checkins\route.ts
FN:14,POST
FN:221,GET
FN:289,(anonymous_5)
FN:290,(anonymous_6)
FN:291,(anonymous_7)
FN:292,(anonymous_8)
FN:293,(anonymous_9)
FN:294,(anonymous_10)
FNF:8
FNH:0
FNDA:0,POST
FNDA:0,GET
FNDA:0,(anonymous_5)
FNDA:0,(anonymous_6)
FNDA:0,(anonymous_7)
FNDA:0,(anonymous_8)
FNDA:0,(anonymous_9)
FNDA:0,(anonymous_10)
DA:1,0
DA:4,0
DA:14,0
DA:15,0
DA:22,0
DA:31,0
DA:33,0
DA:34,0
DA:39,0
DA:40,0
DA:42,0
DA:43,0
DA:48,0
DA:49,0
DA:55,0
DA:57,0
DA:58,0
DA:60,0
DA:62,0
DA:63,0
DA:64,0
DA:65,0
DA:66,0
DA:68,0
DA:72,0
DA:77,0
DA:93,0
DA:100,0
DA:102,0
DA:103,0
DA:105,0
DA:106,0
DA:108,0
DA:109,0
DA:111,0
DA:113,0
DA:114,0
DA:116,0
DA:119,0
DA:122,0
DA:124,0
DA:128,0
DA:160,0
DA:161,0
DA:163,0
DA:164,0
DA:166,0
DA:167,0
DA:170,0
DA:172,0
DA:173,0
DA:174,0
DA:176,0
DA:177,0
DA:178,0
DA:180,0
DA:181,0
DA:182,0
DA:184,0
DA:185,0
DA:190,0
DA:195,0
DA:212,0
DA:213,0
DA:221,0
DA:222,0
DA:229,0
DA:230,0
DA:231,0
DA:232,0
DA:235,0
DA:277,0
DA:289,0
DA:290,0
DA:291,0
DA:292,0
DA:293,0
DA:294,0
DA:299,0
DA:300,0
LF:80
LH:0
BRDA:33,0,0,0
BRDA:33,1,0,0
BRDA:33,1,1,0
BRDA:42,2,0,0
BRDA:48,3,0,0
BRDA:63,4,0,0
BRDA:63,4,1,0
BRDA:64,5,0,0
BRDA:64,5,1,0
BRDA:64,5,2,0
BRDA:65,6,0,0
BRDA:65,6,1,0
BRDA:65,7,0,0
BRDA:65,7,1,0
BRDA:66,8,0,0
BRDA:66,8,1,0
BRDA:66,8,2,0
BRDA:72,9,0,0
BRDA:72,9,1,0
BRDA:73,10,0,0
BRDA:73,10,1,0
BRDA:74,11,0,0
BRDA:74,11,1,0
BRDA:85,12,0,0
BRDA:85,12,1,0
BRDA:100,13,0,0
BRDA:100,13,1,0
BRDA:100,13,2,0
BRDA:100,13,3,0
BRDA:100,13,4,0
BRDA:144,14,0,0
BRDA:144,14,1,0
BRDA:145,15,0,0
BRDA:145,15,1,0
BRDA:146,16,0,0
BRDA:146,16,1,0
BRDA:147,17,0,0
BRDA:147,17,1,0
BRDA:151,18,0,0
BRDA:151,18,1,0
BRDA:153,19,0,0
BRDA:153,19,1,0
BRDA:155,20,0,0
BRDA:155,20,1,0
BRDA:163,21,0,0
BRDA:163,21,1,0
BRDA:164,22,0,0
BRDA:164,22,1,0
BRDA:164,22,2,0
BRDA:164,22,3,0
BRDA:164,22,4,0
BRDA:167,23,0,0
BRDA:167,23,1,0
BRDA:185,24,0,0
BRDA:185,24,1,0
BRDA:190,25,0,0
BRDA:190,25,1,0
BRDA:199,26,0,0
BRDA:199,26,1,0
BRDA:207,27,0,0
BRDA:207,27,1,0
BRDA:215,28,0,0
BRDA:215,28,1,0
BRDA:215,29,0,0
BRDA:215,29,1,0
BRDA:231,30,0,0
BRDA:231,30,1,0
BRDA:232,31,0,0
BRDA:232,31,1,0
BRDA:302,32,0,0
BRDA:302,32,1,0
BRDA:302,33,0,0
BRDA:302,33,1,0
BRF:73
BRH:0
end_of_record
TN:
SF:app\api\challenges\[id]\complete\route.ts
FN:15,POST
FN:113,GET
FN:147,(anonymous_5)
FNF:3
FNH:0
FNDA:0,POST
FNDA:0,GET
FNDA:0,(anonymous_5)
DA:1,0
DA:2,0
DA:3,0
DA:4,0
DA:5,0
DA:6,0
DA:15,0
DA:16,0
DA:17,0
DA:19,0
DA:20,0
DA:24,0
DA:25,0
DA:31,0
DA:32,0
DA:35,0
DA:46,0
DA:47,0
DA:53,0
DA:55,0
DA:56,0
DA:63,0
DA:64,0
DA:71,0
DA:72,0
DA:74,0
DA:76,0
DA:86,0
DA:100,0
DA:101,0
DA:105,0
DA:113,0
DA:114,0
DA:115,0
DA:117,0
DA:118,0
DA:121,0
DA:122,0
DA:128,0
DA:131,0
DA:133,0
DA:147,0
DA:157,0
DA:159,0
LF:44
LH:0
BRDA:19,0,0,0
BRDA:24,1,0,0
BRDA:46,2,0,0
BRDA:55,3,0,0
BRDA:63,4,0,0
BRDA:102,5,0,0
BRDA:102,5,1,0
BRDA:107,6,0,0
BRDA:107,6,1,0
BRDA:117,7,0,0
BRDA:121,8,0,0
BRDA:161,9,0,0
BRDA:161,9,1,0
BRF:13
BRH:0
end_of_record
TN:
SF:app\api\challenges\[id]\join\route.ts
FN:21,POST
FN:268,handleDemoJoin
FN:309,assignUserToTeam
FN:329,(anonymous_6)
FN:349,processReferral
FN:363,GET
FNF:6
FNH:0
FNDA:0,POST
FNDA:0,handleDemoJoin
FNDA:0,assignUserToTeam
FNDA:0,(anonymous_6)
FNDA:0,processReferral
FNDA:0,GET
DA:1,0
DA:2,0
DA:3,0
DA:4,0
DA:6,0
DA:21,0
DA:22,0
DA:23,0
DA:25,0
DA:26,0
DA:28,0
DA:29,0
DA:32,0
DA:33,0
DA:35,0
DA:36,0
DA:44,0
DA:47,0
DA:48,0
DA:53,0
DA:56,0
DA:57,0
DA:58,0
DA:61,0
DA:63,0
DA:64,0
DA:66,0
DA:68,0
DA:79,0
DA:81,0
DA:82,0
DA:85,0
DA:88,0
DA:89,0
DA:95,0
DA:96,0
DA:102,0
DA:107,0
DA:108,0
DA:114,0
DA:115,0
DA:116,0
DA:117,0
DA:118,0
DA:125,0
DA:126,0
DA:127,0
DA:130,0
DA:134,0
DA:135,0
DA:139,0
DA:140,0
DA:151,0
DA:152,0
DA:153,0
DA:154,0
DA:158,0
DA:159,0
DA:160,0
DA:164,0
DA:178,0
DA:179,0
DA:186,0
DA:197,0
DA:198,0
DA:208,0
DA:210,0
DA:253,0
DA:254,0
DA:255,0
DA:256,0
DA:258,0
DA:269,0
DA:271,0
DA:272,0
DA:273,0
DA:274,0
DA:276,0
DA:310,0
DA:312,0
DA:314,0
DA:321,0
DA:324,0
DA:325,0
DA:329,0
DA:331,0
DA:333,0
DA:338,0
DA:343,0
DA:351,0
DA:357,0
DA:363,0
DA:364,0
DA:365,0
DA:367,0
DA:368,0
DA:371,0
DA:374,0
DA:375,0
DA:403,0
DA:411,0
DA:414,0
DA:415,0
DA:424,0
DA:425,0
DA:432,0
DA:434,0
DA:443,0
DA:444,0
DA:452,0
DA:453,0
LF:111
LH:0
BRDA:28,0,0,0
BRDA:40,1,0,0
BRDA:43,2,0,0
BRDA:47,3,0,0
BRDA:47,4,0,0
BRDA:47,4,1,0
BRDA:56,5,0,0
BRDA:81,6,0,0
BRDA:88,7,0,0
BRDA:88,8,0,0
BRDA:88,8,1,0
BRDA:95,9,0,0
BRDA:95,10,0,0
BRDA:95,10,1,0
BRDA:107,11,0,0
BRDA:115,12,0,0
BRDA:115,13,0,0
BRDA:115,13,1,0
BRDA:117,14,0,0
BRDA:117,15,0,0
BRDA:117,15,1,0
BRDA:126,16,0,0
BRDA:126,16,1,0
BRDA:134,17,0,0
BRDA:139,18,0,0
BRDA:139,19,0,0
BRDA:139,19,1,0
BRDA:152,20,0,0
BRDA:159,21,0,0
BRDA:178,22,0,0
BRDA:197,23,0,0
BRDA:239,24,0,0
BRDA:239,24,1,0
BRDA:255,25,0,0
BRDA:255,25,1,0
BRDA:256,26,0,0
BRDA:256,26,1,0
BRDA:260,27,0,0
BRDA:260,27,1,0
BRDA:260,28,0,0
BRDA:260,28,1,0
BRDA:262,29,0,0
BRDA:262,29,1,0
BRDA:262,30,0,0
BRDA:262,30,1,0
BRDA:269,31,0,0
BRDA:269,32,0,0
BRDA:269,33,0,0
BRDA:271,34,0,0
BRDA:271,34,1,0
BRDA:273,35,0,0
BRDA:273,35,1,0
BRDA:285,36,0,0
BRDA:285,36,1,0
BRDA:303,37,0,0
BRDA:303,37,1,0
BRDA:310,38,0,0
BRDA:321,39,0,0
BRDA:331,40,0,0
BRDA:343,41,0,0
BRDA:343,41,1,0
BRDA:357,42,0,0
BRDA:357,42,1,0
BRDA:367,43,0,0
BRDA:374,44,0,0
BRDA:393,45,0,0
BRDA:393,45,1,0
BRDA:424,46,0,0
BRDA:455,47,0,0
BRDA:455,47,1,0
BRDA:455,48,0,0
BRDA:455,48,1,0
BRF:72
BRH:0
end_of_record
TN:
SF:app\api\challenges\[id]\nudge\route.ts
FN:14,POST
FN:140,GET
FN:179,(anonymous_5)
FN:211,getDefaultMessage
FN:229,getNotificationContent
FN:242,handleDemoNudge
FN:254,handleDemoGetInteractions
FNF:7
FNH:0
FNDA:0,POST
FNDA:0,GET
FNDA:0,(anonymous_5)
FNDA:0,getDefaultMessage
FNDA:0,getNotificationContent
FNDA:0,handleDemoNudge
FNDA:0,handleDemoGetInteractions
DA:1,0
DA:2,0
DA:3,0
DA:4,0
DA:14,0
DA:18,0
DA:19,0
DA:21,0
DA:22,0
DA:25,0
DA:26,0
DA:27,0
DA:29,0
DA:30,0
DA:33,0
DA:34,0
DA:38,0
DA:39,0
DA:43,0
DA:46,0
DA:63,0
DA:64,0
DA:69,0
DA:72,0
DA:73,0
DA:77,0
DA:87,0
DA:88,0
DA:94,0
DA:104,0
DA:120,0
DA:131,0
DA:132,0
DA:140,0
DA:144,0
DA:145,0
DA:147,0
DA:148,0
DA:151,0
DA:152,0
DA:153,0
DA:156,0
DA:157,0
DA:161,0
DA:164,0
DA:179,0
DA:196,0
DA:202,0
DA:203,0
DA:212,0
DA:213,0
DA:218,0
DA:220,0
DA:225,0
DA:230,0
DA:231,0
DA:234,0
DA:235,0
DA:237,0
DA:243,0
DA:255,0
DA:290,0
LF:62
LH:0
BRDA:21,0,0,0
BRDA:29,1,0,0
BRDA:29,2,0,0
BRDA:29,2,1,0
BRDA:33,3,0,0
BRDA:38,4,0,0
BRDA:63,5,0,0
BRDA:72,6,0,0
BRDA:87,7,0,0
BRDA:99,8,0,0
BRDA:99,8,1,0
BRDA:111,9,0,0
BRDA:111,9,1,0
BRDA:122,10,0,0
BRDA:122,10,1,0
BRDA:134,11,0,0
BRDA:134,11,1,0
BRDA:134,12,0,0
BRDA:134,12,1,0
BRDA:147,13,0,0
BRDA:153,14,0,0
BRDA:153,14,1,0
BRDA:156,15,0,0
BRDA:205,16,0,0
BRDA:205,16,1,0
BRDA:205,17,0,0
BRDA:205,17,1,0
BRDA:212,18,0,0
BRDA:212,18,1,0
BRDA:230,19,0,0
BRDA:234,20,0,0
BRDA:234,20,1,0
BRDA:245,21,0,0
BRDA:245,21,1,0
BRF:34
BRH:0
end_of_record
TN:
SF:app\api\challenges\[id]\participants\route.ts
FN:8,GET
FN:104,(anonymous_2)
FN:125,(anonymous_3)
FN:126,(anonymous_4)
FN:128,(anonymous_5)
FN:144,handleDemoParticipants
FN:201,(anonymous_7)
FN:202,(anonymous_8)
FN:204,(anonymous_9)
FNF:9
FNH:0
FNDA:0,GET
FNDA:0,(anonymous_2)
FNDA:0,(anonymous_3)
FNDA:0,(anonymous_4)
FNDA:0,(anonymous_5)
FNDA:0,handleDemoParticipants
FNDA:0,(anonymous_7)
FNDA:0,(anonymous_8)
FNDA:0,(anonymous_9)
DA:1,0
DA:2,0
DA:3,0
DA:4,0
DA:8,0
DA:12,0
DA:13,0
DA:15,0
DA:16,0
DA:19,0
DA:22,0
DA:23,0
DA:27,0
DA:30,0
DA:37,0
DA:38,0
DA:41,0
DA:42,0
DA:43,0
DA:44,0
DA:46,0
DA:47,0
DA:51,0
DA:104,0
DA:120,0
DA:125,0
DA:126,0
DA:128,0
DA:135,0
DA:136,0
DA:145,0
DA:196,0
DA:201,0
DA:202,0
DA:204,0
LF:35
LH:0
BRDA:15,0,0,0
BRDA:22,1,0,0
BRDA:37,2,0,0
BRDA:46,3,0,0
BRDA:46,4,0,0
BRDA:46,4,1,0
BRDA:46,4,2,0
BRDA:109,5,0,0
BRDA:109,5,1,0
BRDA:110,6,0,0
BRDA:110,6,1,0
BRDA:112,7,0,0
BRDA:112,7,1,0
BRDA:127,8,0,0
BRDA:127,8,1,0
BRDA:138,9,0,0
BRDA:138,9,1,0
BRDA:138,10,0,0
BRDA:138,10,1,0
BRF:19
BRH:0
end_of_record
TN:
SF:app\api\challenges\[id]\sessions\route.ts
FN:14,POST
FN:82,GET
FNF:2
FNH:0
FNDA:0,POST
FNDA:0,GET
DA:1,0
DA:2,0
DA:3,0
DA:14,0
DA:15,0
DA:16,0
DA:18,0
DA:19,0
DA:22,0
DA:23,0
DA:25,0
DA:26,0
DA:32,0
DA:33,0
DA:46,0
DA:54,0
DA:66,0
DA:73,0
DA:74,0
DA:82,0
DA:83,0
DA:84,0
DA:86,0
DA:87,0
DA:90,0
DA:93,0
DA:105,0
DA:111,0
DA:112,0
LF:29
LH:0
BRDA:18,0,0,0
BRDA:25,1,0,0
BRDA:25,2,0,0
BRDA:25,2,1,0
BRDA:25,2,2,0
BRDA:32,3,0,0
BRDA:42,4,0,0
BRDA:42,4,1,0
BRDA:76,5,0,0
BRDA:76,5,1,0
BRDA:76,6,0,0
BRDA:76,6,1,0
BRDA:86,7,0,0
BRDA:114,8,0,0
BRDA:114,8,1,0
BRDA:114,9,0,0
BRDA:114,9,1,0
BRF:17
BRH:0
end_of_record
TN:
SF:app\api\challenges\[id]\sessions\[sessionId]\route.ts
FN:14,PUT
FN:63,GET
FNF:2
FNH:0
FNDA:0,PUT
FNDA:0,GET
DA:1,0
DA:2,0
DA:3,0
DA:14,0
DA:15,0
DA:16,0
DA:18,0
DA:19,0
DA:22,0
DA:23,0
DA:25,0
DA:26,0
DA:27,0
DA:33,0
DA:45,0
DA:54,0
DA:55,0
DA:63,0
DA:64,0
DA:65,0
DA:67,0
DA:68,0
DA:71,0
DA:74,0
DA:100,0
DA:106,0
DA:107,0
LF:27
LH:0
BRDA:18,0,0,0
BRDA:26,1,0,0
BRDA:37,2,0,0
BRDA:37,2,1,0
BRDA:38,3,0,0
BRDA:38,3,1,0
BRDA:39,4,0,0
BRDA:39,4,1,0
BRDA:40,5,0,0
BRDA:40,5,1,0
BRDA:41,6,0,0
BRDA:41,6,1,0
BRDA:41,7,0,0
BRDA:41,7,1,0
BRDA:42,8,0,0
BRDA:42,8,1,0
BRDA:48,9,0,0
BRDA:48,9,1,0
BRDA:57,10,0,0
BRDA:57,10,1,0
BRDA:57,11,0,0
BRDA:57,11,1,0
BRDA:67,12,0,0
BRDA:109,13,0,0
BRDA:109,13,1,0
BRDA:109,14,0,0
BRDA:109,14,1,0
BRF:27
BRH:0
end_of_record
TN:
SF:app\api\creators\route.ts
FN:9,GET
FN:23,(anonymous_2)
FN:24,(anonymous_3)
FNF:3
FNH:0
FNDA:0,GET
FNDA:0,(anonymous_2)
FNDA:0,(anonymous_3)
DA:1,0
DA:2,0
DA:3,0
DA:4,0
DA:5,0
DA:6,0
DA:9,0
DA:10,0
DA:11,0
DA:12,0
DA:13,0
DA:14,0
DA:17,0
DA:18,0
DA:19,0
DA:22,0
DA:23,0
DA:24,0
DA:29,0
DA:31,0
DA:42,0
DA:46,0
DA:56,0
DA:57,0
LF:24
LH:0
BRDA:14,0,0,0
BRDA:14,0,1,0
BRDA:17,1,0,0
BRDA:17,2,0,0
BRDA:17,2,1,0
BRDA:18,3,0,0
BRDA:18,3,1,0
BRDA:22,4,0,0
BRDA:60,5,0,0
BRDA:60,5,1,0
BRDA:60,6,0,0
BRDA:60,6,1,0
BRF:12
BRH:0
end_of_record
TN:
SF:app\api\dashboard\route.ts
FN:16,GET
FN:41,(anonymous_2)
FN:44,(anonymous_3)
FN:50,(anonymous_4)
FN:59,(anonymous_5)
FN:62,(anonymous_6)
FN:119,(anonymous_7)
FN:237,(anonymous_8)
FN:240,(anonymous_9)
FN:246,(anonymous_10)
FN:257,(anonymous_11)
FN:353,(anonymous_12)
FN:376,(anonymous_13)
FNF:13
FNH:0
FNDA:0,GET
FNDA:0,(anonymous_2)
FNDA:0,(anonymous_3)
FNDA:0,(anonymous_4)
FNDA:0,(anonymous_5)
FNDA:0,(anonymous_6)
FNDA:0,(anonymous_7)
FNDA:0,(anonymous_8)
FNDA:0,(anonymous_9)
FNDA:0,(anonymous_10)
FNDA:0,(anonymous_11)
FNDA:0,(anonymous_12)
FNDA:0,(anonymous_13)
DA:1,0
DA:2,0
DA:3,0
DA:4,0
DA:5,0
DA:13,0
DA:16,0
DA:17,0
DA:18,0
DA:20,0
DA:21,0
DA:29,0
DA:30,0
DA:33,0
DA:34,0
DA:35,0
DA:36,0
DA:37,0
DA:40,0
DA:41,0
DA:44,0
DA:50,0
DA:59,0
DA:62,0
DA:71,0
DA:72,0
DA:73,0
DA:82,0
DA:83,0
DA:92,0
DA:93,0
DA:103,0
DA:119,0
DA:161,0
DA:170,0
DA:171,0
DA:174,0
DA:184,0
DA:185,0
DA:191,0
DA:194,0
DA:207,0
DA:217,0
DA:236,0
DA:237,0
DA:240,0
DA:246,0
DA:257,0
DA:260,0
DA:274,0
DA:275,0
DA:276,0
DA:285,0
DA:286,0
DA:295,0
DA:296,0
DA:307,0
DA:315,0
DA:322,0
DA:326,0
DA:354,0
DA:355,0
DA:356,0
DA:358,0
DA:376,0
DA:409,0
DA:417,0
DA:418,0
LF:68
LH:0
BRDA:20,0,0,0
BRDA:29,1,0,0
BRDA:29,2,0,0
BRDA:29,2,1,0
BRDA:30,3,0,0
BRDA:30,3,1,0
BRDA:45,4,0,0
BRDA:45,4,1,0
BRDA:45,5,0,0
BRDA:45,5,1,0
BRDA:72,6,0,0
BRDA:82,7,0,0
BRDA:92,8,0,0
BRDA:131,9,0,0
BRDA:131,9,1,0
BRDA:184,10,0,0
BRDA:241,11,0,0
BRDA:241,11,1,0
BRDA:241,12,0,0
BRDA:241,12,1,0
BRDA:249,13,0,0
BRDA:249,13,1,0
BRDA:250,14,0,0
BRDA:250,14,1,0
BRDA:251,15,0,0
BRDA:251,15,1,0
BRDA:251,16,0,0
BRDA:251,16,1,0
BRDA:252,17,0,0
BRDA:252,17,1,0
BRDA:253,18,0,0
BRDA:253,18,1,0
BRDA:275,19,0,0
BRDA:285,20,0,0
BRDA:295,21,0,0
BRDA:322,22,0,0
BRDA:322,22,1,0
BRDA:323,23,0,0
BRDA:323,23,1,0
BRDA:332,24,0,0
BRDA:332,24,1,0
BRDA:333,25,0,0
BRDA:333,25,1,0
BRDA:334,26,0,0
BRDA:334,26,1,0
BRDA:335,27,0,0
BRDA:335,27,1,0
BRDA:336,28,0,0
BRDA:336,28,1,0
BRDA:337,29,0,0
BRDA:337,29,1,0
BRDA:341,30,0,0
BRDA:341,30,1,0
BRDA:342,31,0,0
BRDA:342,31,1,0
BRDA:344,32,0,0
BRDA:344,32,1,0
BRDA:345,33,0,0
BRDA:345,33,1,0
BRDA:346,34,0,0
BRDA:346,34,1,0
BRDA:346,35,0,0
BRDA:346,35,1,0
BRDA:347,36,0,0
BRDA:347,36,1,0
BRDA:348,37,0,0
BRDA:348,37,1,0
BRDA:350,38,0,0
BRDA:350,38,1,0
BRDA:367,39,0,0
BRDA:367,39,1,0
BRDA:370,40,0,0
BRDA:370,40,1,0
BRDA:381,41,0,0
BRDA:381,41,1,0
BRDA:396,42,0,0
BRDA:396,42,1,0
BRDA:397,43,0,0
BRDA:397,43,1,0
BRDA:402,44,0,0
BRDA:402,44,1,0
BRDA:404,45,0,0
BRDA:404,45,1,0
BRDA:421,46,0,0
BRDA:421,46,1,0
BRDA:421,47,0,0
BRDA:421,47,1,0
BRF:87
BRH:0
end_of_record
TN:
SF:app\api\debug-moderation\route.ts
FN:5,GET
FNF:1
FNH:0
FNDA:0,GET
DA:1,0
DA:2,0
DA:3,0
DA:5,0
DA:6,0
DA:7,0
DA:8,0
DA:9,0
DA:13,0
DA:29,0
DA:31,0
DA:37,0
DA:38,0
LF:13
LH:0
BRDA:8,0,0,0
BRDA:16,1,0,0
BRDA:16,1,1,0
BRDA:21,2,0,0
BRDA:21,2,1,0
BRDA:22,3,0,0
BRDA:22,3,1,0
BRDA:40,4,0,0
BRDA:40,4,1,0
BRF:9
BRH:0
end_of_record
TN:
SF:app\api\debug\dashboard-test\route.ts
FN:6,GET
FNF:1
FNH:0
FNDA:0,GET
DA:1,0
DA:2,0
DA:3,0
DA:4,0
DA:6,0
DA:7,0
DA:8,0
DA:10,0
DA:11,0
DA:19,0
DA:24,0
DA:25,0
DA:28,0
DA:29,0
DA:35,0
DA:37,0
DA:46,0
DA:47,0
DA:57,0
DA:60,0
DA:67,0
DA:68,0
DA:69,0
DA:74,0
DA:75,0
DA:76,0
DA:81,0
DA:82,0
DA:83,0
DA:88,0
DA:89,0
DA:90,0
DA:95,0
DA:119,0
LF:34
LH:0
BRDA:10,0,0,0
BRDA:42,1,0,0
BRDA:42,1,1,0
BRDA:46,2,0,0
BRDA:122,3,0,0
BRDA:122,3,1,0
BRDA:123,4,0,0
BRDA:123,4,1,0
BRF:8
BRH:0
end_of_record
TN:
SF:app\api\debug\email-config\route.ts
FN:5,GET
FN:42,POST
FN:58,(anonymous_8)
FNF:3
FNH:0
FNDA:0,GET
FNDA:0,POST
FNDA:0,(anonymous_8)
DA:1,0
DA:2,0
DA:3,0
DA:5,0
DA:6,0
DA:7,0
DA:8,0
DA:9,0
DA:13,0
DA:22,0
DA:24,0
DA:34,0
DA:35,0
DA:42,0
DA:43,0
DA:44,0
DA:45,0
DA:46,0
DA:49,0
DA:51,0
DA:52,0
DA:55,0
DA:58,0
DA:61,0
DA:77,0
DA:79,0
DA:81,0
DA:91,0
DA:92,0
LF:29
LH:0
BRDA:8,0,0,0
BRDA:15,1,0,0
BRDA:15,1,1,0
BRDA:16,2,0,0
BRDA:16,2,1,0
BRDA:17,3,0,0
BRDA:17,3,1,0
BRDA:27,4,0,0
BRDA:27,4,1,0
BRDA:27,5,0,0
BRDA:27,5,1,0
BRDA:28,6,0,0
BRDA:28,6,1,0
BRDA:28,7,0,0
BRDA:28,7,1,0
BRDA:37,8,0,0
BRDA:37,8,1,0
BRDA:45,9,0,0
BRDA:51,10,0,0
BRDA:83,11,0,0
BRDA:83,11,1,0
BRDA:94,12,0,0
BRDA:94,12,1,0
BRF:23
BRH:0
end_of_record
TN:
SF:app\api\debug\google-oauth\route.ts
FN:3,GET
FNF:1
FNH:0
FNDA:0,GET
DA:1,0
DA:3,0
DA:4,0
DA:5,0
DA:6,0
DA:7,0
DA:9,0
LF:7
LH:0
BRDA:14,0,0,0
BRDA:14,0,1,0
BRDA:16,1,0,0
BRDA:16,1,1,0
BRDA:17,2,0,0
BRDA:17,2,1,0
BRDA:19,3,0,0
BRDA:19,3,1,0
BRDA:22,4,0,0
BRDA:22,4,1,0
BRDA:23,5,0,0
BRDA:23,5,1,0
BRDA:23,6,0,0
BRDA:23,6,1,0
BRF:14
BRH:0
end_of_record
TN:
SF:app\api\debug\moderation\route.ts
FN:6,POST
FNF:1
FNH:0
FNDA:0,POST
DA:1,0
DA:2,0
DA:3,0
DA:4,0
DA:6,0
DA:7,0
DA:8,0
DA:9,0
DA:10,0
DA:13,0
DA:14,0
DA:15,0
DA:18,0
DA:19,0
DA:20,0
DA:25,0
DA:27,0
DA:28,0
DA:30,0
DA:32,0
DA:42,0
DA:43,0
LF:22
LH:0
BRDA:9,0,0,0
BRDA:14,1,0,0
BRDA:37,2,0,0
BRDA:37,2,1,0
BRDA:45,3,0,0
BRDA:45,3,1,0
BRF:6
BRH:0
end_of_record
TN:
SF:app\api\debug\upload\route.ts
FN:6,GET
FN:72,POST
FNF:2
FNH:0
FNDA:0,GET
FNDA:0,POST
DA:1,0
DA:2,0
DA:3,0
DA:4,0
DA:6,0
DA:7,0
DA:9,0
DA:12,0
DA:22,0
DA:32,0
DA:41,0
DA:46,0
DA:63,0
DA:72,0
DA:73,0
DA:74,0
DA:75,0
DA:76,0
DA:83,0
DA:86,0
DA:87,0
DA:95,0
DA:96,0
DA:109,0
DA:130,0
LF:25
LH:0
BRDA:15,0,0,0
BRDA:15,0,1,0
BRDA:16,1,0,0
BRDA:16,1,1,0
BRDA:18,2,0,0
BRDA:18,2,1,0
BRDA:34,3,0,0
BRDA:34,3,1,0
BRDA:35,4,0,0
BRDA:35,4,1,0
BRDA:36,5,0,0
BRDA:36,5,1,0
BRDA:41,6,0,0
BRDA:41,6,1,0
BRDA:41,6,2,0
BRDA:41,6,3,0
BRDA:52,7,0,0
BRDA:52,7,1,0
BRDA:55,8,0,0
BRDA:55,8,1,0
BRDA:56,9,0,0
BRDA:56,9,1,0
BRDA:57,10,0,0
BRDA:57,10,1,0
BRDA:58,11,0,0
BRDA:58,11,1,0
BRDA:66,12,0,0
BRDA:66,12,1,0
BRDA:75,13,0,0
BRDA:86,14,0,0
BRDA:86,15,0,0
BRDA:86,15,1,0
BRDA:86,15,2,0
BRDA:86,15,3,0
BRDA:95,16,0,0
BRDA:95,17,0,0
BRDA:95,17,1,0
BRDA:133,18,0,0
BRDA:133,18,1,0
BRF:39
BRH:0
end_of_record
TN:
SF:app\api\debug\user-status\route.ts
FN:4,POST
FN:73,(anonymous_2)
FNF:2
FNH:0
FNDA:0,POST
FNDA:0,(anonymous_2)
DA:1,0
DA:2,0
DA:4,0
DA:5,0
DA:6,0
DA:8,0
DA:9,0
DA:12,0
DA:14,0
DA:17,0
DA:31,0
DA:32,0
DA:38,0
DA:40,0
DA:48,0
DA:62,0
DA:73,0
DA:90,0
DA:91,0
LF:19
LH:0
BRDA:8,0,0,0
BRDA:31,1,0,0
BRDA:93,2,0,0
BRDA:93,2,1,0
BRF:4
BRH:0
end_of_record
TN:
SF:app\api\dev-bypass\route.ts
FN:3,POST
FN:36,GET
FNF:2
FNH:0
FNDA:0,POST
FNDA:0,GET
DA:1,0
DA:3,0
DA:4,0
DA:5,0
DA:6,0
DA:12,0
DA:18,0
DA:26,0
DA:28,0
DA:29,0
DA:36,0
DA:37,0
LF:12
LH:0
BRDA:5,0,0,0
BRDA:5,1,0,0
BRDA:5,1,1,0
BRF:3
BRH:0
end_of_record
TN:
SF:app\api\grant-dev-access\route.ts
FN:6,POST
FN:62,GET
FNF:2
FNH:0
FNDA:0,POST
FNDA:0,GET
DA:1,0
DA:2,0
DA:3,0
DA:4,0
DA:6,0
DA:7,0
DA:8,0
DA:10,0
DA:11,0
DA:14,0
DA:16,0
DA:19,0
DA:31,0
DA:32,0
DA:35,0
DA:37,0
DA:39,0
DA:53,0
DA:54,0
DA:62,0
DA:63,0
DA:64,0
DA:66,0
DA:67,0
DA:70,0
DA:72,0
DA:78,0
DA:79,0
DA:82,0
DA:84,0
DA:97,0
DA:98,0
LF:32
LH:0
BRDA:10,0,0,0
BRDA:31,1,0,0
BRDA:56,2,0,0
BRDA:56,2,1,0
BRDA:56,3,0,0
BRDA:56,3,1,0
BRDA:66,4,0,0
BRDA:78,5,0,0
BRF:8
BRH:0
end_of_record
TN:
SF:app\api\image-proxy\route.ts
FN:4,GET
FN:69,(anonymous_2)
FNF:2
FNH:0
FNDA:0,GET
FNDA:0,(anonymous_2)
DA:1,0
DA:2,0
DA:4,0
DA:5,0
DA:6,0
DA:7,0
DA:8,0
DA:10,0
DA:11,0
DA:15,0
DA:16,0
DA:19,0
DA:22,0
DA:23,0
DA:24,0
DA:26,0
DA:28,0
DA:31,0
DA:39,0
DA:47,0
DA:52,0
DA:54,0
DA:55,0
DA:56,0
DA:60,0
DA:61,0
DA:63,0
DA:64,0
DA:65,0
DA:66,0
DA:69,0
DA:70,0
DA:71,0
DA:72,0
DA:73,0
DA:76,0
DA:78,0
DA:81,0
DA:95,0
DA:96,0
LF:40
LH:0
BRDA:8,0,0,0
BRDA:8,0,1,0
BRDA:10,1,0,0
BRDA:15,2,0,0
BRDA:23,3,0,0
BRDA:32,4,0,0
BRDA:32,4,1,0
BRDA:40,5,0,0
BRDA:40,5,1,0
BRDA:54,6,0,0
BRDA:65,7,0,0
BRDA:76,8,0,0
BRDA:76,8,1,0
BRDA:98,9,0,0
BRDA:98,9,1,0
BRDA:98,10,0,0
BRDA:98,10,1,0
BRF:17
BRH:0
end_of_record
TN:
SF:app\api\moderate\route.ts
FN:6,POST
FN:50,GET
FNF:2
FNH:0
FNDA:0,POST
FNDA:0,GET
DA:1,0
DA:2,0
DA:3,0
DA:4,0
DA:6,0
DA:7,0
DA:8,0
DA:10,0
DA:11,0
DA:14,0
DA:15,0
DA:17,0
DA:18,0
DA:22,0
DA:32,0
DA:34,0
DA:41,0
DA:42,0
DA:50,0
DA:51,0
DA:52,0
DA:54,0
DA:55,0
DA:58,0
DA:59,0
DA:61,0
DA:62,0
DA:66,0
DA:68,0
DA:78,0
DA:79,0
LF:31
LH:0
BRDA:10,0,0,0
BRDA:17,1,0,0
BRDA:26,2,0,0
BRDA:26,2,1,0
BRDA:44,3,0,0
BRDA:44,3,1,0
BRDA:44,4,0,0
BRDA:44,4,1,0
BRDA:54,5,0,0
BRDA:61,6,0,0
BRDA:72,7,0,0
BRDA:72,7,1,0
BRDA:81,8,0,0
BRDA:81,8,1,0
BRDA:81,9,0,0
BRDA:81,9,1,0
BRF:16
BRH:0
end_of_record
TN:
SF:app\api\moderate\image\route.ts
FN:6,POST
FN:76,(anonymous_2)
FNF:2
FNH:0
FNDA:0,POST
FNDA:0,(anonymous_2)
DA:1,0
DA:2,0
DA:3,0
DA:4,0
DA:6,0
DA:7,0
DA:9,0
DA:10,0
DA:11,0
DA:12,0
DA:15,0
DA:17,0
DA:18,0
DA:21,0
DA:22,0
DA:23,0
DA:63,0
DA:64,0
DA:65,0
DA:66,0
DA:67,0
DA:68,0
DA:69,0
DA:70,0
DA:73,0
DA:74,0
DA:76,0
DA:77,0
DA:79,0
DA:83,0
DA:84,0
DA:85,0
DA:101,0
DA:107,0
DA:125,0
LF:35
LH:0
BRDA:11,0,0,0
BRDA:15,1,0,0
BRDA:17,2,0,0
BRDA:73,3,0,0
BRDA:73,4,0,0
BRDA:73,4,1,0
BRDA:77,5,0,0
BRDA:77,5,1,0
BRDA:77,5,2,0
BRDA:77,5,3,0
BRDA:83,6,0,0
BRDA:83,7,0,0
BRDA:83,7,1,0
BRDA:127,8,0,0
BRDA:127,8,1,0
BRDA:127,9,0,0
BRDA:127,9,1,0
BRF:17
BRH:0
end_of_record
TN:
SF:app\api\onboarding\complete-profile\route.ts
FN:18,(anonymous_1)
FN:28,POST
FNF:2
FNH:0
FNDA:0,(anonymous_1)
FNDA:0,POST
DA:1,0
DA:2,0
DA:3,0
DA:4,0
DA:5,0
DA:6,0
DA:7,0
DA:10,0
DA:19,0
DA:20,0
DA:22,0
DA:28,0
DA:29,0
DA:30,0
DA:32,0
DA:33,0
DA:40,0
DA:43,0
DA:44,0
DA:45,0
DA:52,0
DA:55,0
DA:56,0
DA:57,0
DA:58,0
DA:65,0
DA:68,0
DA:71,0
DA:82,0
DA:83,0
DA:90,0
DA:93,0
DA:101,0
DA:103,0
DA:121,0
DA:122,0
LF:36
LH:0
BRDA:19,0,0,0
BRDA:19,1,0,0
BRDA:19,1,1,0
BRDA:32,2,0,0
BRDA:44,3,0,0
BRDA:57,4,0,0
BRDA:75,5,0,0
BRDA:75,5,1,0
BRDA:82,6,0,0
BRDA:94,7,0,0
BRDA:94,7,1,0
BRDA:95,8,0,0
BRDA:95,8,1,0
BRDA:96,9,0,0
BRDA:96,9,1,0
BRDA:97,10,0,0
BRDA:97,10,1,0
BRDA:98,11,0,0
BRDA:98,11,1,0
BRDA:126,12,0,0
BRDA:126,12,1,0
BRDA:126,13,0,0
BRDA:126,13,1,0
BRF:23
BRH:0
end_of_record
TN:
SF:app\api\posts\route.ts
FN:21,POST
FN:140,GET
FN:230,(anonymous_5)
FN:274,getUserStats
FN:297,getChallengeInfo
FN:319,handleDemoPost
FN:363,handleDemoGetPosts
FNF:7
FNH:0
FNDA:0,POST
FNDA:0,GET
FNDA:0,(anonymous_5)
FNDA:0,getUserStats
FNDA:0,getChallengeInfo
FNDA:0,handleDemoPost
FNDA:0,handleDemoGetPosts
DA:1,0
DA:2,0
DA:3,0
DA:4,0
DA:8,0
DA:21,0
DA:22,0
DA:23,0
DA:25,0
DA:26,0
DA:29,0
DA:38,0
DA:41,0
DA:42,0
DA:45,0
DA:46,0
DA:50,0
DA:51,0
DA:55,0
DA:57,0
DA:58,0
DA:65,0
DA:68,0
DA:71,0
DA:72,0
DA:73,0
DA:77,0
DA:78,0
DA:79,0
DA:83,0
DA:96,0
DA:100,0
DA:124,0
DA:131,0
DA:132,0
DA:140,0
DA:141,0
DA:142,0
DA:144,0
DA:145,0
DA:148,0
DA:149,0
DA:150,0
DA:151,0
DA:152,0
DA:155,0
DA:156,0
DA:160,0
DA:165,0
DA:167,0
DA:186,0
DA:188,0
DA:209,0
DA:230,0
DA:254,0
DA:265,0
DA:266,0
DA:275,0
DA:276,0
DA:286,0
DA:292,0
DA:293,0
DA:298,0
DA:299,0
DA:304,0
DA:305,0
DA:311,0
DA:313,0
DA:314,0
DA:320,0
DA:350,0
DA:356,0
DA:357,0
DA:359,0
DA:364,0
DA:409,0
DA:419,0
DA:420,0
DA:422,0
LF:79
LH:0
BRDA:25,0,0,0
BRDA:41,1,0,0
BRDA:41,2,0,0
BRDA:41,2,1,0
BRDA:45,3,0,0
BRDA:50,4,0,0
BRDA:57,5,0,0
BRDA:65,6,0,0
BRDA:65,6,1,0
BRDA:72,7,0,0
BRDA:78,8,0,0
BRDA:78,9,0,0
BRDA:78,9,1,0
BRDA:88,10,0,0
BRDA:88,10,1,0
BRDA:89,11,0,0
BRDA:89,11,1,0
BRDA:104,12,0,0
BRDA:104,12,1,0
BRDA:108,13,0,0
BRDA:108,13,1,0
BRDA:112,14,0,0
BRDA:112,14,1,0
BRDA:113,15,0,0
BRDA:113,15,1,0
BRDA:134,16,0,0
BRDA:134,16,1,0
BRDA:134,17,0,0
BRDA:134,17,1,0
BRDA:144,18,0,0
BRDA:151,19,0,0
BRDA:151,19,1,0
BRDA:152,20,0,0
BRDA:152,20,1,0
BRDA:155,21,0,0
BRDA:165,22,0,0
BRDA:165,22,1,0
BRDA:186,23,0,0
BRDA:186,23,1,0
BRDA:242,24,0,0
BRDA:242,24,1,0
BRDA:248,25,0,0
BRDA:248,25,1,0
BRDA:249,26,0,0
BRDA:249,26,1,0
BRDA:268,27,0,0
BRDA:268,27,1,0
BRDA:268,28,0,0
BRDA:268,28,1,0
BRDA:287,29,0,0
BRDA:287,29,1,0
BRDA:288,30,0,0
BRDA:288,30,1,0
BRDA:289,31,0,0
BRDA:289,31,1,0
BRDA:304,32,0,0
BRDA:324,33,0,0
BRDA:324,33,1,0
BRDA:326,34,0,0
BRDA:326,34,1,0
BRDA:330,35,0,0
BRDA:330,35,1,0
BRDA:331,36,0,0
BRDA:331,36,1,0
BRDA:333,37,0,0
BRDA:333,37,1,0
BRDA:338,38,0,0
BRDA:338,38,1,0
BRDA:338,39,0,0
BRDA:338,39,1,0
BRDA:356,40,0,0
BRDA:356,40,1,0
BRDA:356,41,0,0
BRDA:356,41,1,0
BRDA:363,42,0,0
BRDA:363,43,0,0
BRDA:419,44,0,0
BRDA:419,44,1,0
BRDA:419,45,0,0
BRDA:419,45,1,0
BRF:80
BRH:0
end_of_record
TN:
SF:app\api\random-checkins\[id]\respond\route.ts
FN:12,POST
FN:76,GET
FNF:2
FNH:0
FNDA:0,POST
FNDA:0,GET
DA:1,0
DA:2,0
DA:3,0
DA:12,0
DA:13,0
DA:14,0
DA:16,0
DA:17,0
DA:20,0
DA:21,0
DA:23,0
DA:24,0
DA:30,0
DA:31,0
DA:40,0
DA:41,0
DA:43,0
DA:55,0
DA:67,0
DA:68,0
DA:76,0
DA:77,0
DA:78,0
DA:80,0
DA:81,0
DA:84,0
DA:87,0
DA:102,0
DA:108,0
DA:109,0
LF:30
LH:0
BRDA:16,0,0,0
BRDA:23,1,0,0
BRDA:23,2,0,0
BRDA:23,2,1,0
BRDA:30,3,0,0
BRDA:48,4,0,0
BRDA:48,4,1,0
BRDA:49,5,0,0
BRDA:49,5,1,0
BRDA:51,6,0,0
BRDA:51,6,1,0
BRDA:57,7,0,0
BRDA:57,7,1,0
BRDA:59,8,0,0
BRDA:59,8,1,0
BRDA:63,9,0,0
BRDA:63,9,1,0
BRDA:70,10,0,0
BRDA:70,10,1,0
BRDA:70,11,0,0
BRDA:70,11,1,0
BRDA:80,12,0,0
BRDA:111,13,0,0
BRDA:111,13,1,0
BRDA:111,14,0,0
BRDA:111,14,1,0
BRF:26
BRH:0
end_of_record
TN:
SF:app\api\random-checkins\active\route.ts
FN:6,GET
FNF:1
FNH:0
FNDA:0,GET
DA:1,0
DA:2,0
DA:3,0
DA:6,0
DA:7,0
DA:8,0
DA:10,0
DA:11,0
DA:15,0
DA:17,0
DA:18,0
DA:25,0
DA:32,0
DA:35,0
DA:46,0
DA:60,0
DA:73,0
DA:74,0
DA:76,0
DA:77,0
DA:79,0
DA:80,0
DA:81,0
DA:82,0
DA:83,0
DA:84,0
DA:85,0
DA:86,0
DA:87,0
DA:88,0
DA:89,0
DA:90,0
DA:91,0
DA:92,0
DA:96,0
DA:98,0
DA:99,0
DA:100,0
DA:103,0
DA:110,0
DA:111,0
LF:41
LH:0
BRDA:10,0,0,0
BRDA:17,1,0,0
BRDA:36,2,0,0
BRDA:36,2,1,0
BRDA:37,3,0,0
BRDA:37,3,1,0
BRDA:38,4,0,0
BRDA:38,4,1,0
BRDA:39,5,0,0
BRDA:39,5,1,0
BRDA:40,6,0,0
BRDA:40,6,1,0
BRDA:41,7,0,0
BRDA:41,7,1,0
BRDA:42,8,0,0
BRDA:42,8,1,0
BRDA:73,9,0,0
BRDA:73,9,1,0
BRDA:79,10,0,0
BRDA:79,10,1,0
BRDA:80,11,0,0
BRDA:80,11,1,0
BRDA:81,12,0,0
BRDA:81,12,1,0
BRDA:82,13,0,0
BRDA:82,13,1,0
BRDA:83,14,0,0
BRDA:83,14,1,0
BRDA:84,15,0,0
BRDA:84,15,1,0
BRDA:85,16,0,0
BRDA:85,16,1,0
BRDA:86,17,0,0
BRDA:86,17,1,0
BRDA:87,18,0,0
BRDA:87,18,1,0
BRDA:88,19,0,0
BRDA:88,19,1,0
BRDA:89,20,0,0
BRDA:89,20,1,0
BRDA:90,21,0,0
BRDA:90,21,1,0
BRDA:91,22,0,0
BRDA:92,23,0,0
BRDA:92,23,1,0
BRDA:100,24,0,0
BRDA:100,24,1,0
BRDA:113,25,0,0
BRDA:113,25,1,0
BRDA:113,26,0,0
BRDA:113,26,1,0
BRF:51
BRH:0
end_of_record
TN:
SF:app\api\report\route.ts
FN:14,POST
FN:167,GET
FN:194,(anonymous_5)
FNF:3
FNH:0
FNDA:0,POST
FNDA:0,GET
FNDA:0,(anonymous_5)
DA:1,0
DA:2,0
DA:3,0
DA:4,0
DA:14,0
DA:15,0
DA:16,0
DA:18,0
DA:19,0
DA:22,0
DA:23,0
DA:26,0
DA:27,0
DA:33,0
DA:34,0
DA:35,0
DA:41,0
DA:42,0
DA:47,0
DA:50,0
DA:58,0
DA:59,0
DA:65,0
DA:66,0
DA:69,0
DA:70,0
DA:71,0
DA:73,0
DA:74,0
DA:75,0
DA:77,0
DA:78,0
DA:79,0
DA:82,0
DA:83,0
DA:89,0
DA:113,0
DA:114,0
DA:116,0
DA:117,0
DA:142,0
DA:148,0
DA:150,0
DA:158,0
DA:159,0
DA:167,0
DA:168,0
DA:169,0
DA:171,0
DA:172,0
DA:175,0
DA:177,0
DA:192,0
DA:194,0
DA:206,0
DA:207,0
LF:56
LH:0
BRDA:18,0,0,0
BRDA:26,1,0,0
BRDA:26,2,0,0
BRDA:26,2,1,0
BRDA:26,2,2,0
BRDA:34,3,0,0
BRDA:41,4,0,0
BRDA:41,5,0,0
BRDA:41,5,1,0
BRDA:58,6,0,0
BRDA:66,7,0,0
BRDA:66,7,1,0
BRDA:66,7,2,0
BRDA:66,7,3,0
BRDA:82,8,0,0
BRDA:101,9,0,0
BRDA:101,9,1,0
BRDA:105,10,0,0
BRDA:105,10,1,0
BRDA:114,11,0,0
BRDA:130,12,0,0
BRDA:130,12,1,0
BRDA:154,13,0,0
BRDA:154,13,1,0
BRDA:161,14,0,0
BRDA:161,14,1,0
BRDA:161,15,0,0
BRDA:161,15,1,0
BRDA:171,16,0,0
BRDA:209,17,0,0
BRDA:209,17,1,0
BRDA:209,18,0,0
BRDA:209,18,1,0
BRF:33
BRH:0
end_of_record
TN:
SF:app\api\social\achievements\route.ts
FN:7,GET
FN:78,(anonymous_5)
FN:110,POST
FN:206,PUT
FN:371,(anonymous_8)
FNF:5
FNH:0
FNDA:0,GET
FNDA:0,(anonymous_5)
FNDA:0,POST
FNDA:0,PUT
FNDA:0,(anonymous_8)
DA:1,0
DA:2,0
DA:3,0
DA:4,0
DA:7,0
DA:8,0
DA:9,0
DA:11,0
DA:12,0
DA:15,0
DA:16,0
DA:17,0
DA:19,0
DA:21,0
DA:37,0
DA:38,0
DA:56,0
DA:61,0
DA:64,0
DA:75,0
DA:78,0
DA:101,0
DA:102,0
DA:110,0
DA:111,0
DA:112,0
DA:114,0
DA:115,0
DA:118,0
DA:119,0
DA:123,0
DA:124,0
DA:127,0
DA:129,0
DA:130,0
DA:135,0
DA:138,0
DA:143,0
DA:144,0
DA:151,0
DA:166,0
DA:181,0
DA:197,0
DA:198,0
DA:206,0
DA:207,0
DA:208,0
DA:210,0
DA:211,0
DA:214,0
DA:215,0
DA:218,0
DA:240,0
DA:241,0
DA:244,0
DA:245,0
DA:248,0
DA:324,0
DA:325,0
DA:327,0
DA:332,0
DA:334,0
DA:349,0
DA:364,0
DA:369,0
DA:371,0
DA:384,0
DA:385,0
LF:68
LH:0
BRDA:11,0,0,0
BRDA:16,1,0,0
BRDA:16,1,1,0
BRDA:37,2,0,0
BRDA:89,3,0,0
BRDA:89,3,1,0
BRDA:91,4,0,0
BRDA:91,4,1,0
BRDA:92,5,0,0
BRDA:92,5,1,0
BRDA:93,6,0,0
BRDA:93,6,1,0
BRDA:94,7,0,0
BRDA:94,7,1,0
BRDA:104,8,0,0
BRDA:104,8,1,0
BRDA:104,9,0,0
BRDA:104,9,1,0
BRDA:114,10,0,0
BRDA:123,11,0,0
BRDA:123,12,0,0
BRDA:123,12,1,0
BRDA:127,13,0,0
BRDA:127,13,1,0
BRDA:129,14,0,0
BRDA:129,15,0,0
BRDA:129,15,1,0
BRDA:129,15,2,0
BRDA:129,15,3,0
BRDA:143,16,0,0
BRDA:159,17,0,0
BRDA:159,17,1,0
BRDA:161,18,0,0
BRDA:161,18,1,0
BRDA:200,19,0,0
BRDA:200,19,1,0
BRDA:200,20,0,0
BRDA:200,20,1,0
BRDA:210,21,0,0
BRDA:240,22,0,0
BRDA:325,23,0,0
BRDA:332,24,0,0
BRDA:387,25,0,0
BRDA:387,25,1,0
BRDA:387,26,0,0
BRDA:387,26,1,0
BRF:46
BRH:0
end_of_record
TN:
SF:app\api\social\feed\route.ts
FN:6,GET
FN:184,(anonymous_4)
FN:231,POST
FN:276,formatTimestamp
FN:293,parseMetadata
FNF:5
FNH:0
FNDA:0,GET
FNDA:0,(anonymous_4)
FNDA:0,POST
FNDA:0,formatTimestamp
FNDA:0,parseMetadata
DA:1,0
DA:2,0
DA:3,0
DA:4,0
DA:6,0
DA:7,0
DA:8,0
DA:10,0
DA:11,0
DA:14,0
DA:15,0
DA:16,0
DA:17,0
DA:18,0
DA:20,0
DA:21,0
DA:24,0
DA:26,0
DA:28,0
DA:65,0
DA:67,0
DA:105,0
DA:107,0
DA:146,0
DA:181,0
DA:184,0
DA:211,0
DA:222,0
DA:223,0
DA:231,0
DA:232,0
DA:233,0
DA:235,0
DA:236,0
DA:239,0
DA:240,0
DA:242,0
DA:243,0
DA:246,0
DA:249,0
DA:260,0
DA:267,0
DA:268,0
DA:277,0
DA:278,0
DA:279,0
DA:280,0
DA:281,0
DA:283,0
DA:284,0
DA:285,0
DA:286,0
DA:288,0
DA:289,0
DA:294,0
DA:296,0
DA:299,0
DA:301,0
DA:302,0
DA:305,0
DA:306,0
DA:309,0
DA:310,0
DA:313,0
DA:314,0
DA:317,0
LF:66
LH:0
BRDA:10,0,0,0
BRDA:15,1,0,0
BRDA:15,1,1,0
BRDA:16,2,0,0
BRDA:16,2,1,0
BRDA:17,3,0,0
BRDA:17,3,1,0
BRDA:26,4,0,0
BRDA:26,4,1,0
BRDA:65,5,0,0
BRDA:65,5,1,0
BRDA:105,6,0,0
BRDA:105,6,1,0
BRDA:225,7,0,0
BRDA:225,7,1,0
BRDA:225,8,0,0
BRDA:225,8,1,0
BRDA:235,9,0,0
BRDA:242,10,0,0
BRDA:242,11,0,0
BRDA:242,11,1,0
BRDA:254,12,0,0
BRDA:254,12,1,0
BRDA:255,13,0,0
BRDA:255,13,1,0
BRDA:256,14,0,0
BRDA:256,14,1,0
BRDA:270,15,0,0
BRDA:270,15,1,0
BRDA:270,16,0,0
BRDA:270,16,1,0
BRDA:283,17,0,0
BRDA:283,17,1,0
BRDA:284,18,0,0
BRDA:284,18,1,0
BRDA:285,19,0,0
BRDA:285,19,1,0
BRDA:286,20,0,0
BRDA:286,20,1,0
BRDA:289,21,0,0
BRDA:289,21,1,0
BRDA:294,22,0,0
BRDA:296,23,0,0
BRDA:296,23,1,0
BRDA:301,24,0,0
BRDA:305,25,0,0
BRDA:309,26,0,0
BRDA:313,27,0,0
BRF:48
BRH:0
end_of_record
TN:
SF:app\api\social\follow\route.ts
FN:7,POST
FN:93,GET
FN:194,formatUser
FNF:3
FNH:0
FNDA:0,POST
FNDA:0,GET
FNDA:0,formatUser
DA:1,0
DA:2,0
DA:3,0
DA:4,0
DA:7,0
DA:8,0
DA:9,0
DA:11,0
DA:12,0
DA:15,0
DA:16,0
DA:18,0
DA:19,0
DA:22,0
DA:23,0
DA:26,0
DA:27,0
DA:30,0
DA:33,0
DA:37,0
DA:38,0
DA:41,0
DA:43,0
DA:44,0
DA:50,0
DA:61,0
DA:62,0
DA:67,0
DA:72,0
DA:84,0
DA:85,0
DA:93,0
DA:94,0
DA:95,0
DA:97,0
DA:98,0
DA:101,0
DA:102,0
DA:103,0
DA:104,0
DA:105,0
DA:106,0
DA:108,0
DA:110,0
DA:111,0
DA:113,0
DA:115,0
DA:137,0
DA:139,0
DA:162,0
DA:168,0
DA:186,0
DA:187,0
DA:195,0
LF:54
LH:0
BRDA:11,0,0,0
BRDA:18,1,0,0
BRDA:18,2,0,0
BRDA:18,2,1,0
BRDA:22,3,0,0
BRDA:26,4,0,0
BRDA:37,5,0,0
BRDA:41,6,0,0
BRDA:41,6,1,0
BRDA:87,7,0,0
BRDA:87,7,1,0
BRDA:87,8,0,0
BRDA:87,8,1,0
BRDA:97,9,0,0
BRDA:102,10,0,0
BRDA:102,10,1,0
BRDA:103,11,0,0
BRDA:103,11,1,0
BRDA:104,12,0,0
BRDA:104,12,1,0
BRDA:105,13,0,0
BRDA:105,13,1,0
BRDA:113,14,0,0
BRDA:113,15,0,0
BRDA:113,15,1,0
BRDA:137,16,0,0
BRDA:137,17,0,0
BRDA:137,17,1,0
BRDA:174,18,0,0
BRDA:174,18,1,0
BRDA:175,19,0,0
BRDA:175,19,1,0
BRDA:189,20,0,0
BRDA:189,20,1,0
BRDA:189,21,0,0
BRDA:189,21,1,0
BRDA:201,22,0,0
BRDA:201,22,1,0
BRDA:202,23,0,0
BRDA:202,23,1,0
BRF:40
BRH:0
end_of_record
TN:
SF:app\api\social\leaderboard\route.ts
FN:6,GET
FN:214,(anonymous_2)
FN:319,(anonymous_3)
FN:359,formatScore
FNF:4
FNH:0
FNDA:0,GET
FNDA:0,(anonymous_2)
FNDA:0,(anonymous_3)
FNDA:0,formatScore
DA:1,0
DA:2,0
DA:3,0
DA:4,0
DA:6,0
DA:7,0
DA:8,0
DA:10,0
DA:11,0
DA:14,0
DA:15,0
DA:16,0
DA:17,0
DA:19,0
DA:22,0
DA:23,0
DA:25,0
DA:27,0
DA:28,0
DA:30,0
DA:31,0
DA:33,0
DA:34,0
DA:37,0
DA:38,0
DA:43,0
DA:46,0
DA:82,0
DA:86,0
DA:114,0
DA:118,0
DA:154,0
DA:159,0
DA:207,0
DA:210,0
DA:213,0
DA:214,0
DA:216,0
DA:220,0
DA:222,0
DA:243,0
DA:246,0
DA:258,0
DA:261,0
DA:273,0
DA:276,0
DA:307,0
DA:310,0
DA:311,0
DA:312,0
DA:316,0
DA:319,0
DA:351,0
DA:352,0
DA:360,0
DA:362,0
DA:364,0
DA:366,0
DA:368,0
DA:370,0
LF:60
LH:0
BRDA:10,0,0,0
BRDA:15,1,0,0
BRDA:15,1,1,0
BRDA:16,2,0,0
BRDA:16,2,1,0
BRDA:17,3,0,0
BRDA:17,3,1,0
BRDA:25,4,0,0
BRDA:25,4,1,0
BRDA:25,4,2,0
BRDA:25,4,3,0
BRDA:25,4,4,0
BRDA:43,5,0,0
BRDA:43,5,1,0
BRDA:43,5,2,0
BRDA:43,5,3,0
BRDA:43,5,4,0
BRDA:216,6,0,0
BRDA:220,7,0,0
BRDA:220,7,1,0
BRDA:220,7,2,0
BRDA:220,7,3,0
BRDA:311,8,0,0
BRDA:327,9,0,0
BRDA:327,9,1,0
BRDA:328,10,0,0
BRDA:328,10,1,0
BRDA:329,11,0,0
BRDA:329,11,1,0
BRDA:333,12,0,0
BRDA:333,12,1,0
BRDA:354,13,0,0
BRDA:354,13,1,0
BRDA:354,14,0,0
BRDA:354,14,1,0
BRDA:360,15,0,0
BRDA:360,15,1,0
BRDA:362,16,0,0
BRDA:362,16,1,0
BRDA:362,16,2,0
BRDA:362,16,3,0
BRF:41
BRH:0
end_of_record
TN:
SF:app\api\social\like\route.ts
FN:7,POST
FN:95,GET
FN:139,(anonymous_5)
FNF:3
FNH:0
FNDA:0,POST
FNDA:0,GET
FNDA:0,(anonymous_5)
DA:1,0
DA:2,0
DA:3,0
DA:4,0
DA:7,0
DA:8,0
DA:9,0
DA:11,0
DA:12,0
DA:15,0
DA:16,0
DA:18,0
DA:19,0
DA:22,0
DA:23,0
DA:26,0
DA:29,0
DA:33,0
DA:34,0
DA:37,0
DA:39,0
DA:40,0
DA:47,0
DA:51,0
DA:60,0
DA:61,0
DA:66,0
DA:72,0
DA:76,0
DA:86,0
DA:87,0
DA:95,0
DA:96,0
DA:97,0
DA:99,0
DA:100,0
DA:103,0
DA:104,0
DA:105,0
DA:106,0
DA:107,0
DA:109,0
DA:110,0
DA:113,0
DA:116,0
DA:132,0
DA:136,0
DA:139,0
DA:159,0
DA:160,0
LF:50
LH:0
BRDA:11,0,0,0
BRDA:18,1,0,0
BRDA:18,2,0,0
BRDA:18,2,1,0
BRDA:22,3,0,0
BRDA:33,4,0,0
BRDA:37,5,0,0
BRDA:37,5,1,0
BRDA:89,6,0,0
BRDA:89,6,1,0
BRDA:89,7,0,0
BRDA:89,7,1,0
BRDA:99,8,0,0
BRDA:105,9,0,0
BRDA:105,9,1,0
BRDA:106,10,0,0
BRDA:106,10,1,0
BRDA:109,11,0,0
BRDA:162,12,0,0
BRDA:162,12,1,0
BRDA:162,13,0,0
BRDA:162,13,1,0
BRF:22
BRH:0
end_of_record
TN:
SF:app\api\test-avatar-moderation\route.ts
FN:6,POST
FN:71,testAvatarUpload
FN:88,(anonymous_8)
FN:110,testAvatarModeration
FN:214,testSessionUpdate
FN:270,testImageProxy
FN:317,testFullPipeline
FN:402,testAvatarPersistence
FN:445,(anonymous_14)
FN:482,GET
FNF:10
FNH:0
FNDA:0,POST
FNDA:0,testAvatarUpload
FNDA:0,(anonymous_8)
FNDA:0,testAvatarModeration
FNDA:0,testSessionUpdate
FNDA:0,testImageProxy
FNDA:0,testFullPipeline
FNDA:0,testAvatarPersistence
FNDA:0,(anonymous_14)
FNDA:0,GET
DA:1,0
DA:2,0
DA:3,0
DA:6,0
DA:7,0
DA:8,0
DA:10,0
DA:11,0
DA:14,0
DA:16,0
DA:18,0
DA:26,0
DA:28,0
DA:29,0
DA:32,0
DA:33,0
DA:36,0
DA:37,0
DA:40,0
DA:41,0
DA:44,0
DA:45,0
DA:48,0
DA:49,0
DA:52,0
DA:55,0
DA:62,0
DA:63,0
DA:72,0
DA:80,0
DA:81,0
DA:85,0
DA:88,0
DA:92,0
DA:94,0
DA:96,0
DA:97,0
DA:99,0
DA:102,0
DA:103,0
DA:106,0
DA:111,0
DA:124,0
DA:125,0
DA:128,0
DA:130,0
DA:131,0
DA:140,0
DA:141,0
DA:142,0
DA:143,0
DA:145,0
DA:146,0
DA:149,0
DA:153,0
DA:155,0
DA:156,0
DA:165,0
DA:166,0
DA:167,0
DA:168,0
DA:170,0
DA:171,0
DA:174,0
DA:178,0
DA:180,0
DA:181,0
DA:190,0
DA:191,0
DA:192,0
DA:193,0
DA:195,0
DA:196,0
DA:199,0
DA:203,0
DA:206,0
DA:207,0
DA:210,0
DA:215,0
DA:222,0
DA:223,0
DA:226,0
DA:229,0
DA:231,0
DA:240,0
DA:241,0
DA:242,0
DA:243,0
DA:244,0
DA:245,0
DA:248,0
DA:249,0
DA:251,0
DA:254,0
DA:255,0
DA:262,0
DA:263,0
DA:266,0
DA:271,0
DA:279,0
DA:280,0
DA:283,0
DA:285,0
DA:286,0
DA:289,0
DA:290,0
DA:291,0
DA:293,0
DA:294,0
DA:296,0
DA:297,0
DA:298,0
DA:299,0
DA:301,0
DA:302,0
DA:305,0
DA:309,0
DA:310,0
DA:313,0
DA:318,0
DA:330,0
DA:331,0
DA:332,0
DA:335,0
DA:336,0
DA:337,0
DA:338,0
DA:342,0
DA:343,0
DA:352,0
DA:353,0
DA:354,0
DA:355,0
DA:356,0
DA:359,0
DA:363,0
DA:364,0
DA:373,0
DA:374,0
DA:375,0
DA:379,0
DA:380,0
DA:381,0
DA:382,0
DA:387,0
DA:388,0
DA:391,0
DA:394,0
DA:395,0
DA:398,0
DA:403,0
DA:414,0
DA:415,0
DA:416,0
DA:419,0
DA:420,0
DA:421,0
DA:422,0
DA:426,0
DA:427,0
DA:436,0
DA:437,0
DA:438,0
DA:441,0
DA:444,0
DA:445,0
DA:446,0
DA:448,0
DA:452,0
DA:453,0
DA:454,0
DA:455,0
DA:458,0
DA:459,0
DA:460,0
DA:461,0
DA:463,0
DA:466,0
DA:469,0
DA:471,0
DA:474,0
DA:475,0
DA:478,0
DA:482,0
DA:483,0
LF:185
LH:0
BRDA:10,0,0,0
BRDA:26,1,0,0
BRDA:26,1,1,0
BRDA:26,1,2,0
BRDA:26,1,3,0
BRDA:26,1,4,0
BRDA:26,1,5,0
BRDA:26,1,6,0
BRDA:65,2,0,0
BRDA:65,2,1,0
BRDA:65,3,0,0
BRDA:65,3,1,0
BRDA:102,4,0,0
BRDA:102,4,1,0
BRDA:131,5,0,0
BRDA:131,5,1,0
BRDA:140,6,0,0
BRDA:140,6,1,0
BRDA:143,7,0,0
BRDA:143,7,1,0
BRDA:149,8,0,0
BRDA:149,8,1,0
BRDA:156,9,0,0
BRDA:156,9,1,0
BRDA:165,10,0,0
BRDA:165,10,1,0
BRDA:168,11,0,0
BRDA:168,11,1,0
BRDA:174,12,0,0
BRDA:174,12,1,0
BRDA:181,13,0,0
BRDA:181,13,1,0
BRDA:190,14,0,0
BRDA:190,14,1,0
BRDA:193,15,0,0
BRDA:193,15,1,0
BRDA:199,16,0,0
BRDA:199,16,1,0
BRDA:206,17,0,0
BRDA:206,17,1,0
BRDA:231,18,0,0
BRDA:231,18,1,0
BRDA:240,19,0,0
BRDA:240,19,1,0
BRDA:244,20,0,0
BRDA:244,20,1,0
BRDA:262,21,0,0
BRDA:262,21,1,0
BRDA:285,22,0,0
BRDA:285,22,1,0
BRDA:285,23,0,0
BRDA:285,23,1,0
BRDA:291,24,0,0
BRDA:291,24,1,0
BRDA:296,25,0,0
BRDA:296,25,1,0
BRDA:309,26,0,0
BRDA:309,26,1,0
BRDA:337,27,0,0
BRDA:342,28,0,0
BRDA:342,29,0,0
BRDA:342,29,1,0
BRDA:343,30,0,0
BRDA:343,30,1,0
BRDA:352,31,0,0
BRDA:352,31,1,0
BRDA:355,32,0,0
BRDA:363,33,0,0
BRDA:364,34,0,0
BRDA:364,34,1,0
BRDA:374,35,0,0
BRDA:381,36,0,0
BRDA:388,37,0,0
BRDA:388,37,1,0
BRDA:388,37,2,0
BRDA:388,37,3,0
BRDA:391,38,0,0
BRDA:391,38,1,0
BRDA:394,39,0,0
BRDA:394,39,1,0
BRDA:420,40,0,0
BRDA:420,41,0,0
BRDA:420,41,1,0
BRDA:427,42,0,0
BRDA:427,42,1,0
BRDA:436,43,0,0
BRDA:452,44,0,0
BRDA:452,44,1,0
BRDA:466,45,0,0
BRDA:466,45,1,0
BRDA:469,46,0,0
BRDA:469,46,1,0
BRDA:469,46,2,0
BRDA:471,47,0,0
BRDA:471,47,1,0
BRDA:474,48,0,0
BRDA:474,48,1,0
BRF:97
BRH:0
end_of_record
TN:
SF:app\api\test-avatar-persistence\route.ts
FN:6,POST
FN:88,GET
FNF:2
FNH:0
FNDA:0,POST
FNDA:0,GET
DA:1,0
DA:2,0
DA:3,0
DA:4,0
DA:6,0
DA:7,0
DA:8,0
DA:10,0
DA:11,0
DA:14,0
DA:16,0
DA:28,0
DA:29,0
DA:32,0
DA:35,0
DA:41,0
DA:42,0
DA:43,0
DA:46,0
DA:49,0
DA:51,0
DA:55,0
DA:56,0
DA:57,0
DA:58,0
DA:60,0
DA:63,0
DA:65,0
DA:68,0
DA:69,0
DA:72,0
DA:79,0
DA:80,0
DA:88,0
DA:89,0
LF:35
LH:0
BRDA:10,0,0,0
BRDA:35,1,0,0
BRDA:35,1,1,0
BRDA:41,2,0,0
BRDA:55,3,0,0
BRDA:55,3,1,0
BRDA:63,4,0,0
BRDA:63,4,1,0
BRDA:63,4,2,0
BRDA:65,5,0,0
BRDA:65,5,1,0
BRDA:68,6,0,0
BRDA:68,6,1,0
BRDA:82,7,0,0
BRDA:82,7,1,0
BRDA:82,8,0,0
BRDA:82,8,1,0
BRF:17
BRH:0
end_of_record
TN:
SF:app\api\test-avatar-system\route.ts
FN:5,GET
FNF:1
FNH:0
FNDA:0,GET
DA:1,0
DA:2,0
DA:3,0
DA:5,0
DA:6,0
DA:7,0
DA:9,0
DA:10,0
DA:14,0
DA:37,0
DA:38,0
DA:39,0
DA:40,0
DA:42,0
DA:43,0
DA:51,0
DA:58,0
DA:66,0
DA:67,0
LF:19
LH:0
BRDA:9,0,0,0
BRDA:25,1,0,0
BRDA:25,1,1,0
BRDA:26,2,0,0
BRDA:26,2,1,0
BRDA:30,3,0,0
BRDA:30,3,1,0
BRDA:31,4,0,0
BRDA:31,4,1,0
BRDA:32,5,0,0
BRDA:32,5,1,0
BRDA:37,6,0,0
BRDA:37,7,0,0
BRDA:37,7,1,0
BRDA:53,8,0,0
BRDA:53,8,1,0
BRDA:69,9,0,0
BRDA:69,9,1,0
BRDA:69,10,0,0
BRDA:69,10,1,0
BRF:20
BRH:0
end_of_record
TN:
SF:app\api\test-db\route.ts
FN:4,GET
FNF:1
FNH:0
FNDA:0,GET
DA:1,0
DA:2,0
DA:4,0
DA:5,0
DA:6,0
DA:8,0
DA:9,0
DA:17,0
DA:24,0
DA:25,0
LF:10
LH:0
BRDA:8,0,0,0
BRDA:8,0,1,0
BRDA:14,1,0,0
BRDA:14,1,1,0
BRDA:28,2,0,0
BRDA:28,2,1,0
BRF:6
BRH:0
end_of_record
TN:
SF:app\api\test-deployment\route.ts
FN:5,GET
FN:22,(anonymous_2)
FN:26,(anonymous_3)
FN:29,(anonymous_4)
FN:30,(anonymous_5)
FN:49,(anonymous_6)
FNF:6
FNH:0
FNDA:0,GET
FNDA:0,(anonymous_2)
FNDA:0,(anonymous_3)
FNDA:0,(anonymous_4)
FNDA:0,(anonymous_5)
FNDA:0,(anonymous_6)
DA:1,0
DA:2,0
DA:3,0
DA:5,0
DA:6,0
DA:7,0
DA:21,0
DA:23,0
DA:26,0
DA:28,0
DA:29,0
DA:30,0
DA:33,0
DA:34,0
DA:35,0
DA:36,0
DA:38,0
DA:42,0
DA:49,0
DA:51,0
DA:81,0
LF:21
LH:0
BRDA:9,0,0,0
BRDA:9,0,1,0
BRDA:10,1,0,0
BRDA:10,1,1,0
BRDA:11,2,0,0
BRDA:11,2,1,0
BRDA:12,3,0,0
BRDA:12,3,1,0
BRDA:13,4,0,0
BRDA:13,4,1,0
BRDA:14,5,0,0
BRDA:14,5,1,0
BRDA:15,6,0,0
BRDA:15,6,1,0
BRDA:16,7,0,0
BRDA:16,7,1,0
BRDA:17,8,0,0
BRDA:17,8,1,0
BRDA:23,9,0,0
BRDA:23,9,1,0
BRDA:36,10,0,0
BRDA:36,10,1,0
BRDA:38,11,0,0
BRDA:38,11,1,0
BRDA:43,12,0,0
BRDA:43,12,1,0
BRDA:59,13,0,0
BRDA:59,13,1,0
BRDA:62,14,0,0
BRDA:62,14,1,0
BRDA:63,15,0,0
BRDA:63,15,1,0
BRDA:63,16,0,0
BRDA:63,16,1,0
BRDA:65,17,0,0
BRDA:65,17,1,0
BRDA:67,18,0,0
BRDA:67,18,1,0
BRDA:69,19,0,0
BRDA:69,19,1,0
BRDA:71,20,0,0
BRDA:71,20,1,0
BRDA:75,21,0,0
BRDA:75,21,1,0
BRDA:76,22,0,0
BRDA:76,22,1,0
BRDA:84,23,0,0
BRDA:84,23,1,0
BRF:48
BRH:0
end_of_record
TN:
SF:app\api\test-email\route.ts
FN:4,POST
FNF:1
FNH:0
FNDA:0,POST
DA:1,0
DA:2,0
DA:4,0
DA:5,0
DA:6,0
DA:8,0
DA:9,0
DA:12,0
DA:13,0
DA:14,0
DA:15,0
DA:18,0
DA:21,0
DA:23,0
DA:25,0
DA:37,0
DA:38,0
LF:17
LH:0
BRDA:8,0,0,0
BRDA:15,1,0,0
BRDA:15,1,1,0
BRDA:27,2,0,0
BRDA:27,2,1,0
BRDA:31,3,0,0
BRDA:31,3,1,0
BRDA:40,4,0,0
BRDA:40,4,1,0
BRF:9
BRH:0
end_of_record
TN:
SF:app\api\test-file-validation\route.ts
FN:4,POST
FN:65,(anonymous_2)
FN:75,(anonymous_3)
FN:76,(anonymous_4)
FN:90,createMockFile
FN:98,(anonymous_6)
FN:116,(anonymous_7)
FN:120,(anonymous_8)
FN:121,(anonymous_9)
FN:122,(anonymous_10)
FNF:10
FNH:0
FNDA:0,POST
FNDA:0,(anonymous_2)
FNDA:0,(anonymous_3)
FNDA:0,(anonymous_4)
FNDA:0,createMockFile
FNDA:0,(anonymous_6)
FNDA:0,(anonymous_7)
FNDA:0,(anonymous_8)
FNDA:0,(anonymous_9)
FNDA:0,(anonymous_10)
DA:1,0
DA:2,0
DA:4,0
DA:5,0
DA:6,0
DA:9,0
DA:37,0
DA:39,0
DA:40,0
DA:42,0
DA:44,0
DA:60,0
DA:62,0
DA:65,0
DA:67,0
DA:69,0
DA:75,0
DA:76,0
DA:81,0
DA:82,0
DA:92,0
DA:100,0
DA:101,0
DA:104,0
DA:105,0
DA:106,0
DA:107,0
DA:108,0
DA:109,0
DA:110,0
DA:111,0
DA:114,0
DA:117,0
DA:118,0
DA:120,0
DA:121,0
DA:122,0
DA:125,0
LF:38
LH:0
BRDA:62,0,0,0
BRDA:62,0,1,0
BRDA:62,1,0,0
BRDA:62,1,1,0
BRDA:67,2,0,0
BRDA:67,2,1,0
BRDA:71,3,0,0
BRDA:71,3,1,0
BRDA:85,4,0,0
BRDA:85,4,1,0
BRDA:104,5,0,0
BRDA:104,5,1,0
BRDA:106,6,0,0
BRDA:106,6,1,0
BRDA:108,7,0,0
BRDA:108,7,1,0
BRDA:110,8,0,0
BRDA:117,9,0,0
BRDA:117,9,1,0
BRDA:117,10,0,0
BRDA:117,10,1,0
BRF:21
BRH:0
end_of_record
TN:
SF:app\api\test-google-oauth\route.ts
FN:4,GET
FN:21,(anonymous_2)
FNF:2
FNH:0
FNDA:0,GET
FNDA:0,(anonymous_2)
DA:1,0
DA:2,0
DA:4,0
DA:5,0
DA:6,0
DA:7,0
DA:8,0
DA:11,0
DA:17,0
DA:20,0
DA:21,0
DA:24,0
DA:88,0
DA:89,0
DA:92,0
DA:93,0
DA:96,0
DA:97,0
DA:100,0
DA:101,0
DA:104,0
DA:105,0
DA:108,0
DA:109,0
DA:112,0
LF:25
LH:0
BRDA:11,0,0,0
BRDA:11,0,1,0
BRDA:12,1,0,0
BRDA:12,1,1,0
BRDA:32,2,0,0
BRDA:32,2,1,0
BRDA:33,3,0,0
BRDA:33,3,1,0
BRDA:34,4,0,0
BRDA:34,4,1,0
BRDA:38,5,0,0
BRDA:38,5,1,0
BRDA:39,6,0,0
BRDA:39,6,1,0
BRDA:40,7,0,0
BRDA:40,7,1,0
BRDA:44,8,0,0
BRDA:44,8,1,0
BRDA:45,9,0,0
BRDA:45,9,1,0
BRDA:49,10,0,0
BRDA:49,10,1,0
BRDA:50,11,0,0
BRDA:50,11,1,0
BRDA:59,12,0,0
BRDA:59,12,1,0
BRDA:72,13,0,0
BRDA:72,13,1,0
BRDA:72,13,2,0
BRDA:72,13,3,0
BRDA:73,14,0,0
BRDA:73,14,1,0
BRDA:73,14,2,0
BRDA:75,15,0,0
BRDA:75,15,1,0
BRDA:75,15,2,0
BRDA:75,15,3,0
BRDA:75,15,4,0
BRDA:88,16,0,0
BRDA:88,17,0,0
BRDA:88,17,1,0
BRDA:92,18,0,0
BRDA:96,19,0,0
BRDA:100,20,0,0
BRDA:100,21,0,0
BRDA:100,21,1,0
BRDA:104,22,0,0
BRDA:108,23,0,0
BRDA:113,24,0,0
BRDA:113,24,1,0
BRF:50
BRH:0
end_of_record
TN:
SF:app\api\test-onboarding\route.ts
FN:6,GET
FN:50,(anonymous_4)
FN:152,POST
FNF:3
FNH:0
FNDA:0,GET
FNDA:0,(anonymous_4)
FNDA:0,POST
DA:1,0
DA:2,0
DA:3,0
DA:4,0
DA:6,0
DA:7,0
DA:8,0
DA:9,0
DA:11,0
DA:17,0
DA:18,0
DA:19,0
DA:20,0
DA:31,0
DA:44,0
DA:45,0
DA:50,0
DA:61,0
DA:62,0
DA:63,0
DA:64,0
DA:82,0
DA:91,0
DA:92,0
DA:107,0
DA:108,0
DA:124,0
DA:125,0
DA:126,0
DA:128,0
DA:129,0
DA:130,0
DA:131,0
DA:135,0
DA:142,0
DA:152,0
DA:153,0
DA:154,0
DA:155,0
DA:157,0
DA:159,0
DA:161,0
DA:162,0
DA:170,0
DA:181,0
DA:189,0
DA:196,0
LF:47
LH:0
BRDA:9,0,0,0
BRDA:9,0,1,0
BRDA:17,1,0,0
BRDA:17,2,0,0
BRDA:17,2,1,0
BRDA:23,3,0,0
BRDA:23,3,1,0
BRDA:23,3,2,0
BRDA:26,4,0,0
BRDA:26,4,1,0
BRDA:34,5,0,0
BRDA:34,5,1,0
BRDA:44,6,0,0
BRDA:44,7,0,0
BRDA:44,7,1,0
BRDA:50,8,0,0
BRDA:50,8,1,0
BRDA:51,9,0,0
BRDA:51,9,1,0
BRDA:54,10,0,0
BRDA:54,10,1,0
BRDA:61,11,0,0
BRDA:61,12,0,0
BRDA:61,12,1,0
BRDA:67,13,0,0
BRDA:67,13,1,0
BRDA:70,14,0,0
BRDA:70,14,1,0
BRDA:85,15,0,0
BRDA:85,15,1,0
BRDA:91,16,0,0
BRDA:91,17,0,0
BRDA:91,17,1,0
BRDA:107,18,0,0
BRDA:107,19,0,0
BRDA:107,19,1,0
BRDA:114,20,0,0
BRDA:114,20,1,0
BRDA:115,21,0,0
BRDA:115,21,1,0
BRDA:116,22,0,0
BRDA:116,22,1,0
BRDA:117,23,0,0
BRDA:117,23,1,0
BRDA:118,24,0,0
BRDA:118,24,1,0
BRDA:125,25,0,0
BRDA:126,26,0,0
BRDA:129,27,0,0
BRDA:145,28,0,0
BRDA:145,28,1,0
BRDA:157,29,0,0
BRDA:161,30,0,0
BRDA:161,31,0,0
BRDA:161,31,1,0
BRDA:161,31,2,0
BRDA:199,32,0,0
BRDA:199,32,1,0
BRF:58
BRH:0
end_of_record
TN:
SF:app\api\test-reward-calculation\route.ts
FN:5,GET
FN:103,(anonymous_4)
FN:139,POST
FNF:3
FNH:0
FNDA:0,GET
FNDA:0,(anonymous_4)
FNDA:0,POST
DA:1,0
DA:2,0
DA:3,0
DA:5,0
DA:6,0
DA:7,0
DA:8,0
DA:9,0
DA:10,0
DA:12,0
DA:13,0
DA:19,0
DA:22,0
DA:39,0
DA:40,0
DA:46,0
DA:48,0
DA:50,0
DA:52,0
DA:80,0
DA:82,0
DA:83,0
DA:89,0
DA:91,0
[...]
BRDA:64,1,0,0
BRDA:64,1,1,0
BRDA:87,2,0,0
BRDA:91,3,0,0
BRDA:130,4,0,0
BRDA:130,4,1,0
BRDA:150,5,0,0
BRDA:150,5,1,0
BRDA:151,6,0,0
BRDA:151,6,1,0
BRDA:157,7,0,0
BRDA:157,7,1,0
BRDA:189,8,0,0
BRDA:196,9,0,0
BRDA:204,10,0,0
BRDA:226,11,0,0
BRDA:227,12,0,0
BRDA:233,13,0,0
BRF:19
BRH:0
end_of_record
TN:
SF:lib\mock-data.ts
FN:305,(anonymous_12)
FN:306,(anonymous_13)
FN:309,(anonymous_14)
FN:310,(anonymous_15)
FN:313,(anonymous_16)
FN:314,(anonymous_17)
FN:317,(anonymous_18)
FN:321,(anonymous_19)
FN:322,(anonymous_20)
FNF:9
FNH:0
FNDA:0,(anonymous_12)
FNDA:0,(anonymous_13)
FNDA:0,(anonymous_14)
FNDA:0,(anonymous_15)
FNDA:0,(anonymous_16)
FNDA:0,(anonymous_17)
FNDA:0,(anonymous_18)
FNDA:0,(anonymous_19)
FNDA:0,(anonymous_20)
DA:2,0
DA:5,0
DA:19,0
DA:41,0
DA:214,0
DA:247,0
DA:267,0
DA:305,0
DA:306,0
DA:309,0
DA:310,0
DA:313,0
DA:314,0
DA:317,0
DA:321,0
DA:322,0
LF:16
LH:0
BRDA:310,0,0,0
BRDA:310,0,1,0
BRF:2
BRH:0
end_of_record
TN:
SF:lib\moderation.ts
FN:76,(anonymous_9)
FN:129,(anonymous_10)
FN:160,(anonymous_11)
FN:175,moderateUserContent
FN:179,validateUserProfileName
FN:188,(anonymous_14)
FN:196,(anonymous_15)
FN:204,(anonymous_16)
FN:274,(anonymous_17)
FN:300,(anonymous_18)
FN:375,(anonymous_19)
FN:407,(anonymous_20)
FN:675,(anonymous_21)
FN:688,(anonymous_22)
FN:720,(anonymous_23)
FN:743,(anonymous_24)
FN:744,(anonymous_25)
FN:753,(anonymous_26)
FN:760,(anonymous_27)
FN:787,(anonymous_28)
FN:818,(anonymous_29)
FN:844,(anonymous_30)
FN:848,(anonymous_31)
FN:863,(anonymous_32)
FN:864,(anonymous_33)
FN:867,(anonymous_34)
FN:871,(anonymous_35)
FN:886,(anonymous_36)
FN:919,(anonymous_37)
FNF:29
FNH:0
FNDA:0,(anonymous_9)
FNDA:0,(anonymous_10)
FNDA:0,(anonymous_11)
FNDA:0,moderateUserContent
FNDA:0,validateUserProfileName
FNDA:0,(anonymous_14)
FNDA:0,(anonymous_15)
FNDA:0,(anonymous_16)
FNDA:0,(anonymous_17)
FNDA:0,(anonymous_18)
FNDA:0,(anonymous_19)
FNDA:0,(anonymous_20)
FNDA:0,(anonymous_21)
FNDA:0,(anonymous_22)
FNDA:0,(anonymous_23)
FNDA:0,(anonymous_24)
FNDA:0,(anonymous_25)
FNDA:0,(anonymous_26)
FNDA:0,(anonymous_27)
FNDA:0,(anonymous_28)
FNDA:0,(anonymous_29)
FNDA:0,(anonymous_30)
FNDA:0,(anonymous_31)
FNDA:0,(anonymous_32)
FNDA:0,(anonymous_33)
FNDA:0,(anonymous_34)
FNDA:0,(anonymous_35)
FNDA:0,(anonymous_36)
FNDA:0,(anonymous_37)
DA:8,0
DA:34,0
DA:67,0
DA:74,0
DA:81,0
DA:84,0
DA:85,0
DA:86,0
DA:95,0
DA:96,0
DA:97,0
DA:106,0
DA:107,0
DA:108,0
DA:117,0
DA:118,0
DA:125,0
DA:130,0
DA:131,0
DA:134,0
DA:135,0
DA:139,0
DA:140,0
DA:141,0
DA:148,0
DA:149,0
DA:152,0
DA:153,0
DA:156,0
DA:169,0
DA:170,0
DA:175,0
DA:176,0
DA:179,0
DA:180,0
DA:184,0
DA:189,0
DA:190,0
DA:197,0
DA:198,0
DA:200,0
DA:205,0
DA:207,0
DA:208,0
DA:209,0
DA:216,0
DA:220,0
DA:221,0
DA:233,0
DA:234,0
DA:235,0
DA:237,0
DA:245,0
DA:250,0
DA:251,0
DA:259,0
DA:262,0
DA:264,0
DA:275,0
DA:278,0
DA:280,0
DA:281,0
DA:282,0
DA:286,0
DA:287,0
DA:296,0
DA:301,0
DA:302,0
DA:304,0
DA:305,0
DA:308,0
DA:310,0
DA:312,0
DA:313,0
DA:319,0
DA:321,0
DA:322,0
DA:330,0
DA:339,0
DA:342,0
DA:345,0
DA:348,0
DA:349,0
DA:352,0
DA:353,0
DA:354,0
DA:355,0
DA:356,0
DA:357,0
DA:358,0
DA:359,0
DA:361,0
DA:362,0
DA:363,0
DA:367,0
DA:368,0
DA:371,0
DA:372,0
DA:374,0
DA:375,0
DA:378,0
DA:379,0
DA:381,0
DA:389,0
DA:394,0
DA:396,0
DA:398,0
DA:399,0
DA:401,0
DA:402,0
DA:403,0
DA:404,0
DA:407,0
DA:408,0
DA:409,0
DA:410,0
DA:411,0
DA:414,0
DA:415,0
DA:416,0
DA:418,0
DA:420,0
DA:423,0
DA:425,0
DA:426,0
DA:427,0
DA:430,0
DA:431,0
DA:432,0
DA:433,0
DA:435,0
DA:438,0
DA:439,0
DA:440,0
DA:441,0
DA:444,0
DA:445,0
DA:446,0
DA:447,0
DA:449,0
DA:453,0
DA:454,0
DA:455,0
DA:458,0
DA:459,0
DA:460,0
DA:461,0
DA:463,0
DA:467,0
DA:470,0
DA:471,0
DA:479,0
DA:530,0
DA:532,0
DA:541,0
DA:543,0
DA:544,0
DA:545,0
DA:552,0
DA:554,0
DA:555,0
DA:556,0
DA:565,0
DA:566,0
DA:567,0
DA:568,0
DA:569,0
DA:572,0
DA:574,0
DA:577,0
DA:579,0
DA:590,0
DA:592,0
DA:600,0
DA:603,0
DA:604,0
DA:605,0
DA:606,0
DA:607,0
DA:608,0
DA:611,0
DA:614,0
DA:615,0
DA:625,0
DA:626,0
DA:627,0
DA:628,0
DA:629,0
DA:630,0
DA:633,0
DA:634,0
DA:635,0
DA:638,0
DA:639,0
DA:640,0
DA:641,0
DA:642,0
DA:643,0
DA:646,0
DA:650,0
DA:651,0
DA:659,0
DA:660,0
DA:661,0
DA:664,0
DA:665,0
DA:676,0
DA:678,0
DA:679,0
DA:685,0
DA:688,0
DA:689,0
DA:690,0
DA:714,0
DA:721,0
DA:722,0
DA:725,0
DA:726,0
DA:727,0
DA:729,0
DA:730,0
DA:731,0
DA:732,0
DA:737,0
DA:738,0
DA:743,0
DA:744,0
DA:750,0
DA:753,0
DA:761,0
DA:768,0
DA:769,0
DA:770,0
DA:779,0
DA:788,0
DA:789,0
DA:792,0
DA:793,0
DA:794,0
DA:795,0
DA:799,0
DA:800,0
DA:801,0
DA:805,0
DA:806,0
DA:807,0
DA:810,0
DA:819,0
DA:825,0
DA:826,0
DA:827,0
DA:836,0
DA:845,0
DA:846,0
DA:848,0
DA:849,0
DA:851,0
DA:864,0
DA:865,0
DA:867,0
DA:868,0
DA:872,0
DA:874,0
DA:875,0
DA:883,0
DA:886,0
DA:887,0
DA:888,0
DA:914,0
DA:921,0
DA:922,0
DA:923,0
DA:924,0
DA:927,0
DA:982,0
LF:275
LH:0
BRDA:85,0,0,0
BRDA:96,1,0,0
BRDA:107,2,0,0
BRDA:117,3,0,0
BRDA:130,4,0,0
BRDA:130,5,0,0
BRDA:130,5,1,0
BRDA:134,6,0,0
BRDA:140,7,0,0
BRDA:148,8,0,0
BRDA:152,9,0,0
BRDA:189,10,0,0
BRDA:189,10,1,0
BRDA:192,11,0,0
BRDA:192,11,1,0
BRDA:197,12,0,0
BRDA:204,13,0,0
BRDA:208,14,0,0
BRDA:220,15,0,0
BRDA:233,16,0,0
BRDA:278,17,0,0
BRDA:281,18,0,0
BRDA:286,19,0,0
BRDA:286,20,0,0
BRDA:286,20,1,0
BRDA:300,21,0,0
BRDA:302,22,0,0
BRDA:302,22,1,0
BRDA:304,23,0,0
BRDA:310,24,0,0
BRDA:310,24,1,0
BRDA:310,25,0,0
BRDA:310,25,1,0
BRDA:319,26,0,0
BRDA:319,27,0,0
BRDA:319,27,1,0
BRDA:352,28,0,0
BRDA:352,28,1,0
BRDA:356,29,0,0
BRDA:356,30,0,0
BRDA:356,30,1,0
BRDA:361,31,0,0
BRDA:367,32,0,0
BRDA:367,32,1,0
BRDA:371,33,0,0
BRDA:371,33,1,0
BRDA:371,34,0,0
BRDA:371,34,1,0
BRDA:382,35,0,0
BRDA:382,35,1,0
BRDA:396,36,0,0
BRDA:396,36,1,0
BRDA:403,37,0,0
BRDA:415,38,0,0
BRDA:415,38,1,0
BRDA:426,39,0,0
BRDA:432,40,0,0
BRDA:432,40,1,0
BRDA:440,41,0,0
BRDA:446,42,0,0
BRDA:446,42,1,0
BRDA:454,43,0,0
BRDA:460,44,0,0
BRDA:460,44,1,0
BRDA:543,45,0,0
BRDA:546,46,0,0
BRDA:546,46,1,0
BRDA:554,47,0,0
BRDA:566,48,0,0
BRDA:566,48,1,0
BRDA:568,49,0,0
BRDA:580,50,0,0
BRDA:580,50,1,0
BRDA:581,51,0,0
BRDA:581,51,1,0
BRDA:582,52,0,0
BRDA:582,52,1,0
BRDA:583,53,0,0
BRDA:583,53,1,0
BRDA:638,54,0,0
BRDA:638,54,1,0
BRDA:640,55,0,0
BRDA:640,55,1,0
BRDA:642,56,0,0
BRDA:661,57,0,0
BRDA:661,57,1,0
BRDA:678,58,0,0
BRDA:705,59,0,0
BRDA:705,59,1,0
BRDA:707,60,0,0
BRDA:707,60,1,0
BRDA:708,61,0,0
BRDA:708,61,1,0
BRDA:709,62,0,0
BRDA:709,62,1,0
BRDA:725,63,0,0
BRDA:729,64,0,0
BRDA:729,64,1,0
BRDA:731,65,0,0
BRDA:731,66,0,0
BRDA:731,66,1,0
BRDA:737,67,0,0
BRDA:737,68,0,0
BRDA:737,68,1,0
BRDA:737,68,2,0
BRDA:742,69,0,0
BRDA:742,69,1,0
BRDA:746,70,0,0
BRDA:746,70,1,0
BRDA:769,71,0,0
BRDA:792,72,0,0
BRDA:792,72,1,0
BRDA:793,73,0,0
BRDA:793,74,0,0
BRDA:793,74,1,0
BRDA:799,75,0,0
BRDA:805,76,0,0
BRDA:811,77,0,0
BRDA:811,77,1,0
BRDA:814,78,0,0
BRDA:814,78,1,0
BRDA:814,79,0,0
BRDA:814,79,1,0
BRDA:826,80,0,0
BRDA:845,81,0,0
BRDA:845,81,1,0
BRDA:846,82,0,0
BRDA:846,82,1,0
BRDA:855,83,0,0
BRDA:855,83,1,0
BRDA:865,84,0,0
BRDA:874,85,0,0
BRDA:909,86,0,0
BRDA:909,86,1,0
BRF:134
BRH:0
end_of_record
TN:
SF:lib\performance-monitor.ts
FN:30,(anonymous_10)
FN:35,(anonymous_11)
FN:46,(anonymous_12)
FN:63,(anonymous_13)
FN:95,(anonymous_14)
FN:97,(anonymous_15)
FN:115,(anonymous_16)
FN:115,(anonymous_17)
FN:116,(anonymous_18)
FN:118,(anonymous_19)
FN:148,(anonymous_20)
FN:155,(anonymous_21)
FN:163,(anonymous_22)
FN:164,(anonymous_23)
FN:170,(anonymous_24)
FN:186,(anonymous_25)
FN:188,(anonymous_26)
FN:195,(anonymous_27)
FN:196,(anonymous_28)
FN:202,(anonymous_29)
FN:217,(anonymous_31)
FN:221,(anonymous_32)
FN:225,(anonymous_33)
FN:233,(anonymous_34)
FN:237,(anonymous_35)
FN:253,(anonymous_36)
FNF:26
FNH:0
FNDA:0,(anonymous_10)
FNDA:0,(anonymous_11)
FNDA:0,(anonymous_12)
FNDA:0,(anonymous_13)
FNDA:0,(anonymous_14)
FNDA:0,(anonymous_15)
FNDA:0,(anonymous_16)
FNDA:0,(anonymous_17)
FNDA:0,(anonymous_18)
FNDA:0,(anonymous_19)
FNDA:0,(anonymous_20)
FNDA:0,(anonymous_21)
FNDA:0,(anonymous_22)
FNDA:0,(anonymous_23)
FNDA:0,(anonymous_24)
FNDA:0,(anonymous_25)
FNDA:0,(anonymous_26)
FNDA:0,(anonymous_27)
FNDA:0,(anonymous_28)
FNDA:0,(anonymous_29)
FNDA:0,(anonymous_31)
FNDA:0,(anonymous_32)
FNDA:0,(anonymous_33)
FNDA:0,(anonymous_34)
FNDA:0,(anonymous_35)
FNDA:0,(anonymous_36)
DA:24,0
DA:25,0
DA:31,0
DA:32,0
DA:34,0
DA:36,0
DA:37,0
DA:44,0
DA:47,0
DA:48,0
DA:56,0
DA:64,0
DA:65,0
DA:67,0
DA:68,0
DA:69,0
DA:70,0
DA:77,0
DA:79,0
DA:80,0
DA:88,0
DA:96,0
DA:97,0
DA:100,0
DA:101,0
DA:115,0
DA:116,0
DA:117,0
DA:118,0
DA:119,0
DA:120,0
DA:121,0
DA:122,0
DA:123,0
DA:124,0
DA:125,0
DA:127,0
DA:128,0
DA:129,0
DA:131,0
DA:149,0
DA:156,0
DA:157,0
DA:164,0
DA:171,0
DA:173,0
DA:174,0
DA:175,0
DA:177,0
DA:180,0
DA:187,0
DA:188,0
DA:196,0
DA:203,0
DA:214,0
DA:217,0
DA:218,0
DA:221,0
DA:222,0
DA:225,0
DA:226,0
DA:233,0
DA:234,0
DA:237,0
DA:238,0
DA:242,0
DA:252,0
DA:254,0
DA:256,0
DA:257,0
DA:260,0
DA:261,0
DA:264,0
DA:265,0
DA:268,0
DA:269,0
DA:272,0
DA:273,0
DA:276,0
DA:280,0
LF:80
LH:0
BRDA:85,0,0,0
BRDA:85,0,1,0
BRDA:96,1,0,0
BRDA:96,1,1,0
BRDA:100,2,0,0
BRDA:124,3,0,0
BRDA:124,3,1,0
BRDA:125,4,0,0
BRDA:125,4,1,0
BRDA:164,5,0,0
BRDA:164,5,1,0
BRDA:174,6,0,0
BRDA:186,7,0,0
BRDA:256,8,0,0
BRDA:256,9,0,0
BRDA:256,9,1,0
BRDA:260,10,0,0
BRDA:260,11,0,0
BRDA:260,11,1,0
BRDA:264,12,0,0
BRDA:264,13,0,0
BRDA:264,13,1,0
BRDA:268,14,0,0
BRDA:268,15,0,0
BRDA:268,15,1,0
BRDA:272,16,0,0
BRF:26
BRH:0
end_of_record
TN:
SF:lib\reward-calculation.ts
FN:54,calculatePotentialReward
FN:114,calculateChallengeRewards
FN:193,(anonymous_6)
FN:198,(anonymous_7)
FN:199,(anonymous_8)
FN:213,calculateRewardDistribution
FN:250,calculateWinnerTakesAll
FN:258,(anonymous_11)
FN:283,calculateEqualSplit
FN:290,(anonymous_13)
FN:295,(anonymous_14)
FN:318,calculateProportional
FN:323,(anonymous_16)
FN:326,(anonymous_17)
FN:337,(anonymous_18)
FN:366,distributeRewards
FNF:16
FNH:0
FNDA:0,calculatePotentialReward
FNDA:0,calculateChallengeRewards
FNDA:0,(anonymous_6)
FNDA:0,(anonymous_7)
FNDA:0,(anonymous_8)
FNDA:0,calculateRewardDistribution
FNDA:0,calculateWinnerTakesAll
FNDA:0,(anonymous_11)
FNDA:0,calculateEqualSplit
FNDA:0,(anonymous_13)
FNDA:0,(anonymous_14)
FNDA:0,calculateProportional
FNDA:0,(anonymous_16)
FNDA:0,(anonymous_17)
FNDA:0,(anonymous_18)
FNDA:0,distributeRewards
DA:1,0
DA:54,0
DA:61,0
DA:64,0
DA:78,0
DA:79,0
DA:82,0
DA:85,0
DA:86,0
DA:87,0
DA:88,0
DA:89,0
DA:91,0
DA:94,0
DA:98,0
DA:99,0
DA:103,0
DA:104,0
DA:114,0
DA:115,0
DA:118,0
DA:138,0
DA:139,0
DA:142,0
DA:145,0
DA:161,0
DA:173,0
DA:174,0
DA:178,0
DA:183,0
DA:186,0
DA:193,0
DA:194,0
DA:198,0
DA:199,0
DA:202,0
DA:218,0
DA:221,0
DA:222,0
DA:224,0
DA:232,0
DA:234,0
DA:237,0
DA:240,0
DA:243,0
DA:255,0
DA:256,0
DA:258,0
DA:259,0
DA:260,0
DA:261,0
DA:262,0
DA:264,0
DA:290,0
DA:291,0
DA:292,0
DA:293,0
DA:295,0
DA:296,0
DA:297,0
DA:299,0
DA:323,0
DA:325,0
DA:326,0
DA:337,0
DA:338,0
DA:339,0
DA:342,0
DA:343,0
DA:344,0
DA:345,0
DA:347,0
DA:366,0
DA:367,0
DA:370,0
DA:372,0
DA:374,0
DA:376,0
DA:378,0
DA:387,0
DA:396,0
DA:411,0
DA:412,0
DA:424,0
DA:425,0
DA:438,0
DA:446,0
DA:447,0
DA:448,0
DA:450,0
DA:453,0
DA:454,0
LF:92
LH:0
BRDA:57,0,0,0
BRDA:78,1,0,0
BRDA:85,2,0,0
BRDA:85,2,1,0
BRDA:91,3,0,0
BRDA:91,3,1,0
BRDA:91,3,2,0
BRDA:138,4,0,0
BRDA:148,5,0,0
BRDA:148,5,1,0
BRDA:149,6,0,0
BRDA:149,6,1,0
BRDA:150,7,0,0
BRDA:150,7,1,0
BRDA:151,8,0,0
BRDA:151,8,1,0
BRDA:152,9,0,0
BRDA:152,9,1,0
BRDA:153,10,0,0
BRDA:153,10,1,0
BRDA:154,11,0,0
BRDA:154,11,1,0
BRDA:155,12,0,0
BRDA:155,12,1,0
BRDA:156,13,0,0
BRDA:156,13,1,0
BRDA:157,14,0,0
BRDA:157,14,1,0
BRDA:173,15,0,0
BRDA:179,16,0,0
BRDA:179,16,1,0
BRDA:197,17,0,0
BRDA:197,17,1,0
BRDA:198,18,0,0
BRDA:198,18,1,0
BRDA:199,19,0,0
BRDA:199,19,1,0
BRDA:232,20,0,0
BRDA:232,20,1,0
BRDA:232,20,2,0
BRDA:232,20,3,0
BRDA:255,21,0,0
BRDA:255,21,1,0
BRDA:256,22,0,0
BRDA:256,22,1,0
BRDA:292,23,0,0
BRDA:292,23,1,0
BRDA:293,24,0,0
BRDA:293,24,1,0
BRDA:325,25,0,0
BRDA:411,26,0,0
BRDA:424,27,0,0
BRDA:454,28,0,0
BRDA:454,28,1,0
BRF:54
BRH:0
end_of_record
TN:
SF:lib\storage.ts
FN:38,getS3Client
FN:56,validateFile
FN:88,generateFileKey
FN:97,getFileExtension
FN:112,getPresignedUploadUrl
FN:149,getPresignedDownloadUrl
FN:162,deleteFile
FN:174,uploadToCloudinary
FN:212,extractFileMetadata
FN:223,checkStorageHealth
FN:231,(anonymous_21)
FNF:11
FNH:0
FNDA:0,getS3Client
FNDA:0,validateFile
FNDA:0,generateFileKey
FNDA:0,getFileExtension
FNDA:0,getPresignedUploadUrl
FNDA:0,getPresignedDownloadUrl
FNDA:0,deleteFile
FNDA:0,uploadToCloudinary
FNDA:0,extractFileMetadata
FNDA:0,checkStorageHealth
FNDA:0,(anonymous_21)
DA:1,0
DA:2,0
DA:6,0
DA:36,0
DA:39,0
DA:40,0
DA:41,0
DA:44,0
DA:52,0
DA:56,0
DA:58,0
DA:59,0
DA:66,0
DA:67,0
DA:69,0
DA:70,0
DA:77,0
DA:78,0
DA:84,0
DA:88,0
DA:89,0
DA:90,0
DA:91,0
DA:93,0
DA:97,0
DA:98,0
DA:108,0
DA:112,0
DA:117,0
DA:119,0
DA:120,0
DA:121,0
DA:124,0
DA:125,0
DA:127,0
DA:140,0
DA:144,0
DA:146,0
DA:149,0
DA:150,0
DA:152,0
DA:157,0
DA:162,0
DA:163,0
DA:165,0
DA:170,0
DA:174,0
DA:175,0
DA:176,0
DA:179,0
DA:180,0
DA:181,0
DA:184,0
DA:185,0
DA:187,0
DA:188,0
DA:189,0
DA:191,0
DA:199,0
DA:200,0
DA:203,0
DA:205,0
DA:212,0
DA:213,0
DA:223,0
DA:224,0
DA:225,0
DA:226,0
DA:233,0
DA:234,0
DA:235,0
DA:237,0
DA:240,0
LF:73
LH:0
BRDA:8,0,0,0
BRDA:8,0,1,0
BRDA:9,1,0,0
BRDA:9,1,1,0
BRDA:39,2,0,0
BRDA:40,3,0,0
BRDA:40,4,0,0
BRDA:40,4,1,0
BRDA:58,5,0,0
BRDA:69,6,0,0
BRDA:69,7,0,0
BRDA:69,7,1,0
BRDA:77,8,0,0
BRDA:91,9,0,0
BRDA:91,9,1,0
BRDA:108,10,0,0
BRDA:108,10,1,0
BRDA:120,11,0,0
BRDA:125,12,0,0
BRDA:125,12,1,0
BRDA:175,13,0,0
BRDA:175,14,0,0
BRDA:175,14,1,0
BRDA:175,14,2,0
BRDA:180,15,0,0
BRDA:192,16,0,0
BRDA:192,16,1,0
BRDA:199,17,0,0
BRDA:225,18,0,0
BRDA:225,18,1,0
BRDA:225,19,0,0
BRDA:225,19,1,0
BRDA:234,20,0,0
BRDA:234,20,1,0
BRDA:243,21,0,0
BRDA:243,21,1,0
BRF:36
BRH:0
end_of_record
TN:
SF:lib\system-logger.ts
FN:15,(anonymous_1)
FN:36,(anonymous_2)
FN:40,(anonymous_3)
FN:44,(anonymous_4)
FN:48,(anonymous_5)
FN:52,(anonymous_6)
FNF:6
FNH:0
FNDA:0,(anonymous_1)
FNDA:0,(anonymous_2)
FNDA:0,(anonymous_3)
FNDA:0,(anonymous_4)
FNDA:0,(anonymous_5)
FNDA:0,(anonymous_6)
DA:12,0
DA:16,0
DA:28,0
DA:29,0
DA:33,0
DA:37,0
DA:41,0
DA:45,0
DA:49,0
DA:53,0
DA:58,0
DA:61,0
DA:62,0
LF:13
LH:0
BRDA:28,0,0,0
BRDA:33,1,0,0
BRDA:33,1,1,0
BRDA:36,2,0,0
BRF:4
BRH:0
end_of_record
TN:
SF:lib\utils.ts
FN:4,cn
FN:13,getProxiedAvatarUrl
FNF:2
FNH:0
FNDA:0,cn
FNDA:0,getProxiedAvatarUrl
DA:1,0
DA:2,0
DA:4,0
DA:5,0
DA:13,0
DA:14,0
DA:15,0
DA:19,0
DA:21,0
DA:22,0
DA:26,0
LF:11
LH:0
BRDA:14,0,0,0
BRDA:19,1,0,0
BRDA:21,2,0,0
BRDA:21,2,1,0
BRF:4
BRH:0
end_of_record
TN:
SF:lib\validation.ts
FN:30,(anonymous_32)
FN:31,(anonymous_33)
FN:49,(anonymous_34)
FN:58,(anonymous_35)
FN:81,(anonymous_36)
FN:85,(anonymous_37)
FN:108,(anonymous_38)
FN:133,(anonymous_39)
FN:166,(anonymous_40)
FN:170,(anonymous_41)
FN:174,(anonymous_42)
FN:184,(anonymous_43)
FN:195,(anonymous_44)
FN:226,(anonymous_45)
FN:246,(anonymous_46)
FN:293,(anonymous_47)
FN:296,(anonymous_48)
FN:314,(anonymous_49)
FN:371,(anonymous_50)
FN:398,(anonymous_51)
FN:416,(anonymous_52)
FNF:21
FNH:0
FNDA:0,(anonymous_32)
FNDA:0,(anonymous_33)
FNDA:0,(anonymous_34)
FNDA:0,(anonymous_35)
FNDA:0,(anonymous_36)
FNDA:0,(anonymous_37)
FNDA:0,(anonymous_38)
FNDA:0,(anonymous_39)
FNDA:0,(anonymous_40)
FNDA:0,(anonymous_41)
FNDA:0,(anonymous_42)
FNDA:0,(anonymous_43)
FNDA:0,(anonymous_44)
FNDA:0,(anonymous_45)
FNDA:0,(anonymous_46)
FNDA:0,(anonymous_47)
FNDA:0,(anonymous_48)
FNDA:0,(anonymous_49)
FNDA:0,(anonymous_50)
FNDA:0,(anonymous_51)
FNDA:0,(anonymous_52)
DA:2,0
DA:4,0
DA:7,0
DA:9,0
DA:14,0
DA:19,0
DA:25,0
DA:30,0
DA:31,0
DA:36,0
DA:43,0
DA:49,0
DA:53,0
DA:58,0
DA:63,0
DA:76,0
DA:81,0
DA:85,0
DA:91,0
DA:96,0
DA:102,0
DA:109,0
DA:110,0
DA:112,0
DA:113,0
DA:115,0
DA:122,0
DA:134,0
DA:135,0
DA:137,0
DA:138,0
DA:141,0
DA:144,0
DA:151,0
DA:158,0
DA:166,0
DA:167,0
DA:170,0
DA:171,0
DA:174,0
DA:175,0
DA:176,0
DA:178,0
DA:179,0
DA:181,0
DA:184,0
DA:185,0
DA:186,0
DA:188,0
DA:189,0
DA:191,0
DA:195,0
DA:196,0
DA:199,0
DA:200,0
DA:204,0
DA:205,0
DA:206,0
DA:210,0
DA:211,0
DA:215,0
DA:216,0
DA:219,0
DA:226,0
DA:231,0
DA:232,0
DA:233,0
DA:235,0
DA:236,0
DA:242,0
DA:246,0
DA:254,0
DA:255,0
DA:263,0
DA:264,0
DA:272,0
DA:273,0
DA:275,0
DA:276,0
DA:282,0
DA:283,0
DA:289,0
DA:293,0
DA:294,0
DA:296,0
DA:297,0
DA:298,0
DA:301,0
DA:314,0
DA:318,0
DA:319,0
DA:325,0
DA:326,0
DA:332,0
DA:338,0
DA:354,0
DA:364,0
DA:371,0
DA:380,0
DA:381,0
DA:387,0
DA:388,0
DA:394,0
DA:398,0
DA:404,0
DA:412,0
DA:416,0
DA:420,0
DA:423,0
DA:424,0
DA:427,0
DA:428,0
DA:431,0
DA:432,0
DA:435,0
LF:115
LH:0
BRDA:109,0,0,0
BRDA:109,1,0,0
BRDA:109,1,1,0
BRDA:112,2,0,0
BRDA:112,3,0,0
BRDA:112,3,1,0
BRDA:112,3,2,0
BRDA:134,4,0,0
BRDA:134,5,0,0
BRDA:134,5,1,0
BRDA:137,6,0,0
BRDA:137,7,0,0
BRDA:137,7,1,0
BRDA:137,7,2,0
BRDA:141,8,0,0
BRDA:141,9,0,0
BRDA:141,9,1,0
BRDA:166,10,0,0
BRDA:175,11,0,0
BRDA:178,12,0,0
BRDA:185,13,0,0
BRDA:188,14,0,0
BRDA:199,15,0,0
BRDA:205,16,0,0
BRDA:210,17,0,0
BRDA:215,18,0,0
BRDA:229,19,0,0
BRDA:232,20,0,0
BRDA:232,20,1,0
BRDA:235,21,0,0
BRDA:249,22,0,0
BRDA:250,23,0,0
BRDA:254,24,0,0
BRDA:263,25,0,0
BRDA:275,26,0,0
BRDA:275,27,0,0
BRDA:275,27,1,0
BRDA:282,28,0,0
BRDA:282,29,0,0
BRDA:282,29,1,0
BRDA:318,30,0,0
BRDA:318,31,0,0
BRDA:318,31,1,0
BRDA:325,32,0,0
BRDA:325,33,0,0
BRDA:325,33,1,0
BRDA:380,34,0,0
BRDA:380,35,0,0
BRDA:380,35,1,0
BRDA:387,36,0,0
BRDA:387,37,0,0
BRDA:387,37,1,0
BRDA:423,38,0,0
BRDA:423,39,0,0
BRDA:423,39,1,0
BRDA:427,40,0,0
BRDA:431,41,0,0
BRF:57
BRH:0
end_of_record
TN:
SF:lib\db\index.ts
FN:10,createDbConnection
FN:12,(anonymous_8)
FN:27,testDatabaseConnection
FNF:3
FNH:0
FNDA:0,createDbConnection
FNDA:0,(anonymous_8)
FNDA:0,testDatabaseConnection
DA:5,0
DA:6,0
DA:10,0
DA:11,0
DA:12,0
DA:13,0
DA:15,0
DA:16,0
DA:21,0
DA:27,0
DA:28,0
DA:30,0
DA:32,0
DA:33,0
DA:39,0
DA:40,0
DA:47,0
DA:48,0
DA:49,0
DA:50,0
DA:55,0
DA:62,0
DA:63,0
LF:23
LH:0
BRDA:5,0,0,0
BRDA:32,1,0,0
BRDA:39,2,0,0
BRDA:57,3,0,0
BRDA:57,3,1,0
BRDA:65,4,0,0
BRDA:65,4,1,0
BRF:7
BRH:0
end_of_record
TN:
SF:lib\db\schema.ts
FN:29,(anonymous_17)
FN:33,(anonymous_18)
FN:54,(anonymous_19)
FN:66,(anonymous_20)
FN:78,(anonymous_21)
FN:79,(anonymous_22)
FN:90,(anonymous_23)
FN:102,(anonymous_24)
FN:103,(anonymous_25)
FN:104,(anonymous_26)
FN:112,(anonymous_27)
FN:115,(anonymous_28)
FN:127,(anonymous_29)
FN:128,(anonymous_30)
FN:135,(anonymous_31)
FN:147,(anonymous_32)
FN:150,(anonymous_33)
FN:151,(anonymous_34)
FN:154,(anonymous_35)
FN:164,(anonymous_36)
FN:172,(anonymous_37)
FN:183,(anonymous_38)
FN:187,(anonymous_39)
FN:191,(anonymous_40)
FN:203,(anonymous_41)
FN:204,(anonymous_42)
FN:205,(anonymous_43)
FN:207,(anonymous_44)
FN:217,(anonymous_45)
FN:219,(anonymous_46)
FN:220,(anonymous_47)
FN:225,(anonymous_48)
FN:236,(anonymous_49)
FN:237,(anonymous_50)
FN:250,(anonymous_51)
FN:259,(anonymous_52)
FN:269,(anonymous_53)
FN:280,(anonymous_54)
FN:293,(anonymous_55)
FN:312,(anonymous_56)
FNF:40
FNH:0
FNDA:0,(anonymous_17)
FNDA:0,(anonymous_18)
FNDA:0,(anonymous_19)
FNDA:0,(anonymous_20)
FNDA:0,(anonymous_21)
FNDA:0,(anonymous_22)
FNDA:0,(anonymous_23)
FNDA:0,(anonymous_24)
FNDA:0,(anonymous_25)
FNDA:0,(anonymous_26)
FNDA:0,(anonymous_27)
FNDA:0,(anonymous_28)
FNDA:0,(anonymous_29)
FNDA:0,(anonymous_30)
FNDA:0,(anonymous_31)
FNDA:0,(anonymous_32)
FNDA:0,(anonymous_33)
FNDA:0,(anonymous_34)
FNDA:0,(anonymous_35)
FNDA:0,(anonymous_36)
FNDA:0,(anonymous_37)
FNDA:0,(anonymous_38)
FNDA:0,(anonymous_39)
FNDA:0,(anonymous_40)
FNDA:0,(anonymous_41)
FNDA:0,(anonymous_42)
FNDA:0,(anonymous_43)
FNDA:0,(anonymous_44)
FNDA:0,(anonymous_45)
FNDA:0,(anonymous_46)
FNDA:0,(anonymous_47)
FNDA:0,(anonymous_48)
FNDA:0,(anonymous_49)
FNDA:0,(anonymous_50)
FNDA:0,(anonymous_51)
FNDA:0,(anonymous_52)
FNDA:0,(anonymous_53)
FNDA:0,(anonymous_54)
FNDA:0,(anonymous_55)
FNDA:0,(anonymous_56)
DA:2,0
DA:3,0
DA:8,0
DA:29,0
DA:33,0
DA:44,0
DA:54,0
DA:66,0
DA:76,0
DA:78,0
DA:79,0
DA:90,0
DA:100,0
DA:102,0
DA:103,0
DA:104,0
DA:112,0
DA:115,0
DA:125,0
DA:127,0
DA:128,0
DA:135,0
DA:145,0
DA:147,0
DA:150,0
DA:151,0
DA:154,0
DA:162,0
DA:164,0
DA:172,0
DA:181,0
DA:183,0
DA:187,0
DA:191,0
DA:199,0
DA:203,0
DA:204,0
DA:205,0
DA:207,0
DA:215,0
DA:217,0
DA:219,0
DA:220,0
DA:225,0
DA:234,0
DA:236,0
DA:237,0
DA:250,0
DA:259,0
DA:269,0
DA:280,0
DA:293,0
DA:312,0
LF:53
LH:0
BRF:0
BRH:0
end_of_record
